-- The CXX compiler identification is GNU 10.2.1
-- The C compiler identification is GNU 10.2.1
-- Detecting CXX compiler ABI info
-- Detecting CXX compiler ABI info - done
-- Check for working CXX compiler: /usr/bin/c++ - skipped
-- Detecting CXX compile features
-- Detecting CXX compile features - done
-- Detecting C compiler ABI info
-- Detecting C compiler ABI info - done
-- Check for working C compiler: /usr/bin/cc - skipped
-- Detecting C compile features
-- Detecting C compile features - done
-- Looking for pthread.h
-- Looking for pthread.h - found
-- Performing Test CMAKE_HAVE_LIBC_PTHREAD
-- Performing Test CMAKE_HAVE_LIBC_PTHREAD - Failed
-- Looking for pthread_create in pthreads
-- Looking for pthread_create in pthreads - not found
-- Looking for pthread_create in pthread
-- Looking for pthread_create in pthread - found
-- Found Threads: TRUE  
-- Configuring done
-- Generating done
-- Build files have been written to: /home/jube/Univ/theorie_des_langages/projet/corr/2022/sandbox/build
Scanning dependencies of target testfa
[ 25%] Building CXX object CMakeFiles/testfa.dir/Automaton.cc.o
[ 50%] Building CXX object CMakeFiles/testfa.dir/testfa.cc.o
[ 75%] Building CXX object CMakeFiles/testfa.dir/googletest/googletest/src/gtest-all.cc.o
[100%] Linking CXX executable testfa
[100%] Built target testfa
==267232== Memcheck, a memory error detector
==267232== Copyright (C) 2002-2017, and GNU GPL'd, by Julian Seward et al.
==267232== Using Valgrind-3.16.1 and LibVEX; rerun with -h for copyright info
==267232== Command: ./testfa
==267232== 
[==========] Running 169 tests from 29 test suites.
[----------] Global test environment set-up.
[----------] 6 tests from AutomatonIsValidTest
[ RUN      ] AutomatonIsValidTest.Default
[       OK ] AutomatonIsValidTest.Default (3 ms)
[ RUN      ] AutomatonIsValidTest.NoState1
[       OK ] AutomatonIsValidTest.NoState1 (1 ms)
[ RUN      ] AutomatonIsValidTest.NoState2
[       OK ] AutomatonIsValidTest.NoState2 (1 ms)
[ RUN      ] AutomatonIsValidTest.NoSymbol1
[       OK ] AutomatonIsValidTest.NoSymbol1 (0 ms)
[ RUN      ] AutomatonIsValidTest.NoSymbol2
[       OK ] AutomatonIsValidTest.NoSymbol2 (1 ms)
[ RUN      ] AutomatonIsValidTest.Valid
[       OK ] AutomatonIsValidTest.Valid (0 ms)
[----------] 6 tests from AutomatonIsValidTest (12 ms total)

[----------] 5 tests from AutomatonAddSymbolTest
[ RUN      ] AutomatonAddSymbolTest.OneSymbol
[       OK ] AutomatonAddSymbolTest.OneSymbol (1 ms)
[ RUN      ] AutomatonAddSymbolTest.TwoSymbols
[       OK ] AutomatonAddSymbolTest.TwoSymbols (1 ms)
[ RUN      ] AutomatonAddSymbolTest.TwoIdenticalSymbols
[       OK ] AutomatonAddSymbolTest.TwoIdenticalSymbols (1 ms)
[ RUN      ] AutomatonAddSymbolTest.Epsilon
[       OK ] AutomatonAddSymbolTest.Epsilon (0 ms)
[ RUN      ] AutomatonAddSymbolTest.IsGraph
[       OK ] AutomatonAddSymbolTest.IsGraph (2 ms)
[----------] 5 tests from AutomatonAddSymbolTest (8 ms total)

[----------] 4 tests from AutomatonRemoveSymbolTest
[ RUN      ] AutomatonRemoveSymbolTest.OneSymbol
[       OK ] AutomatonRemoveSymbolTest.OneSymbol (1 ms)
[ RUN      ] AutomatonRemoveSymbolTest.NoSymbol
[       OK ] AutomatonRemoveSymbolTest.NoSymbol (1 ms)
[ RUN      ] AutomatonRemoveSymbolTest.UnknownSymbol
[       OK ] AutomatonRemoveSymbolTest.UnknownSymbol (1 ms)
[ RUN      ] AutomatonRemoveSymbolTest.SymbolInTransitionGendreau
[       OK ] AutomatonRemoveSymbolTest.SymbolInTransitionGendreau (2 ms)
[----------] 4 tests from AutomatonRemoveSymbolTest (6 ms total)

[----------] 6 tests from AutomatonAddStateTest
[ RUN      ] AutomatonAddStateTest.OneState
[       OK ] AutomatonAddStateTest.OneState (1 ms)
[ RUN      ] AutomatonAddStateTest.TwoStates
[       OK ] AutomatonAddStateTest.TwoStates (1 ms)
[ RUN      ] AutomatonAddStateTest.TwoIdenticalStates
[       OK ] AutomatonAddStateTest.TwoIdenticalStates (1 ms)
[ RUN      ] AutomatonAddStateTest.NegativeStateVillemin
[       OK ] AutomatonAddStateTest.NegativeStateVillemin (0 ms)
[ RUN      ] AutomatonAddStateTest.MaxState
[       OK ] AutomatonAddStateTest.MaxState (1 ms)
[ RUN      ] AutomatonAddStateTest.KeepState
[       OK ] AutomatonAddStateTest.KeepState (2 ms)
[----------] 6 tests from AutomatonAddStateTest (9 ms total)

[----------] 4 tests from AutomatonSetStateInitialTest
[ RUN      ] AutomatonSetStateInitialTest.OneInitialState
[       OK ] AutomatonSetStateInitialTest.OneInitialState (0 ms)
[ RUN      ] AutomatonSetStateInitialTest.TwoInitialStates
[       OK ] AutomatonSetStateInitialTest.TwoInitialStates (1 ms)
[ RUN      ] AutomatonSetStateInitialTest.UnknwonState
[       OK ] AutomatonSetStateInitialTest.UnknwonState (1 ms)
[ RUN      ] AutomatonSetStateInitialTest.ReadEmptyString
[       OK ] AutomatonSetStateInitialTest.ReadEmptyString (3 ms)
[----------] 4 tests from AutomatonSetStateInitialTest (7 ms total)

[----------] 3 tests from AutomatonSetStateFinalTest
[ RUN      ] AutomatonSetStateFinalTest.OneFinalState
[       OK ] AutomatonSetStateFinalTest.OneFinalState (0 ms)
[ RUN      ] AutomatonSetStateFinalTest.TwoFinalStates
[       OK ] AutomatonSetStateFinalTest.TwoFinalStates (1 ms)
[ RUN      ] AutomatonSetStateFinalTest.UnknownState
[       OK ] AutomatonSetStateFinalTest.UnknownState (1 ms)
[----------] 3 tests from AutomatonSetStateFinalTest (3 ms total)

[----------] 10 tests from AutomatonAddTransitionTest
[ RUN      ] AutomatonAddTransitionTest.OneTransition
[       OK ] AutomatonAddTransitionTest.OneTransition (1 ms)
[ RUN      ] AutomatonAddTransitionTest.SameOriginAndLetter
[       OK ] AutomatonAddTransitionTest.SameOriginAndLetter (1 ms)
[ RUN      ] AutomatonAddTransitionTest.SameOriginAndDestination
[       OK ] AutomatonAddTransitionTest.SameOriginAndDestination (1 ms)
[ RUN      ] AutomatonAddTransitionTest.SameLetterAndDestination
[       OK ] AutomatonAddTransitionTest.SameLetterAndDestination (1 ms)
[ RUN      ] AutomatonAddTransitionTest.TwoIdenticalTransitions
[       OK ] AutomatonAddTransitionTest.TwoIdenticalTransitions (1 ms)
[ RUN      ] AutomatonAddTransitionTest.UnknownOrigin
[       OK ] AutomatonAddTransitionTest.UnknownOrigin (1 ms)
[ RUN      ] AutomatonAddTransitionTest.UnknownTarget
[       OK ] AutomatonAddTransitionTest.UnknownTarget (1 ms)
[ RUN      ] AutomatonAddTransitionTest.UnknownSymbol
[       OK ] AutomatonAddTransitionTest.UnknownSymbol (1 ms)
[ RUN      ] AutomatonAddTransitionTest.EpsilonEcoffet
[       OK ] AutomatonAddTransitionTest.EpsilonEcoffet (1 ms)
[ RUN      ] AutomatonAddTransitionTest.EpsilonLeonard
[       OK ] AutomatonAddTransitionTest.EpsilonLeonard (1 ms)
[----------] 10 tests from AutomatonAddTransitionTest (16 ms total)

[----------] 6 tests from AutomatonRemoveStateTest
[ RUN      ] AutomatonRemoveStateTest.OneState
[       OK ] AutomatonRemoveStateTest.OneState (1 ms)
[ RUN      ] AutomatonRemoveStateTest.UnknownState
[       OK ] AutomatonRemoveStateTest.UnknownState (0 ms)
[ RUN      ] AutomatonRemoveStateTest.AllStates
[       OK ] AutomatonRemoveStateTest.AllStates (2 ms)
[ RUN      ] AutomatonRemoveStateTest.OriginInTransition
[       OK ] AutomatonRemoveStateTest.OriginInTransition (2 ms)
[ RUN      ] AutomatonRemoveStateTest.DestinationInTransition
[       OK ] AutomatonRemoveStateTest.DestinationInTransition (1 ms)
[ RUN      ] AutomatonRemoveStateTest.OriginAndDestinationInTransitionConstant
[       OK ] AutomatonRemoveStateTest.OriginAndDestinationInTransitionConstant (1 ms)
[----------] 6 tests from AutomatonRemoveStateTest (10 ms total)

[----------] 4 tests from AutomatonRemoveTransitionTest
[ RUN      ] AutomatonRemoveTransitionTest.OneTransition
[       OK ] AutomatonRemoveTransitionTest.OneTransition (2 ms)
[ RUN      ] AutomatonRemoveTransitionTest.UnknownOrigin
[       OK ] AutomatonRemoveTransitionTest.UnknownOrigin (1 ms)
[ RUN      ] AutomatonRemoveTransitionTest.UnknownTarget
[       OK ] AutomatonRemoveTransitionTest.UnknownTarget (1 ms)
[ RUN      ] AutomatonRemoveTransitionTest.UnknownLetter
[       OK ] AutomatonRemoveTransitionTest.UnknownLetter (1 ms)
[----------] 4 tests from AutomatonRemoveTransitionTest (7 ms total)

[----------] 1 test from AutomatonPrettyPrint
[ RUN      ] AutomatonPrettyPrint.Tramaux
Initial states: 
	0 1 
Final states: 
	1 4 
Transitions: 
	
	 For state 0: 
		For letter a: 1 2 3 
		For letter b: 
	 For state 1: 
		For letter a: 
		For letter b: 3 
	 For state 2: 
		For letter a: 3 
		For letter b: 4 
	 For state 3: 
		For letter a: 3 
		For letter b: 4 
	 For state 4: 
		For letter a: 4 
		For letter b: 
[       OK ] AutomatonPrettyPrint.Tramaux (3 ms)
[----------] 1 test from AutomatonPrettyPrint (3 ms total)

[----------] 4 tests from AutomatonHasEpsilonTransitionTest
[ RUN      ] AutomatonHasEpsilonTransitionTest.WithoutEpsilon
[       OK ] AutomatonHasEpsilonTransitionTest.WithoutEpsilon (1 ms)
[ RUN      ] AutomatonHasEpsilonTransitionTest.WithEpsilon
[       OK ] AutomatonHasEpsilonTransitionTest.WithEpsilon (1 ms)
[ RUN      ] AutomatonHasEpsilonTransitionTest.Twice
[       OK ] AutomatonHasEpsilonTransitionTest.Twice (1 ms)
[ RUN      ] AutomatonHasEpsilonTransitionTest.AddAndRemove
[       OK ] AutomatonHasEpsilonTransitionTest.AddAndRemove (1 ms)
[----------] 4 tests from AutomatonHasEpsilonTransitionTest (5 ms total)

[----------] 11 tests from AutomatonIsDeterministicTest
[ RUN      ] AutomatonIsDeterministicTest.Good
[       OK ] AutomatonIsDeterministicTest.Good (2 ms)
[ RUN      ] AutomatonIsDeterministicTest.GoodChahat
[       OK ] AutomatonIsDeterministicTest.GoodChahat (3 ms)
[ RUN      ] AutomatonIsDeterministicTest.GoodVillemin
[       OK ] AutomatonIsDeterministicTest.GoodVillemin (1 ms)
[ RUN      ] AutomatonIsDeterministicTest.TwoTransitions
[       OK ] AutomatonIsDeterministicTest.TwoTransitions (1 ms)
[ RUN      ] AutomatonIsDeterministicTest.NotComplete
[       OK ] AutomatonIsDeterministicTest.NotComplete (1 ms)
[ RUN      ] AutomatonIsDeterministicTest.TwoInitialStates
[       OK ] AutomatonIsDeterministicTest.TwoInitialStates (1 ms)
[ RUN      ] AutomatonIsDeterministicTest.ZeroInitialState
[       OK ] AutomatonIsDeterministicTest.ZeroInitialState (1 ms)
[ RUN      ] AutomatonIsDeterministicTest.NoFinalState
[       OK ] AutomatonIsDeterministicTest.NoFinalState (1 ms)
[ RUN      ] AutomatonIsDeterministicTest.Demougin1
[       OK ] AutomatonIsDeterministicTest.Demougin1 (1 ms)
[ RUN      ] AutomatonIsDeterministicTest.NoTransitionMaxel
[       OK ] AutomatonIsDeterministicTest.NoTransitionMaxel (0 ms)
[ RUN      ] AutomatonIsDeterministicTest.ThreeTransitionsGasca
[       OK ] AutomatonIsDeterministicTest.ThreeTransitionsGasca (1 ms)
[----------] 11 tests from AutomatonIsDeterministicTest (16 ms total)

[----------] 6 tests from AutomatonIsCompleteTest
[ RUN      ] AutomatonIsCompleteTest.Good
[       OK ] AutomatonIsCompleteTest.Good (1 ms)
[ RUN      ] AutomatonIsCompleteTest.TwoTransitions
[       OK ] AutomatonIsCompleteTest.TwoTransitions (1 ms)
[ RUN      ] AutomatonIsCompleteTest.ZeroTransition
[       OK ] AutomatonIsCompleteTest.ZeroTransition (1 ms)
[ RUN      ] AutomatonIsCompleteTest.AddedRemovedTransition
[       OK ] AutomatonIsCompleteTest.AddedRemovedTransition (1 ms)
[ RUN      ] AutomatonIsCompleteTest.Villemin
[       OK ] AutomatonIsCompleteTest.Villemin (1 ms)
[ RUN      ] AutomatonIsCompleteTest.Demougin1
[       OK ] AutomatonIsCompleteTest.Demougin1 (3 ms)
[----------] 6 tests from AutomatonIsCompleteTest (10 ms total)

[----------] 6 tests from AutomatonCreateCompleteTest
[ RUN      ] AutomatonCreateCompleteTest.MissingState
[       OK ] AutomatonCreateCompleteTest.MissingState (69 ms)
[ RUN      ] AutomatonCreateCompleteTest.AlreadyComplete
[       OK ] AutomatonCreateCompleteTest.AlreadyComplete (67 ms)
[ RUN      ] AutomatonCreateCompleteTest.Dillon1
[       OK ] AutomatonCreateCompleteTest.Dillon1 (2 ms)
[ RUN      ] AutomatonCreateCompleteTest.Flecy
[       OK ] AutomatonCreateCompleteTest.Flecy (41 ms)
[ RUN      ] AutomatonCreateCompleteTest.Max
[       OK ] AutomatonCreateCompleteTest.Max (119 ms)
[ RUN      ] AutomatonCreateCompleteTest.Garbage
[       OK ] AutomatonCreateCompleteTest.Garbage (55 ms)
[----------] 6 tests from AutomatonCreateCompleteTest (356 ms total)

[----------] 9 tests from AutomatonCreateComplementTest
[ RUN      ] AutomatonCreateComplementTest.Simple
[       OK ] AutomatonCreateComplementTest.Simple (72 ms)
[ RUN      ] AutomatonCreateComplementTest.NonDeterministic
[       OK ] AutomatonCreateComplementTest.NonDeterministic (100 ms)
[ RUN      ] AutomatonCreateComplementTest.UselessState
[       OK ] AutomatonCreateComplementTest.UselessState (94 ms)
[ RUN      ] AutomatonCreateComplementTest.NonCompleteFlecy
[       OK ] AutomatonCreateComplementTest.NonCompleteFlecy (41 ms)
[ RUN      ] AutomatonCreateComplementTest.NonDeterministicMomi
[       OK ] AutomatonCreateComplementTest.NonDeterministicMomi (92 ms)
[ RUN      ] AutomatonCreateComplementTest.NonCompleteMomi
[       OK ] AutomatonCreateComplementTest.NonCompleteMomi (41 ms)
[ RUN      ] AutomatonCreateComplementTest.EmptyLeonard
[       OK ] AutomatonCreateComplementTest.EmptyLeonard (76 ms)
[ RUN      ] AutomatonCreateComplementTest.EmptyGasca
[       OK ] AutomatonCreateComplementTest.EmptyGasca (69 ms)
[ RUN      ] AutomatonCreateComplementTest.Full
[       OK ] AutomatonCreateComplementTest.Full (98 ms)
[----------] 9 tests from AutomatonCreateComplementTest (689 ms total)

[----------] 4 tests from AutomatonMirror
[ RUN      ] AutomatonMirror.Empty
[       OK ] AutomatonMirror.Empty (7 ms)
[ RUN      ] AutomatonMirror.UnitBerthod
[       OK ] AutomatonMirror.UnitBerthod (10 ms)
[ RUN      ] AutomatonMirror.Simple
[       OK ] AutomatonMirror.Simple (65 ms)
[ RUN      ] AutomatonMirror.InitialFinalState
[       OK ] AutomatonMirror.InitialFinalState (68 ms)
[----------] 4 tests from AutomatonMirror (152 ms total)

[----------] 5 tests from AutomatonIsEmptyTest
[ RUN      ] AutomatonIsEmptyTest.NotEmpty
[       OK ] AutomatonIsEmptyTest.NotEmpty (2 ms)
[ RUN      ] AutomatonIsEmptyTest.Empty
[       OK ] AutomatonIsEmptyTest.Empty (1 ms)
[ RUN      ] AutomatonIsEmptyTest.UnitLanguage
[       OK ] AutomatonIsEmptyTest.UnitLanguage (1 ms)
[ RUN      ] AutomatonIsEmptyTest.TwoPartsGuillemot
[       OK ] AutomatonIsEmptyTest.TwoPartsGuillemot (1 ms)
[ RUN      ] AutomatonIsEmptyTest.NoEarlyReturnNegar
[       OK ] AutomatonIsEmptyTest.NoEarlyReturnNegar (1 ms)
[----------] 5 tests from AutomatonIsEmptyTest (7 ms total)

[----------] 6 tests from AutomatonRemoveNonAccessibleStatesTest
[ RUN      ] AutomatonRemoveNonAccessibleStatesTest.Present
[       OK ] AutomatonRemoveNonAccessibleStatesTest.Present (3 ms)
[ RUN      ] AutomatonRemoveNonAccessibleStatesTest.NotPresent
[       OK ] AutomatonRemoveNonAccessibleStatesTest.NotPresent (1 ms)
[ RUN      ] AutomatonRemoveNonAccessibleStatesTest.NoInitialState
[       OK ] AutomatonRemoveNonAccessibleStatesTest.NoInitialState (8 ms)
[ RUN      ] AutomatonRemoveNonAccessibleStatesTest.Demougin1
[       OK ] AutomatonRemoveNonAccessibleStatesTest.Demougin1 (3 ms)
[ RUN      ] AutomatonRemoveNonAccessibleStatesTest.Demougin2
[       OK ] AutomatonRemoveNonAccessibleStatesTest.Demougin2 (1 ms)
[ RUN      ] AutomatonRemoveNonAccessibleStatesTest.NoFinalState
[       OK ] AutomatonRemoveNonAccessibleStatesTest.NoFinalState (11 ms)
[----------] 6 tests from AutomatonRemoveNonAccessibleStatesTest (30 ms total)

[----------] 6 tests from AutomatonRemoveNonCoAccessibleStatesTest
[ RUN      ] AutomatonRemoveNonCoAccessibleStatesTest.Present
[       OK ] AutomatonRemoveNonCoAccessibleStatesTest.Present (3 ms)
[ RUN      ] AutomatonRemoveNonCoAccessibleStatesTest.NotPresent
[       OK ] AutomatonRemoveNonCoAccessibleStatesTest.NotPresent (1 ms)
[ RUN      ] AutomatonRemoveNonCoAccessibleStatesTest.NoFinalState
[       OK ] AutomatonRemoveNonCoAccessibleStatesTest.NoFinalState (7 ms)
[ RUN      ] AutomatonRemoveNonCoAccessibleStatesTest.Maillard
[       OK ] AutomatonRemoveNonCoAccessibleStatesTest.Maillard (2 ms)
[ RUN      ] AutomatonRemoveNonCoAccessibleStatesTest.Demougin1
[       OK ] AutomatonRemoveNonCoAccessibleStatesTest.Demougin1 (3 ms)
[ RUN      ] AutomatonRemoveNonCoAccessibleStatesTest.NoInitialState
[       OK ] AutomatonRemoveNonCoAccessibleStatesTest.NoInitialState (5 ms)
[----------] 6 tests from AutomatonRemoveNonCoAccessibleStatesTest (24 ms total)

[----------] 7 tests from AutomatonCreateProductTest
[ RUN      ] AutomatonCreateProductTest.Different
[       OK ] AutomatonCreateProductTest.Different (96 ms)
[ RUN      ] AutomatonCreateProductTest.Same
[       OK ] AutomatonCreateProductTest.Same (57 ms)
[ RUN      ] AutomatonCreateProductTest.WithEmpty
[       OK ] AutomatonCreateProductTest.WithEmpty (2 ms)
[ RUN      ] AutomatonCreateProductTest.ManyInitialStates
[       OK ] AutomatonCreateProductTest.ManyInitialStates (118 ms)
[ RUN      ] AutomatonCreateProductTest.NonDeterministic
[       OK ] AutomatonCreateProductTest.NonDeterministic (174 ms)
[ RUN      ] AutomatonCreateProductTest.Demougin2
[       OK ] AutomatonCreateProductTest.Demougin2 (18 ms)
[ RUN      ] AutomatonCreateProductTest.DifferentSymbolsPoguet
[       OK ] AutomatonCreateProductTest.DifferentSymbolsPoguet (2 ms)
[----------] 7 tests from AutomatonCreateProductTest (470 ms total)

[----------] 2 tests from AutomatonHasEmptyIntersectionWithTest
[ RUN      ] AutomatonHasEmptyIntersectionWithTest.NotEmpty
[       OK ] AutomatonHasEmptyIntersectionWithTest.NotEmpty (2 ms)
[ RUN      ] AutomatonHasEmptyIntersectionWithTest.Empty
[       OK ] AutomatonHasEmptyIntersectionWithTest.Empty (2 ms)
[----------] 2 tests from AutomatonHasEmptyIntersectionWithTest (5 ms total)

[----------] 5 tests from AutomatonReadStringTest
[ RUN      ] AutomatonReadStringTest.Simple
[       OK ] AutomatonReadStringTest.Simple (7 ms)
[ RUN      ] AutomatonReadStringTest.ManyInitialStates
[       OK ] AutomatonReadStringTest.ManyInitialStates (3 ms)
[ RUN      ] AutomatonReadStringTest.Demougin2
[       OK ] AutomatonReadStringTest.Demougin2 (1 ms)
[ RUN      ] AutomatonReadStringTest.UnknownSymbol
[       OK ] AutomatonReadStringTest.UnknownSymbol (2 ms)
[ RUN      ] AutomatonReadStringTest.InvalidStringMaxel
[       OK ] AutomatonReadStringTest.InvalidStringMaxel (2 ms)
[----------] 5 tests from AutomatonReadStringTest (17 ms total)

[----------] 3 tests from AutomatonMatchTest
[ RUN      ] AutomatonMatchTest.Simple
[       OK ] AutomatonMatchTest.Simple (2 ms)
[ RUN      ] AutomatonMatchTest.ManyInitialStates
[       OK ] AutomatonMatchTest.ManyInitialStates (2 ms)
[ RUN      ] AutomatonMatchTest.ExponentialGuillemot
[       OK ] AutomatonMatchTest.ExponentialGuillemot (3 ms)
[----------] 3 tests from AutomatonMatchTest (8 ms total)

[----------] 8 tests from AutomatonCreateDeterministicTest
[ RUN      ] AutomatonCreateDeterministicTest.MultipleTransitions
[       OK ] AutomatonCreateDeterministicTest.MultipleTransitions (82 ms)
[ RUN      ] AutomatonCreateDeterministicTest.TwoInitialStates
[       OK ] AutomatonCreateDeterministicTest.TwoInitialStates (71 ms)
[ RUN      ] AutomatonCreateDeterministicTest.Exponential
[       OK ] AutomatonCreateDeterministicTest.Exponential (163 ms)
[ RUN      ] AutomatonCreateDeterministicTest.AlreadyDeterministic
[       OK ] AutomatonCreateDeterministicTest.AlreadyDeterministic (67 ms)
[ RUN      ] AutomatonCreateDeterministicTest.Empty
[       OK ] AutomatonCreateDeterministicTest.Empty (7 ms)
[ RUN      ] AutomatonCreateDeterministicTest.NoInitialState
[       OK ] AutomatonCreateDeterministicTest.NoInitialState (9 ms)
[ RUN      ] AutomatonCreateDeterministicTest.NoFinalState
[       OK ] AutomatonCreateDeterministicTest.NoFinalState (118 ms)
[ RUN      ] AutomatonCreateDeterministicTest.InitialFinalJeandenansLionnet
[       OK ] AutomatonCreateDeterministicTest.InitialFinalJeandenansLionnet (59 ms)
[----------] 8 tests from AutomatonCreateDeterministicTest (581 ms total)

[----------] 8 tests from AutomatonIsIncludedInTest
[ RUN      ] AutomatonIsIncludedInTest.Same
[       OK ] AutomatonIsIncludedInTest.Same (2 ms)
[ RUN      ] AutomatonIsIncludedInTest.False
[       OK ] AutomatonIsIncludedInTest.False (2 ms)
[ RUN      ] AutomatonIsIncludedInTest.True
[       OK ] AutomatonIsIncludedInTest.True (2 ms)
[ RUN      ] AutomatonIsIncludedInTest.DifferentSymbolsSmolinski
[       OK ] AutomatonIsIncludedInTest.DifferentSymbolsSmolinski (2 ms)
[ RUN      ] AutomatonIsIncludedInTest.Royer
[       OK ] AutomatonIsIncludedInTest.Royer (3 ms)
[ RUN      ] AutomatonIsIncludedInTest.DifferentSymbolsLionnet
[       OK ] AutomatonIsIncludedInTest.DifferentSymbolsLionnet (2 ms)
[ RUN      ] AutomatonIsIncludedInTest.EmptyInEmpty
[       OK ] AutomatonIsIncludedInTest.EmptyInEmpty (2 ms)
[ RUN      ] AutomatonIsIncludedInTest.MagicGasca
[       OK ] AutomatonIsIncludedInTest.MagicGasca (2 ms)
[----------] 8 tests from AutomatonIsIncludedInTest (20 ms total)

[----------] 12 tests from AutomatonCreateMinimalMooreTest
[ RUN      ] AutomatonCreateMinimalMooreTest.AlreadyMinimal1
==267232== Conditional jump or move depends on uninitialised value(s)
==267232==    at 0x13D42E: fa::Automaton::createMinimalMoore(fa::Automaton const&) (Automaton.cc:951)
==267232==    by 0x1765C6: void (anonymous namespace)::testCreateMinimal_AlreadyMinimal1<fa::Automaton (*)(fa::Automaton const&)>(fa::Automaton (*)(fa::Automaton const&)) (testfa.cc:4132)
==267232==    by 0x1B622E: HandleSehExceptionsInMethodIfSupported<testing::Test, void> (gtest.cc:2631)
==267232==    by 0x1B622E: void testing::internal::HandleExceptionsInMethodIfSupported<testing::Test, void>(testing::Test*, void (testing::Test::*)(), char const*) (gtest.cc:2667)
==267232==    by 0x1AA9B5: testing::Test::Run() [clone .part.0] (gtest.cc:2706)
==267232==    by 0x1AABF1: Run (gtest.cc:2697)
==267232==    by 0x1AABF1: testing::TestInfo::Run() [clone .part.0] (gtest.cc:2885)
==267232==    by 0x1AB299: Run (gtest.cc:2858)
==267232==    by 0x1AB299: testing::TestSuite::Run() [clone .part.0] (gtest.cc:3039)
==267232==    by 0x1ABA9B: Run (gtest.cc:3018)
==267232==    by 0x1ABA9B: testing::internal::UnitTestImpl::RunAllTests() (gtest.cc:5897)
==267232==    by 0x1B667E: HandleSehExceptionsInMethodIfSupported<testing::internal::UnitTestImpl, bool> (gtest.cc:2631)
==267232==    by 0x1B667E: bool testing::internal::HandleExceptionsInMethodIfSupported<testing::internal::UnitTestImpl, bool>(testing::internal::UnitTestImpl*, bool (testing::internal::UnitTestImpl::*)(), char const*) (gtest.cc:2667)
==267232==    by 0x1AACFE: testing::UnitTest::Run() (gtest.cc:5464)
==267232==    by 0x12D35E: RUN_ALL_TESTS (gtest.h:2492)
==267232==    by 0x12D35E: main (testfa.cc:4822)
==267232== 
==267232== Conditional jump or move depends on uninitialised value(s)
==267232==    at 0x13D3D8: fa::Automaton::createMinimalMoore(fa::Automaton const&) (Automaton.cc:935)
==267232==    by 0x1765C6: void (anonymous namespace)::testCreateMinimal_AlreadyMinimal1<fa::Automaton (*)(fa::Automaton const&)>(fa::Automaton (*)(fa::Automaton const&)) (testfa.cc:4132)
==267232==    by 0x1B622E: HandleSehExceptionsInMethodIfSupported<testing::Test, void> (gtest.cc:2631)
==267232==    by 0x1B622E: void testing::internal::HandleExceptionsInMethodIfSupported<testing::Test, void>(testing::Test*, void (testing::Test::*)(), char const*) (gtest.cc:2667)
==267232==    by 0x1AA9B5: testing::Test::Run() [clone .part.0] (gtest.cc:2706)
==267232==    by 0x1AABF1: Run (gtest.cc:2697)
==267232==    by 0x1AABF1: testing::TestInfo::Run() [clone .part.0] (gtest.cc:2885)
==267232==    by 0x1AB299: Run (gtest.cc:2858)
==267232==    by 0x1AB299: testing::TestSuite::Run() [clone .part.0] (gtest.cc:3039)
==267232==    by 0x1ABA9B: Run (gtest.cc:3018)
==267232==    by 0x1ABA9B: testing::internal::UnitTestImpl::RunAllTests() (gtest.cc:5897)
==267232==    by 0x1B667E: HandleSehExceptionsInMethodIfSupported<testing::internal::UnitTestImpl, bool> (gtest.cc:2631)
==267232==    by 0x1B667E: bool testing::internal::HandleExceptionsInMethodIfSupported<testing::internal::UnitTestImpl, bool>(testing::internal::UnitTestImpl*, bool (testing::internal::UnitTestImpl::*)(), char const*) (gtest.cc:2667)
==267232==    by 0x1AACFE: testing::UnitTest::Run() (gtest.cc:5464)
==267232==    by 0x12D35E: RUN_ALL_TESTS (gtest.h:2492)
==267232==    by 0x12D35E: main (testfa.cc:4822)
==267232== 
==267232== Conditional jump or move depends on uninitialised value(s)
==267232==    at 0x483EEEE: bcmp (vg_replace_strmem.c:1111)
==267232==    by 0x13D604: __memcmp<int, int> (stl_algobase.h:105)
==267232==    by 0x13D604: equal<int> (stl_algobase.h:1122)
==267232==    by 0x13D604: __equal_aux1<int const*, int const*> (stl_algobase.h:1156)
==267232==    by 0x13D604: __equal_aux<__gnu_cxx::__normal_iterator<int const*, std::vector<int> >, __gnu_cxx::__normal_iterator<int const*, std::vector<int> > > (stl_algobase.h:1164)
==267232==    by 0x13D604: equal<__gnu_cxx::__normal_iterator<int const*, std::vector<int> >, __gnu_cxx::__normal_iterator<int const*, std::vector<int> > > (stl_algobase.h:1414)
==267232==    by 0x13D604: operator==<int, std::allocator<int> > (stl_vector.h:1894)
==267232==    by 0x13D604: fa::Automaton::createMinimalMoore(fa::Automaton const&) (Automaton.cc:935)
==267232==    by 0x1765C6: void (anonymous namespace)::testCreateMinimal_AlreadyMinimal1<fa::Automaton (*)(fa::Automaton const&)>(fa::Automaton (*)(fa::Automaton const&)) (testfa.cc:4132)
==267232==    by 0x1B622E: HandleSehExceptionsInMethodIfSupported<testing::Test, void> (gtest.cc:2631)
==267232==    by 0x1B622E: void testing::internal::HandleExceptionsInMethodIfSupported<testing::Test, void>(testing::Test*, void (testing::Test::*)(), char const*) (gtest.cc:2667)
==267232==    by 0x1AA9B5: testing::Test::Run() [clone .part.0] (gtest.cc:2706)
==267232==    by 0x1AABF1: Run (gtest.cc:2697)
==267232==    by 0x1AABF1: testing::TestInfo::Run() [clone .part.0] (gtest.cc:2885)
==267232==    by 0x1AB299: Run (gtest.cc:2858)
==267232==    by 0x1AB299: testing::TestSuite::Run() [clone .part.0] (gtest.cc:3039)
==267232==    by 0x1ABA9B: Run (gtest.cc:3018)
==267232==    by 0x1ABA9B: testing::internal::UnitTestImpl::RunAllTests() (gtest.cc:5897)
==267232==    by 0x1B667E: HandleSehExceptionsInMethodIfSupported<testing::internal::UnitTestImpl, bool> (gtest.cc:2631)
==267232==    by 0x1B667E: bool testing::internal::HandleExceptionsInMethodIfSupported<testing::internal::UnitTestImpl, bool>(testing::internal::UnitTestImpl*, bool (testing::internal::UnitTestImpl::*)(), char const*) (gtest.cc:2667)
==267232==    by 0x1AACFE: testing::UnitTest::Run() (gtest.cc:5464)
==267232==    by 0x12D35E: RUN_ALL_TESTS (gtest.h:2492)
==267232==    by 0x12D35E: main (testfa.cc:4822)
==267232== 
==267232== Conditional jump or move depends on uninitialised value(s)
==267232==    at 0x13D47C: addState (Automaton.cc:74)
==267232==    by 0x13D47C: fa::Automaton::createMinimalMoore(fa::Automaton const&) (Automaton.cc:961)
==267232==    by 0x1765C6: void (anonymous namespace)::testCreateMinimal_AlreadyMinimal1<fa::Automaton (*)(fa::Automaton const&)>(fa::Automaton (*)(fa::Automaton const&)) (testfa.cc:4132)
==267232==    by 0x1B622E: HandleSehExceptionsInMethodIfSupported<testing::Test, void> (gtest.cc:2631)
==267232==    by 0x1B622E: void testing::internal::HandleExceptionsInMethodIfSupported<testing::Test, void>(testing::Test*, void (testing::Test::*)(), char const*) (gtest.cc:2667)
==267232==    by 0x1AA9B5: testing::Test::Run() [clone .part.0] (gtest.cc:2706)
==267232==    by 0x1AABF1: Run (gtest.cc:2697)
==267232==    by 0x1AABF1: testing::TestInfo::Run() [clone .part.0] (gtest.cc:2885)
==267232==    by 0x1AB299: Run (gtest.cc:2858)
==267232==    by 0x1AB299: testing::TestSuite::Run() [clone .part.0] (gtest.cc:3039)
==267232==    by 0x1ABA9B: Run (gtest.cc:3018)
==267232==    by 0x1ABA9B: testing::internal::UnitTestImpl::RunAllTests() (gtest.cc:5897)
==267232==    by 0x1B667E: HandleSehExceptionsInMethodIfSupported<testing::internal::UnitTestImpl, bool> (gtest.cc:2631)
==267232==    by 0x1B667E: bool testing::internal::HandleExceptionsInMethodIfSupported<testing::internal::UnitTestImpl, bool>(testing::internal::UnitTestImpl*, bool (testing::internal::UnitTestImpl::*)(), char const*) (gtest.cc:2667)
==267232==    by 0x1AACFE: testing::UnitTest::Run() (gtest.cc:5464)
==267232==    by 0x12D35E: RUN_ALL_TESTS (gtest.h:2492)
==267232==    by 0x12D35E: main (testfa.cc:4822)
==267232== 
==267232== Conditional jump or move depends on uninitialised value(s)
==267232==    at 0x137D35: fa::Automaton::hasState(int) const (Automaton.cc:109)
==267232==    by 0x137E57: fa::Automaton::setStateInitial(int) (Automaton.cc:129)
==267232==    by 0x13D4BD: fa::Automaton::createMinimalMoore(fa::Automaton const&) (Automaton.cc:964)
==267232==    by 0x1765C6: void (anonymous namespace)::testCreateMinimal_AlreadyMinimal1<fa::Automaton (*)(fa::Automaton const&)>(fa::Automaton (*)(fa::Automaton const&)) (testfa.cc:4132)
==267232==    by 0x1B622E: HandleSehExceptionsInMethodIfSupported<testing::Test, void> (gtest.cc:2631)
==267232==    by 0x1B622E: void testing::internal::HandleExceptionsInMethodIfSupported<testing::Test, void>(testing::Test*, void (testing::Test::*)(), char const*) (gtest.cc:2667)
==267232==    by 0x1AA9B5: testing::Test::Run() [clone .part.0] (gtest.cc:2706)
==267232==    by 0x1AABF1: Run (gtest.cc:2697)
==267232==    by 0x1AABF1: testing::TestInfo::Run() [clone .part.0] (gtest.cc:2885)
==267232==    by 0x1AB299: Run (gtest.cc:2858)
==267232==    by 0x1AB299: testing::TestSuite::Run() [clone .part.0] (gtest.cc:3039)
==267232==    by 0x1ABA9B: Run (gtest.cc:3018)
==267232==    by 0x1ABA9B: testing::internal::UnitTestImpl::RunAllTests() (gtest.cc:5897)
==267232==    by 0x1B667E: HandleSehExceptionsInMethodIfSupported<testing::internal::UnitTestImpl, bool> (gtest.cc:2631)
==267232==    by 0x1B667E: bool testing::internal::HandleExceptionsInMethodIfSupported<testing::internal::UnitTestImpl, bool>(testing::internal::UnitTestImpl*, bool (testing::internal::UnitTestImpl::*)(), char const*) (gtest.cc:2667)
==267232==    by 0x1AACFE: testing::UnitTest::Run() (gtest.cc:5464)
==267232==    by 0x12D35E: RUN_ALL_TESTS (gtest.h:2492)
==267232==    by 0x12D35E: main (testfa.cc:4822)
==267232== 
==267232== Conditional jump or move depends on uninitialised value(s)
==267232==    at 0x137D63: _M_lower_bound (stl_tree.h:1951)
==267232==    by 0x137D63: find (stl_tree.h:2566)
==267232==    by 0x137D63: find (stl_map.h:1195)
==267232==    by 0x137D63: fa::Automaton::hasState(int) const (Automaton.cc:113)
==267232==    by 0x137E57: fa::Automaton::setStateInitial(int) (Automaton.cc:129)
==267232==    by 0x13D4BD: fa::Automaton::createMinimalMoore(fa::Automaton const&) (Automaton.cc:964)
==267232==    by 0x1765C6: void (anonymous namespace)::testCreateMinimal_AlreadyMinimal1<fa::Automaton (*)(fa::Automaton const&)>(fa::Automaton (*)(fa::Automaton const&)) (testfa.cc:4132)
==267232==    by 0x1B622E: HandleSehExceptionsInMethodIfSupported<testing::Test, void> (gtest.cc:2631)
==267232==    by 0x1B622E: void testing::internal::HandleExceptionsInMethodIfSupported<testing::Test, void>(testing::Test*, void (testing::Test::*)(), char const*) (gtest.cc:2667)
==267232==    by 0x1AA9B5: testing::Test::Run() [clone .part.0] (gtest.cc:2706)
==267232==    by 0x1AABF1: Run (gtest.cc:2697)
==267232==    by 0x1AABF1: testing::TestInfo::Run() [clone .part.0] (gtest.cc:2885)
==267232==    by 0x1AB299: Run (gtest.cc:2858)
==267232==    by 0x1AB299: testing::TestSuite::Run() [clone .part.0] (gtest.cc:3039)
==267232==    by 0x1ABA9B: Run (gtest.cc:3018)
==267232==    by 0x1ABA9B: testing::internal::UnitTestImpl::RunAllTests() (gtest.cc:5897)
==267232==    by 0x1B667E: HandleSehExceptionsInMethodIfSupported<testing::internal::UnitTestImpl, bool> (gtest.cc:2631)
==267232==    by 0x1B667E: bool testing::internal::HandleExceptionsInMethodIfSupported<testing::internal::UnitTestImpl, bool>(testing::internal::UnitTestImpl*, bool (testing::internal::UnitTestImpl::*)(), char const*) (gtest.cc:2667)
==267232==    by 0x1AACFE: testing::UnitTest::Run() (gtest.cc:5464)
==267232==    by 0x12D35E: RUN_ALL_TESTS (gtest.h:2492)
==267232==    by 0x12D35E: main (testfa.cc:4822)
==267232== 
==267232== Conditional jump or move depends on uninitialised value(s)
==267232==    at 0x137E5A: fa::Automaton::setStateInitial(int) (Automaton.cc:129)
==267232==    by 0x13D4BD: fa::Automaton::createMinimalMoore(fa::Automaton const&) (Automaton.cc:964)
==267232==    by 0x1765C6: void (anonymous namespace)::testCreateMinimal_AlreadyMinimal1<fa::Automaton (*)(fa::Automaton const&)>(fa::Automaton (*)(fa::Automaton const&)) (testfa.cc:4132)
==267232==    by 0x1B622E: HandleSehExceptionsInMethodIfSupported<testing::Test, void> (gtest.cc:2631)
==267232==    by 0x1B622E: void testing::internal::HandleExceptionsInMethodIfSupported<testing::Test, void>(testing::Test*, void (testing::Test::*)(), char const*) (gtest.cc:2667)
==267232==    by 0x1AA9B5: testing::Test::Run() [clone .part.0] (gtest.cc:2706)
==267232==    by 0x1AABF1: Run (gtest.cc:2697)
==267232==    by 0x1AABF1: testing::TestInfo::Run() [clone .part.0] (gtest.cc:2885)
==267232==    by 0x1AB299: Run (gtest.cc:2858)
==267232==    by 0x1AB299: testing::TestSuite::Run() [clone .part.0] (gtest.cc:3039)
==267232==    by 0x1ABA9B: Run (gtest.cc:3018)
==267232==    by 0x1ABA9B: testing::internal::UnitTestImpl::RunAllTests() (gtest.cc:5897)
==267232==    by 0x1B667E: HandleSehExceptionsInMethodIfSupported<testing::internal::UnitTestImpl, bool> (gtest.cc:2631)
==267232==    by 0x1B667E: bool testing::internal::HandleExceptionsInMethodIfSupported<testing::internal::UnitTestImpl, bool>(testing::internal::UnitTestImpl*, bool (testing::internal::UnitTestImpl::*)(), char const*) (gtest.cc:2667)
==267232==    by 0x1AACFE: testing::UnitTest::Run() (gtest.cc:5464)
==267232==    by 0x12D35E: RUN_ALL_TESTS (gtest.h:2492)
==267232==    by 0x12D35E: main (testfa.cc:4822)
==267232== 
==267232== Conditional jump or move depends on uninitialised value(s)
==267232==    at 0x137E83: _M_lower_bound (stl_tree.h:1935)
==267232==    by 0x137E83: find (stl_tree.h:2553)
==267232==    by 0x137E83: find (stl_map.h:1170)
==267232==    by 0x137E83: fa::Automaton::setStateInitial(int) (Automaton.cc:131)
==267232==    by 0x13D4BD: fa::Automaton::createMinimalMoore(fa::Automaton const&) (Automaton.cc:964)
==267232==    by 0x1765C6: void (anonymous namespace)::testCreateMinimal_AlreadyMinimal1<fa::Automaton (*)(fa::Automaton const&)>(fa::Automaton (*)(fa::Automaton const&)) (testfa.cc:4132)
==267232==    by 0x1B622E: HandleSehExceptionsInMethodIfSupported<testing::Test, void> (gtest.cc:2631)
==267232==    by 0x1B622E: void testing::internal::HandleExceptionsInMethodIfSupported<testing::Test, void>(testing::Test*, void (testing::Test::*)(), char const*) (gtest.cc:2667)
==267232==    by 0x1AA9B5: testing::Test::Run() [clone .part.0] (gtest.cc:2706)
==267232==    by 0x1AABF1: Run (gtest.cc:2697)
==267232==    by 0x1AABF1: testing::TestInfo::Run() [clone .part.0] (gtest.cc:2885)
==267232==    by 0x1AB299: Run (gtest.cc:2858)
==267232==    by 0x1AB299: testing::TestSuite::Run() [clone .part.0] (gtest.cc:3039)
==267232==    by 0x1ABA9B: Run (gtest.cc:3018)
==267232==    by 0x1ABA9B: testing::internal::UnitTestImpl::RunAllTests() (gtest.cc:5897)
==267232==    by 0x1B667E: HandleSehExceptionsInMethodIfSupported<testing::internal::UnitTestImpl, bool> (gtest.cc:2631)
==267232==    by 0x1B667E: bool testing::internal::HandleExceptionsInMethodIfSupported<testing::internal::UnitTestImpl, bool>(testing::internal::UnitTestImpl*, bool (testing::internal::UnitTestImpl::*)(), char const*) (gtest.cc:2667)
==267232==    by 0x1AACFE: testing::UnitTest::Run() (gtest.cc:5464)
==267232==    by 0x12D35E: RUN_ALL_TESTS (gtest.h:2492)
==267232==    by 0x12D35E: main (testfa.cc:4822)
==267232== 
==267232== Conditional jump or move depends on uninitialised value(s)
==267232==    at 0x137E98: find (stl_tree.h:2555)
==267232==    by 0x137E98: find (stl_map.h:1170)
==267232==    by 0x137E98: fa::Automaton::setStateInitial(int) (Automaton.cc:131)
==267232==    by 0x13D4BD: fa::Automaton::createMinimalMoore(fa::Automaton const&) (Automaton.cc:964)
==267232==    by 0x1765C6: void (anonymous namespace)::testCreateMinimal_AlreadyMinimal1<fa::Automaton (*)(fa::Automaton const&)>(fa::Automaton (*)(fa::Automaton const&)) (testfa.cc:4132)
==267232==    by 0x1B622E: HandleSehExceptionsInMethodIfSupported<testing::Test, void> (gtest.cc:2631)
==267232==    by 0x1B622E: void testing::internal::HandleExceptionsInMethodIfSupported<testing::Test, void>(testing::Test*, void (testing::Test::*)(), char const*) (gtest.cc:2667)
==267232==    by 0x1AA9B5: testing::Test::Run() [clone .part.0] (gtest.cc:2706)
==267232==    by 0x1AABF1: Run (gtest.cc:2697)
==267232==    by 0x1AABF1: testing::TestInfo::Run() [clone .part.0] (gtest.cc:2885)
==267232==    by 0x1AB299: Run (gtest.cc:2858)
==267232==    by 0x1AB299: testing::TestSuite::Run() [clone .part.0] (gtest.cc:3039)
==267232==    by 0x1ABA9B: Run (gtest.cc:3018)
==267232==    by 0x1ABA9B: testing::internal::UnitTestImpl::RunAllTests() (gtest.cc:5897)
==267232==    by 0x1B667E: HandleSehExceptionsInMethodIfSupported<testing::internal::UnitTestImpl, bool> (gtest.cc:2631)
==267232==    by 0x1B667E: bool testing::internal::HandleExceptionsInMethodIfSupported<testing::internal::UnitTestImpl, bool>(testing::internal::UnitTestImpl*, bool (testing::internal::UnitTestImpl::*)(), char const*) (gtest.cc:2667)
==267232==    by 0x1AACFE: testing::UnitTest::Run() (gtest.cc:5464)
==267232==    by 0x12D35E: RUN_ALL_TESTS (gtest.h:2492)
==267232==    by 0x12D35E: main (testfa.cc:4822)
==267232== 
==267232== Conditional jump or move depends on uninitialised value(s)
==267232==    at 0x13DDDB: _M_get_insert_unique_pos (stl_tree.h:2098)
==267232==    by 0x13DDDB: std::pair<std::_Rb_tree_iterator<std::pair<int const, fa::states> >, bool> std::_Rb_tree<int, std::pair<int const, fa::states>, std::_Select1st<std::pair<int const, fa::states> >, std::less<int>, std::allocator<std::pair<int const, fa::states> > >::_M_emplace_unique<std::pair<int, fa::states> >(std::pair<int, fa::states>&&) (stl_tree.h:2419)
==267232==    by 0x13D49D: insert<std::pair<int, fa::states> > (stl_map.h:817)
==267232==    by 0x13D49D: addState (Automaton.cc:80)
==267232==    by 0x13D49D: addState (Automaton.cc:73)
==267232==    by 0x13D49D: fa::Automaton::createMinimalMoore(fa::Automaton const&) (Automaton.cc:961)
==267232==    by 0x1765C6: void (anonymous namespace)::testCreateMinimal_AlreadyMinimal1<fa::Automaton (*)(fa::Automaton const&)>(fa::Automaton (*)(fa::Automaton const&)) (testfa.cc:4132)
==267232==    by 0x1B622E: HandleSehExceptionsInMethodIfSupported<testing::Test, void> (gtest.cc:2631)
==267232==    by 0x1B622E: void testing::internal::HandleExceptionsInMethodIfSupported<testing::Test, void>(testing::Test*, void (testing::Test::*)(), char const*) (gtest.cc:2667)
==267232==    by 0x1AA9B5: testing::Test::Run() [clone .part.0] (gtest.cc:2706)
==267232==    by 0x1AABF1: Run (gtest.cc:2697)
==267232==    by 0x1AABF1: testing::TestInfo::Run() [clone .part.0] (gtest.cc:2885)
==267232==    by 0x1AB299: Run (gtest.cc:2858)
==267232==    by 0x1AB299: testing::TestSuite::Run() [clone .part.0] (gtest.cc:3039)
==267232==    by 0x1ABA9B: Run (gtest.cc:3018)
==267232==    by 0x1ABA9B: testing::internal::UnitTestImpl::RunAllTests() (gtest.cc:5897)
==267232==    by 0x1B667E: HandleSehExceptionsInMethodIfSupported<testing::internal::UnitTestImpl, bool> (gtest.cc:2631)
==267232==    by 0x1B667E: bool testing::internal::HandleExceptionsInMethodIfSupported<testing::internal::UnitTestImpl, bool>(testing::internal::UnitTestImpl*, bool (testing::internal::UnitTestImpl::*)(), char const*) (gtest.cc:2667)
==267232==    by 0x1AACFE: testing::UnitTest::Run() (gtest.cc:5464)
==267232==    by 0x12D35E: RUN_ALL_TESTS (gtest.h:2492)
==267232==    by 0x12D35E: main (testfa.cc:4822)
==267232== 
==267232== Conditional jump or move depends on uninitialised value(s)
==267232==    at 0x13DDDF: _M_get_insert_unique_pos (stl_tree.h:2105)
==267232==    by 0x13DDDF: std::pair<std::_Rb_tree_iterator<std::pair<int const, fa::states> >, bool> std::_Rb_tree<int, std::pair<int const, fa::states>, std::_Select1st<std::pair<int const, fa::states> >, std::less<int>, std::allocator<std::pair<int const, fa::states> > >::_M_emplace_unique<std::pair<int, fa::states> >(std::pair<int, fa::states>&&) (stl_tree.h:2419)
==267232==    by 0x13D49D: insert<std::pair<int, fa::states> > (stl_map.h:817)
==267232==    by 0x13D49D: addState (Automaton.cc:80)
==267232==    by 0x13D49D: addState (Automaton.cc:73)
==267232==    by 0x13D49D: fa::Automaton::createMinimalMoore(fa::Automaton const&) (Automaton.cc:961)
==267232==    by 0x1765C6: void (anonymous namespace)::testCreateMinimal_AlreadyMinimal1<fa::Automaton (*)(fa::Automaton const&)>(fa::Automaton (*)(fa::Automaton const&)) (testfa.cc:4132)
==267232==    by 0x1B622E: HandleSehExceptionsInMethodIfSupported<testing::Test, void> (gtest.cc:2631)
==267232==    by 0x1B622E: void testing::internal::HandleExceptionsInMethodIfSupported<testing::Test, void>(testing::Test*, void (testing::Test::*)(), char const*) (gtest.cc:2667)
==267232==    by 0x1AA9B5: testing::Test::Run() [clone .part.0] (gtest.cc:2706)
==267232==    by 0x1AABF1: Run (gtest.cc:2697)
==267232==    by 0x1AABF1: testing::TestInfo::Run() [clone .part.0] (gtest.cc:2885)
==267232==    by 0x1AB299: Run (gtest.cc:2858)
==267232==    by 0x1AB299: testing::TestSuite::Run() [clone .part.0] (gtest.cc:3039)
==267232==    by 0x1ABA9B: Run (gtest.cc:3018)
==267232==    by 0x1ABA9B: testing::internal::UnitTestImpl::RunAllTests() (gtest.cc:5897)
==267232==    by 0x1B667E: HandleSehExceptionsInMethodIfSupported<testing::internal::UnitTestImpl, bool> (gtest.cc:2631)
==267232==    by 0x1B667E: bool testing::internal::HandleExceptionsInMethodIfSupported<testing::internal::UnitTestImpl, bool>(testing::internal::UnitTestImpl*, bool (testing::internal::UnitTestImpl::*)(), char const*) (gtest.cc:2667)
==267232==    by 0x1AACFE: testing::UnitTest::Run() (gtest.cc:5464)
==267232==    by 0x12D35E: RUN_ALL_TESTS (gtest.h:2492)
==267232==    by 0x12D35E: main (testfa.cc:4822)
==267232== 
==267232== Conditional jump or move depends on uninitialised value(s)
==267232==    at 0x13DDE3: _M_get_insert_unique_pos (stl_tree.h:2112)
==267232==    by 0x13DDE3: std::pair<std::_Rb_tree_iterator<std::pair<int const, fa::states> >, bool> std::_Rb_tree<int, std::pair<int const, fa::states>, std::_Select1st<std::pair<int const, fa::states> >, std::less<int>, std::allocator<std::pair<int const, fa::states> > >::_M_emplace_unique<std::pair<int, fa::states> >(std::pair<int, fa::states>&&) (stl_tree.h:2419)
==267232==    by 0x13D49D: insert<std::pair<int, fa::states> > (stl_map.h:817)
==267232==    by 0x13D49D: addState (Automaton.cc:80)
==267232==    by 0x13D49D: addState (Automaton.cc:73)
==267232==    by 0x13D49D: fa::Automaton::createMinimalMoore(fa::Automaton const&) (Automaton.cc:961)
==267232==    by 0x1765C6: void (anonymous namespace)::testCreateMinimal_AlreadyMinimal1<fa::Automaton (*)(fa::Automaton const&)>(fa::Automaton (*)(fa::Automaton const&)) (testfa.cc:4132)
==267232==    by 0x1B622E: HandleSehExceptionsInMethodIfSupported<testing::Test, void> (gtest.cc:2631)
==267232==    by 0x1B622E: void testing::internal::HandleExceptionsInMethodIfSupported<testing::Test, void>(testing::Test*, void (testing::Test::*)(), char const*) (gtest.cc:2667)
==267232==    by 0x1AA9B5: testing::Test::Run() [clone .part.0] (gtest.cc:2706)
==267232==    by 0x1AABF1: Run (gtest.cc:2697)
==267232==    by 0x1AABF1: testing::TestInfo::Run() [clone .part.0] (gtest.cc:2885)
==267232==    by 0x1AB299: Run (gtest.cc:2858)
==267232==    by 0x1AB299: testing::TestSuite::Run() [clone .part.0] (gtest.cc:3039)
==267232==    by 0x1ABA9B: Run (gtest.cc:3018)
==267232==    by 0x1ABA9B: testing::internal::UnitTestImpl::RunAllTests() (gtest.cc:5897)
==267232==    by 0x1B667E: HandleSehExceptionsInMethodIfSupported<testing::internal::UnitTestImpl, bool> (gtest.cc:2631)
==267232==    by 0x1B667E: bool testing::internal::HandleExceptionsInMethodIfSupported<testing::internal::UnitTestImpl, bool>(testing::internal::UnitTestImpl*, bool (testing::internal::UnitTestImpl::*)(), char const*) (gtest.cc:2667)
==267232==    by 0x1AACFE: testing::UnitTest::Run() (gtest.cc:5464)
==267232==    by 0x12D35E: RUN_ALL_TESTS (gtest.h:2492)
==267232==    by 0x12D35E: main (testfa.cc:4822)
==267232== 
==267232== Conditional jump or move depends on uninitialised value(s)
==267232==    at 0x137D35: fa::Automaton::hasState(int) const (Automaton.cc:109)
==267232==    by 0x138017: fa::Automaton::setStateFinal(int) (Automaton.cc:156)
==267232==    by 0x13D4DD: fa::Automaton::createMinimalMoore(fa::Automaton const&) (Automaton.cc:968)
==267232==    by 0x1765C6: void (anonymous namespace)::testCreateMinimal_AlreadyMinimal1<fa::Automaton (*)(fa::Automaton const&)>(fa::Automaton (*)(fa::Automaton const&)) (testfa.cc:4132)
==267232==    by 0x1B622E: HandleSehExceptionsInMethodIfSupported<testing::Test, void> (gtest.cc:2631)
==267232==    by 0x1B622E: void testing::internal::HandleExceptionsInMethodIfSupported<testing::Test, void>(testing::Test*, void (testing::Test::*)(), char const*) (gtest.cc:2667)
==267232==    by 0x1AA9B5: testing::Test::Run() [clone .part.0] (gtest.cc:2706)
==267232==    by 0x1AABF1: Run (gtest.cc:2697)
==267232==    by 0x1AABF1: testing::TestInfo::Run() [clone .part.0] (gtest.cc:2885)
==267232==    by 0x1AB299: Run (gtest.cc:2858)
==267232==    by 0x1AB299: testing::TestSuite::Run() [clone .part.0] (gtest.cc:3039)
==267232==    by 0x1ABA9B: Run (gtest.cc:3018)
==267232==    by 0x1ABA9B: testing::internal::UnitTestImpl::RunAllTests() (gtest.cc:5897)
==267232==    by 0x1B667E: HandleSehExceptionsInMethodIfSupported<testing::internal::UnitTestImpl, bool> (gtest.cc:2631)
==267232==    by 0x1B667E: bool testing::internal::HandleExceptionsInMethodIfSupported<testing::internal::UnitTestImpl, bool>(testing::internal::UnitTestImpl*, bool (testing::internal::UnitTestImpl::*)(), char const*) (gtest.cc:2667)
==267232==    by 0x1AACFE: testing::UnitTest::Run() (gtest.cc:5464)
==267232==    by 0x12D35E: RUN_ALL_TESTS (gtest.h:2492)
==267232==    by 0x12D35E: main (testfa.cc:4822)
==267232== 
==267232== Conditional jump or move depends on uninitialised value(s)
==267232==    at 0x137D63: _M_lower_bound (stl_tree.h:1951)
==267232==    by 0x137D63: find (stl_tree.h:2566)
==267232==    by 0x137D63: find (stl_map.h:1195)
==267232==    by 0x137D63: fa::Automaton::hasState(int) const (Automaton.cc:113)
==267232==    by 0x138017: fa::Automaton::setStateFinal(int) (Automaton.cc:156)
==267232==    by 0x13D4DD: fa::Automaton::createMinimalMoore(fa::Automaton const&) (Automaton.cc:968)
==267232==    by 0x1765C6: void (anonymous namespace)::testCreateMinimal_AlreadyMinimal1<fa::Automaton (*)(fa::Automaton const&)>(fa::Automaton (*)(fa::Automaton const&)) (testfa.cc:4132)
==267232==    by 0x1B622E: HandleSehExceptionsInMethodIfSupported<testing::Test, void> (gtest.cc:2631)
==267232==    by 0x1B622E: void testing::internal::HandleExceptionsInMethodIfSupported<testing::Test, void>(testing::Test*, void (testing::Test::*)(), char const*) (gtest.cc:2667)
==267232==    by 0x1AA9B5: testing::Test::Run() [clone .part.0] (gtest.cc:2706)
==267232==    by 0x1AABF1: Run (gtest.cc:2697)
==267232==    by 0x1AABF1: testing::TestInfo::Run() [clone .part.0] (gtest.cc:2885)
==267232==    by 0x1AB299: Run (gtest.cc:2858)
==267232==    by 0x1AB299: testing::TestSuite::Run() [clone .part.0] (gtest.cc:3039)
==267232==    by 0x1ABA9B: Run (gtest.cc:3018)
==267232==    by 0x1ABA9B: testing::internal::UnitTestImpl::RunAllTests() (gtest.cc:5897)
==267232==    by 0x1B667E: HandleSehExceptionsInMethodIfSupported<testing::internal::UnitTestImpl, bool> (gtest.cc:2631)
==267232==    by 0x1B667E: bool testing::internal::HandleExceptionsInMethodIfSupported<testing::internal::UnitTestImpl, bool>(testing::internal::UnitTestImpl*, bool (testing::internal::UnitTestImpl::*)(), char const*) (gtest.cc:2667)
==267232==    by 0x1AACFE: testing::UnitTest::Run() (gtest.cc:5464)
==267232==    by 0x12D35E: RUN_ALL_TESTS (gtest.h:2492)
==267232==    by 0x12D35E: main (testfa.cc:4822)
==267232== 
==267232== Conditional jump or move depends on uninitialised value(s)
==267232==    at 0x13801A: fa::Automaton::setStateFinal(int) (Automaton.cc:156)
==267232==    by 0x13D4DD: fa::Automaton::createMinimalMoore(fa::Automaton const&) (Automaton.cc:968)
==267232==    by 0x1765C6: void (anonymous namespace)::testCreateMinimal_AlreadyMinimal1<fa::Automaton (*)(fa::Automaton const&)>(fa::Automaton (*)(fa::Automaton const&)) (testfa.cc:4132)
==267232==    by 0x1B622E: HandleSehExceptionsInMethodIfSupported<testing::Test, void> (gtest.cc:2631)
==267232==    by 0x1B622E: void testing::internal::HandleExceptionsInMethodIfSupported<testing::Test, void>(testing::Test*, void (testing::Test::*)(), char const*) (gtest.cc:2667)
==267232==    by 0x1AA9B5: testing::Test::Run() [clone .part.0] (gtest.cc:2706)
==267232==    by 0x1AABF1: Run (gtest.cc:2697)
==267232==    by 0x1AABF1: testing::TestInfo::Run() [clone .part.0] (gtest.cc:2885)
==267232==    by 0x1AB299: Run (gtest.cc:2858)
==267232==    by 0x1AB299: testing::TestSuite::Run() [clone .part.0] (gtest.cc:3039)
==267232==    by 0x1ABA9B: Run (gtest.cc:3018)
==267232==    by 0x1ABA9B: testing::internal::UnitTestImpl::RunAllTests() (gtest.cc:5897)
==267232==    by 0x1B667E: HandleSehExceptionsInMethodIfSupported<testing::internal::UnitTestImpl, bool> (gtest.cc:2631)
==267232==    by 0x1B667E: bool testing::internal::HandleExceptionsInMethodIfSupported<testing::internal::UnitTestImpl, bool>(testing::internal::UnitTestImpl*, bool (testing::internal::UnitTestImpl::*)(), char const*) (gtest.cc:2667)
==267232==    by 0x1AACFE: testing::UnitTest::Run() (gtest.cc:5464)
==267232==    by 0x12D35E: RUN_ALL_TESTS (gtest.h:2492)
==267232==    by 0x12D35E: main (testfa.cc:4822)
==267232== 
==267232== Conditional jump or move depends on uninitialised value(s)
==267232==    at 0x138043: _M_lower_bound (stl_tree.h:1935)
==267232==    by 0x138043: find (stl_tree.h:2553)
==267232==    by 0x138043: find (stl_map.h:1170)
==267232==    by 0x138043: fa::Automaton::setStateFinal(int) (Automaton.cc:158)
==267232==    by 0x13D4DD: fa::Automaton::createMinimalMoore(fa::Automaton const&) (Automaton.cc:968)
==267232==    by 0x1765C6: void (anonymous namespace)::testCreateMinimal_AlreadyMinimal1<fa::Automaton (*)(fa::Automaton const&)>(fa::Automaton (*)(fa::Automaton const&)) (testfa.cc:4132)
==267232==    by 0x1B622E: HandleSehExceptionsInMethodIfSupported<testing::Test, void> (gtest.cc:2631)
==267232==    by 0x1B622E: void testing::internal::HandleExceptionsInMethodIfSupported<testing::Test, void>(testing::Test*, void (testing::Test::*)(), char const*) (gtest.cc:2667)
==267232==    by 0x1AA9B5: testing::Test::Run() [clone .part.0] (gtest.cc:2706)
==267232==    by 0x1AABF1: Run (gtest.cc:2697)
==267232==    by 0x1AABF1: testing::TestInfo::Run() [clone .part.0] (gtest.cc:2885)
==267232==    by 0x1AB299: Run (gtest.cc:2858)
==267232==    by 0x1AB299: testing::TestSuite::Run() [clone .part.0] (gtest.cc:3039)
==267232==    by 0x1ABA9B: Run (gtest.cc:3018)
==267232==    by 0x1ABA9B: testing::internal::UnitTestImpl::RunAllTests() (gtest.cc:5897)
==267232==    by 0x1B667E: HandleSehExceptionsInMethodIfSupported<testing::internal::UnitTestImpl, bool> (gtest.cc:2631)
==267232==    by 0x1B667E: bool testing::internal::HandleExceptionsInMethodIfSupported<testing::internal::UnitTestImpl, bool>(testing::internal::UnitTestImpl*, bool (testing::internal::UnitTestImpl::*)(), char const*) (gtest.cc:2667)
==267232==    by 0x1AACFE: testing::UnitTest::Run() (gtest.cc:5464)
==267232==    by 0x12D35E: RUN_ALL_TESTS (gtest.h:2492)
==267232==    by 0x12D35E: main (testfa.cc:4822)
==267232== 
==267232== Conditional jump or move depends on uninitialised value(s)
==267232==    at 0x138058: find (stl_tree.h:2555)
==267232==    by 0x138058: find (stl_map.h:1170)
==267232==    by 0x138058: fa::Automaton::setStateFinal(int) (Automaton.cc:158)
==267232==    by 0x13D4DD: fa::Automaton::createMinimalMoore(fa::Automaton const&) (Automaton.cc:968)
==267232==    by 0x1765C6: void (anonymous namespace)::testCreateMinimal_AlreadyMinimal1<fa::Automaton (*)(fa::Automaton const&)>(fa::Automaton (*)(fa::Automaton const&)) (testfa.cc:4132)
==267232==    by 0x1B622E: HandleSehExceptionsInMethodIfSupported<testing::Test, void> (gtest.cc:2631)
==267232==    by 0x1B622E: void testing::internal::HandleExceptionsInMethodIfSupported<testing::Test, void>(testing::Test*, void (testing::Test::*)(), char const*) (gtest.cc:2667)
==267232==    by 0x1AA9B5: testing::Test::Run() [clone .part.0] (gtest.cc:2706)
==267232==    by 0x1AABF1: Run (gtest.cc:2697)
==267232==    by 0x1AABF1: testing::TestInfo::Run() [clone .part.0] (gtest.cc:2885)
==267232==    by 0x1AB299: Run (gtest.cc:2858)
==267232==    by 0x1AB299: testing::TestSuite::Run() [clone .part.0] (gtest.cc:3039)
==267232==    by 0x1ABA9B: Run (gtest.cc:3018)
==267232==    by 0x1ABA9B: testing::internal::UnitTestImpl::RunAllTests() (gtest.cc:5897)
==267232==    by 0x1B667E: HandleSehExceptionsInMethodIfSupported<testing::internal::UnitTestImpl, bool> (gtest.cc:2631)
==267232==    by 0x1B667E: bool testing::internal::HandleExceptionsInMethodIfSupported<testing::internal::UnitTestImpl, bool>(testing::internal::UnitTestImpl*, bool (testing::internal::UnitTestImpl::*)(), char const*) (gtest.cc:2667)
==267232==    by 0x1AACFE: testing::UnitTest::Run() (gtest.cc:5464)
==267232==    by 0x12D35E: RUN_ALL_TESTS (gtest.h:2492)
==267232==    by 0x12D35E: main (testfa.cc:4822)
==267232== 
==267232== Conditional jump or move depends on uninitialised value(s)
==267232==    at 0x13D521: addTransition (Automaton.cc:183)
==267232==    by 0x13D521: fa::Automaton::createMinimalMoore(fa::Automaton const&) (Automaton.cc:977)
==267232==    by 0x1765C6: void (anonymous namespace)::testCreateMinimal_AlreadyMinimal1<fa::Automaton (*)(fa::Automaton const&)>(fa::Automaton (*)(fa::Automaton const&)) (testfa.cc:4132)
==267232==    by 0x1B622E: HandleSehExceptionsInMethodIfSupported<testing::Test, void> (gtest.cc:2631)
==267232==    by 0x1B622E: void testing::internal::HandleExceptionsInMethodIfSupported<testing::Test, void>(testing::Test*, void (testing::Test::*)(), char const*) (gtest.cc:2667)
==267232==    by 0x1AA9B5: testing::Test::Run() [clone .part.0] (gtest.cc:2706)
==267232==    by 0x1AABF1: Run (gtest.cc:2697)
==267232==    by 0x1AABF1: testing::TestInfo::Run() [clone .part.0] (gtest.cc:2885)
==267232==    by 0x1AB299: Run (gtest.cc:2858)
==267232==    by 0x1AB299: testing::TestSuite::Run() [clone .part.0] (gtest.cc:3039)
==267232==    by 0x1ABA9B: Run (gtest.cc:3018)
==267232==    by 0x1ABA9B: testing::internal::UnitTestImpl::RunAllTests() (gtest.cc:5897)
==267232==    by 0x1B667E: HandleSehExceptionsInMethodIfSupported<testing::internal::UnitTestImpl, bool> (gtest.cc:2631)
==267232==    by 0x1B667E: bool testing::internal::HandleExceptionsInMethodIfSupported<testing::internal::UnitTestImpl, bool>(testing::internal::UnitTestImpl*, bool (testing::internal::UnitTestImpl::*)(), char const*) (gtest.cc:2667)
==267232==    by 0x1AACFE: testing::UnitTest::Run() (gtest.cc:5464)
==267232==    by 0x12D35E: RUN_ALL_TESTS (gtest.h:2492)
==267232==    by 0x12D35E: main (testfa.cc:4822)
==267232== 
==267232== Conditional jump or move depends on uninitialised value(s)
==267232==    at 0x137D35: fa::Automaton::hasState(int) const (Automaton.cc:109)
==267232==    by 0x139DDA: fa::Automaton::addTransition(int, char, int) [clone .part.0] (Automaton.cc:192)
==267232==    by 0x13D532: addTransition (Automaton.cc:977)
==267232==    by 0x13D532: fa::Automaton::createMinimalMoore(fa::Automaton const&) (Automaton.cc:977)
==267232==    by 0x1765C6: void (anonymous namespace)::testCreateMinimal_AlreadyMinimal1<fa::Automaton (*)(fa::Automaton const&)>(fa::Automaton (*)(fa::Automaton const&)) (testfa.cc:4132)
==267232==    by 0x1B622E: HandleSehExceptionsInMethodIfSupported<testing::Test, void> (gtest.cc:2631)
==267232==    by 0x1B622E: void testing::internal::HandleExceptionsInMethodIfSupported<testing::Test, void>(testing::Test*, void (testing::Test::*)(), char const*) (gtest.cc:2667)
==267232==    by 0x1AA9B5: testing::Test::Run() [clone .part.0] (gtest.cc:2706)
==267232==    by 0x1AABF1: Run (gtest.cc:2697)
==267232==    by 0x1AABF1: testing::TestInfo::Run() [clone .part.0] (gtest.cc:2885)
==267232==    by 0x1AB299: Run (gtest.cc:2858)
==267232==    by 0x1AB299: testing::TestSuite::Run() [clone .part.0] (gtest.cc:3039)
==267232==    by 0x1ABA9B: Run (gtest.cc:3018)
==267232==    by 0x1ABA9B: testing::internal::UnitTestImpl::RunAllTests() (gtest.cc:5897)
==267232==    by 0x1B667E: HandleSehExceptionsInMethodIfSupported<testing::internal::UnitTestImpl, bool> (gtest.cc:2631)
==267232==    by 0x1B667E: bool testing::internal::HandleExceptionsInMethodIfSupported<testing::internal::UnitTestImpl, bool>(testing::internal::UnitTestImpl*, bool (testing::internal::UnitTestImpl::*)(), char const*) (gtest.cc:2667)
==267232==    by 0x1AACFE: testing::UnitTest::Run() (gtest.cc:5464)
==267232==    by 0x12D35E: RUN_ALL_TESTS (gtest.h:2492)
==267232==    by 0x12D35E: main (testfa.cc:4822)
==267232== 
==267232== Conditional jump or move depends on uninitialised value(s)
==267232==    at 0x137D63: _M_lower_bound (stl_tree.h:1951)
==267232==    by 0x137D63: find (stl_tree.h:2566)
==267232==    by 0x137D63: find (stl_map.h:1195)
==267232==    by 0x137D63: fa::Automaton::hasState(int) const (Automaton.cc:113)
==267232==    by 0x139DDA: fa::Automaton::addTransition(int, char, int) [clone .part.0] (Automaton.cc:192)
==267232==    by 0x13D532: addTransition (Automaton.cc:977)
==267232==    by 0x13D532: fa::Automaton::createMinimalMoore(fa::Automaton const&) (Automaton.cc:977)
==267232==    by 0x1765C6: void (anonymous namespace)::testCreateMinimal_AlreadyMinimal1<fa::Automaton (*)(fa::Automaton const&)>(fa::Automaton (*)(fa::Automaton const&)) (testfa.cc:4132)
==267232==    by 0x1B622E: HandleSehExceptionsInMethodIfSupported<testing::Test, void> (gtest.cc:2631)
==267232==    by 0x1B622E: void testing::internal::HandleExceptionsInMethodIfSupported<testing::Test, void>(testing::Test*, void (testing::Test::*)(), char const*) (gtest.cc:2667)
==267232==    by 0x1AA9B5: testing::Test::Run() [clone .part.0] (gtest.cc:2706)
==267232==    by 0x1AABF1: Run (gtest.cc:2697)
==267232==    by 0x1AABF1: testing::TestInfo::Run() [clone .part.0] (gtest.cc:2885)
==267232==    by 0x1AB299: Run (gtest.cc:2858)
==267232==    by 0x1AB299: testing::TestSuite::Run() [clone .part.0] (gtest.cc:3039)
==267232==    by 0x1ABA9B: Run (gtest.cc:3018)
==267232==    by 0x1ABA9B: testing::internal::UnitTestImpl::RunAllTests() (gtest.cc:5897)
==267232==    by 0x1B667E: HandleSehExceptionsInMethodIfSupported<testing::internal::UnitTestImpl, bool> (gtest.cc:2631)
==267232==    by 0x1B667E: bool testing::internal::HandleExceptionsInMethodIfSupported<testing::internal::UnitTestImpl, bool>(testing::internal::UnitTestImpl*, bool (testing::internal::UnitTestImpl::*)(), char const*) (gtest.cc:2667)
==267232==    by 0x1AACFE: testing::UnitTest::Run() (gtest.cc:5464)
==267232==    by 0x12D35E: RUN_ALL_TESTS (gtest.h:2492)
==267232==    by 0x12D35E: main (testfa.cc:4822)
==267232== 
==267232== Conditional jump or move depends on uninitialised value(s)
==267232==    at 0x139DE0: fa::Automaton::addTransition(int, char, int) [clone .part.0] (Automaton.cc:192)
==267232==    by 0x13D532: addTransition (Automaton.cc:977)
==267232==    by 0x13D532: fa::Automaton::createMinimalMoore(fa::Automaton const&) (Automaton.cc:977)
==267232==    by 0x1765C6: void (anonymous namespace)::testCreateMinimal_AlreadyMinimal1<fa::Automaton (*)(fa::Automaton const&)>(fa::Automaton (*)(fa::Automaton const&)) (testfa.cc:4132)
==267232==    by 0x1B622E: HandleSehExceptionsInMethodIfSupported<testing::Test, void> (gtest.cc:2631)
==267232==    by 0x1B622E: void testing::internal::HandleExceptionsInMethodIfSupported<testing::Test, void>(testing::Test*, void (testing::Test::*)(), char const*) (gtest.cc:2667)
==267232==    by 0x1AA9B5: testing::Test::Run() [clone .part.0] (gtest.cc:2706)
==267232==    by 0x1AABF1: Run (gtest.cc:2697)
==267232==    by 0x1AABF1: testing::TestInfo::Run() [clone .part.0] (gtest.cc:2885)
==267232==    by 0x1AB299: Run (gtest.cc:2858)
==267232==    by 0x1AB299: testing::TestSuite::Run() [clone .part.0] (gtest.cc:3039)
==267232==    by 0x1ABA9B: Run (gtest.cc:3018)
==267232==    by 0x1ABA9B: testing::internal::UnitTestImpl::RunAllTests() (gtest.cc:5897)
==267232==    by 0x1B667E: HandleSehExceptionsInMethodIfSupported<testing::internal::UnitTestImpl, bool> (gtest.cc:2631)
==267232==    by 0x1B667E: bool testing::internal::HandleExceptionsInMethodIfSupported<testing::internal::UnitTestImpl, bool>(testing::internal::UnitTestImpl*, bool (testing::internal::UnitTestImpl::*)(), char const*) (gtest.cc:2667)
==267232==    by 0x1AACFE: testing::UnitTest::Run() (gtest.cc:5464)
==267232==    by 0x12D35E: RUN_ALL_TESTS (gtest.h:2492)
==267232==    by 0x12D35E: main (testfa.cc:4822)
==267232== 
==267232== Conditional jump or move depends on uninitialised value(s)
==267232==    at 0x137D35: fa::Automaton::hasState(int) const (Automaton.cc:109)
==267232==    by 0x139DEF: fa::Automaton::addTransition(int, char, int) [clone .part.0] (Automaton.cc:192)
==267232==    by 0x13D532: addTransition (Automaton.cc:977)
==267232==    by 0x13D532: fa::Automaton::createMinimalMoore(fa::Automaton const&) (Automaton.cc:977)
==267232==    by 0x1765C6: void (anonymous namespace)::testCreateMinimal_AlreadyMinimal1<fa::Automaton (*)(fa::Automaton const&)>(fa::Automaton (*)(fa::Automaton const&)) (testfa.cc:4132)
==267232==    by 0x1B622E: HandleSehExceptionsInMethodIfSupported<testing::Test, void> (gtest.cc:2631)
==267232==    by 0x1B622E: void testing::internal::HandleExceptionsInMethodIfSupported<testing::Test, void>(testing::Test*, void (testing::Test::*)(), char const*) (gtest.cc:2667)
==267232==    by 0x1AA9B5: testing::Test::Run() [clone .part.0] (gtest.cc:2706)
==267232==    by 0x1AABF1: Run (gtest.cc:2697)
==267232==    by 0x1AABF1: testing::TestInfo::Run() [clone .part.0] (gtest.cc:2885)
==267232==    by 0x1AB299: Run (gtest.cc:2858)
==267232==    by 0x1AB299: testing::TestSuite::Run() [clone .part.0] (gtest.cc:3039)
==267232==    by 0x1ABA9B: Run (gtest.cc:3018)
==267232==    by 0x1ABA9B: testing::internal::UnitTestImpl::RunAllTests() (gtest.cc:5897)
==267232==    by 0x1B667E: HandleSehExceptionsInMethodIfSupported<testing::internal::UnitTestImpl, bool> (gtest.cc:2631)
==267232==    by 0x1B667E: bool testing::internal::HandleExceptionsInMethodIfSupported<testing::internal::UnitTestImpl, bool>(testing::internal::UnitTestImpl*, bool (testing::internal::UnitTestImpl::*)(), char const*) (gtest.cc:2667)
==267232==    by 0x1AACFE: testing::UnitTest::Run() (gtest.cc:5464)
==267232==    by 0x12D35E: RUN_ALL_TESTS (gtest.h:2492)
==267232==    by 0x12D35E: main (testfa.cc:4822)
==267232== 
==267232== Conditional jump or move depends on uninitialised value(s)
==267232==    at 0x137D63: _M_lower_bound (stl_tree.h:1951)
==267232==    by 0x137D63: find (stl_tree.h:2566)
==267232==    by 0x137D63: find (stl_map.h:1195)
==267232==    by 0x137D63: fa::Automaton::hasState(int) const (Automaton.cc:113)
==267232==    by 0x139DEF: fa::Automaton::addTransition(int, char, int) [clone .part.0] (Automaton.cc:192)
==267232==    by 0x13D532: addTransition (Automaton.cc:977)
==267232==    by 0x13D532: fa::Automaton::createMinimalMoore(fa::Automaton const&) (Automaton.cc:977)
==267232==    by 0x1765C6: void (anonymous namespace)::testCreateMinimal_AlreadyMinimal1<fa::Automaton (*)(fa::Automaton const&)>(fa::Automaton (*)(fa::Automaton const&)) (testfa.cc:4132)
==267232==    by 0x1B622E: HandleSehExceptionsInMethodIfSupported<testing::Test, void> (gtest.cc:2631)
==267232==    by 0x1B622E: void testing::internal::HandleExceptionsInMethodIfSupported<testing::Test, void>(testing::Test*, void (testing::Test::*)(), char const*) (gtest.cc:2667)
==267232==    by 0x1AA9B5: testing::Test::Run() [clone .part.0] (gtest.cc:2706)
==267232==    by 0x1AABF1: Run (gtest.cc:2697)
==267232==    by 0x1AABF1: testing::TestInfo::Run() [clone .part.0] (gtest.cc:2885)
==267232==    by 0x1AB299: Run (gtest.cc:2858)
==267232==    by 0x1AB299: testing::TestSuite::Run() [clone .part.0] (gtest.cc:3039)
==267232==    by 0x1ABA9B: Run (gtest.cc:3018)
==267232==    by 0x1ABA9B: testing::internal::UnitTestImpl::RunAllTests() (gtest.cc:5897)
==267232==    by 0x1B667E: HandleSehExceptionsInMethodIfSupported<testing::internal::UnitTestImpl, bool> (gtest.cc:2631)
==267232==    by 0x1B667E: bool testing::internal::HandleExceptionsInMethodIfSupported<testing::internal::UnitTestImpl, bool>(testing::internal::UnitTestImpl*, bool (testing::internal::UnitTestImpl::*)(), char const*) (gtest.cc:2667)
==267232==    by 0x1AACFE: testing::UnitTest::Run() (gtest.cc:5464)
==267232==    by 0x12D35E: RUN_ALL_TESTS (gtest.h:2492)
==267232==    by 0x12D35E: main (testfa.cc:4822)
==267232== 
==267232== Conditional jump or move depends on uninitialised value(s)
==267232==    at 0x139DF5: fa::Automaton::addTransition(int, char, int) [clone .part.0] (Automaton.cc:192)
==267232==    by 0x13D532: addTransition (Automaton.cc:977)
==267232==    by 0x13D532: fa::Automaton::createMinimalMoore(fa::Automaton const&) (Automaton.cc:977)
==267232==    by 0x1765C6: void (anonymous namespace)::testCreateMinimal_AlreadyMinimal1<fa::Automaton (*)(fa::Automaton const&)>(fa::Automaton (*)(fa::Automaton const&)) (testfa.cc:4132)
==267232==    by 0x1B622E: HandleSehExceptionsInMethodIfSupported<testing::Test, void> (gtest.cc:2631)
==267232==    by 0x1B622E: void testing::internal::HandleExceptionsInMethodIfSupported<testing::Test, void>(testing::Test*, void (testing::Test::*)(), char const*) (gtest.cc:2667)
==267232==    by 0x1AA9B5: testing::Test::Run() [clone .part.0] (gtest.cc:2706)
==267232==    by 0x1AABF1: Run (gtest.cc:2697)
==267232==    by 0x1AABF1: testing::TestInfo::Run() [clone .part.0] (gtest.cc:2885)
==267232==    by 0x1AB299: Run (gtest.cc:2858)
==267232==    by 0x1AB299: testing::TestSuite::Run() [clone .part.0] (gtest.cc:3039)
==267232==    by 0x1ABA9B: Run (gtest.cc:3018)
==267232==    by 0x1ABA9B: testing::internal::UnitTestImpl::RunAllTests() (gtest.cc:5897)
==267232==    by 0x1B667E: HandleSehExceptionsInMethodIfSupported<testing::internal::UnitTestImpl, bool> (gtest.cc:2631)
==267232==    by 0x1B667E: bool testing::internal::HandleExceptionsInMethodIfSupported<testing::internal::UnitTestImpl, bool>(testing::internal::UnitTestImpl*, bool (testing::internal::UnitTestImpl::*)(), char const*) (gtest.cc:2667)
==267232==    by 0x1AACFE: testing::UnitTest::Run() (gtest.cc:5464)
==267232==    by 0x12D35E: RUN_ALL_TESTS (gtest.h:2492)
==267232==    by 0x12D35E: main (testfa.cc:4822)
==267232== 
==267232== Conditional jump or move depends on uninitialised value(s)
==267232==    at 0x139E07: hasTransition (Automaton.cc:221)
==267232==    by 0x139E07: fa::Automaton::addTransition(int, char, int) [clone .part.0] (Automaton.cc:195)
==267232==    by 0x13D532: addTransition (Automaton.cc:977)
==267232==    by 0x13D532: fa::Automaton::createMinimalMoore(fa::Automaton const&) (Automaton.cc:977)
==267232==    by 0x1765C6: void (anonymous namespace)::testCreateMinimal_AlreadyMinimal1<fa::Automaton (*)(fa::Automaton const&)>(fa::Automaton (*)(fa::Automaton const&)) (testfa.cc:4132)
==267232==    by 0x1B622E: HandleSehExceptionsInMethodIfSupported<testing::Test, void> (gtest.cc:2631)
==267232==    by 0x1B622E: void testing::internal::HandleExceptionsInMethodIfSupported<testing::Test, void>(testing::Test*, void (testing::Test::*)(), char const*) (gtest.cc:2667)
==267232==    by 0x1AA9B5: testing::Test::Run() [clone .part.0] (gtest.cc:2706)
==267232==    by 0x1AABF1: Run (gtest.cc:2697)
==267232==    by 0x1AABF1: testing::TestInfo::Run() [clone .part.0] (gtest.cc:2885)
==267232==    by 0x1AB299: Run (gtest.cc:2858)
==267232==    by 0x1AB299: testing::TestSuite::Run() [clone .part.0] (gtest.cc:3039)
==267232==    by 0x1ABA9B: Run (gtest.cc:3018)
==267232==    by 0x1ABA9B: testing::internal::UnitTestImpl::RunAllTests() (gtest.cc:5897)
==267232==    by 0x1B667E: HandleSehExceptionsInMethodIfSupported<testing::internal::UnitTestImpl, bool> (gtest.cc:2631)
==267232==    by 0x1B667E: bool testing::internal::HandleExceptionsInMethodIfSupported<testing::internal::UnitTestImpl, bool>(testing::internal::UnitTestImpl*, bool (testing::internal::UnitTestImpl::*)(), char const*) (gtest.cc:2667)
==267232==    by 0x1AACFE: testing::UnitTest::Run() (gtest.cc:5464)
==267232==    by 0x12D35E: RUN_ALL_TESTS (gtest.h:2492)
==267232==    by 0x12D35E: main (testfa.cc:4822)
==267232== 
==267232== Conditional jump or move depends on uninitialised value(s)
==267232==    at 0x137D35: fa::Automaton::hasState(int) const (Automaton.cc:109)
==267232==    by 0x137DDB: fa::Automaton::hasTransition(int, char, int) const [clone .part.0] (Automaton.cc:230)
==267232==    by 0x139E1E: hasTransition (Automaton.cc:221)
==267232==    by 0x139E1E: fa::Automaton::addTransition(int, char, int) [clone .part.0] (Automaton.cc:195)
==267232==    by 0x13D532: addTransition (Automaton.cc:977)
==267232==    by 0x13D532: fa::Automaton::createMinimalMoore(fa::Automaton const&) (Automaton.cc:977)
==267232==    by 0x1765C6: void (anonymous namespace)::testCreateMinimal_AlreadyMinimal1<fa::Automaton (*)(fa::Automaton const&)>(fa::Automaton (*)(fa::Automaton const&)) (testfa.cc:4132)
==267232==    by 0x1B622E: HandleSehExceptionsInMethodIfSupported<testing::Test, void> (gtest.cc:2631)
==267232==    by 0x1B622E: void testing::internal::HandleExceptionsInMethodIfSupported<testing::Test, void>(testing::Test*, void (testing::Test::*)(), char const*) (gtest.cc:2667)
==267232==    by 0x1AA9B5: testing::Test::Run() [clone .part.0] (gtest.cc:2706)
==267232==    by 0x1AABF1: Run (gtest.cc:2697)
==267232==    by 0x1AABF1: testing::TestInfo::Run() [clone .part.0] (gtest.cc:2885)
==267232==    by 0x1AB299: Run (gtest.cc:2858)
==267232==    by 0x1AB299: testing::TestSuite::Run() [clone .part.0] (gtest.cc:3039)
==267232==    by 0x1ABA9B: Run (gtest.cc:3018)
==267232==    by 0x1ABA9B: testing::internal::UnitTestImpl::RunAllTests() (gtest.cc:5897)
==267232==    by 0x1B667E: HandleSehExceptionsInMethodIfSupported<testing::internal::UnitTestImpl, bool> (gtest.cc:2631)
==267232==    by 0x1B667E: bool testing::internal::HandleExceptionsInMethodIfSupported<testing::internal::UnitTestImpl, bool>(testing::internal::UnitTestImpl*, bool (testing::internal::UnitTestImpl::*)(), char const*) (gtest.cc:2667)
==267232==    by 0x1AACFE: testing::UnitTest::Run() (gtest.cc:5464)
==267232== 
==267232== Conditional jump or move depends on uninitialised value(s)
==267232==    at 0x137D63: _M_lower_bound (stl_tree.h:1951)
==267232==    by 0x137D63: find (stl_tree.h:2566)
==267232==    by 0x137D63: find (stl_map.h:1195)
==267232==    by 0x137D63: fa::Automaton::hasState(int) const (Automaton.cc:113)
==267232==    by 0x137DDB: fa::Automaton::hasTransition(int, char, int) const [clone .part.0] (Automaton.cc:230)
==267232==    by 0x139E1E: hasTransition (Automaton.cc:221)
==267232==    by 0x139E1E: fa::Automaton::addTransition(int, char, int) [clone .part.0] (Automaton.cc:195)
==267232==    by 0x13D532: addTransition (Automaton.cc:977)
==267232==    by 0x13D532: fa::Automaton::createMinimalMoore(fa::Automaton const&) (Automaton.cc:977)
==267232==    by 0x1765C6: void (anonymous namespace)::testCreateMinimal_AlreadyMinimal1<fa::Automaton (*)(fa::Automaton const&)>(fa::Automaton (*)(fa::Automaton const&)) (testfa.cc:4132)
==267232==    by 0x1B622E: HandleSehExceptionsInMethodIfSupported<testing::Test, void> (gtest.cc:2631)
==267232==    by 0x1B622E: void testing::internal::HandleExceptionsInMethodIfSupported<testing::Test, void>(testing::Test*, void (testing::Test::*)(), char const*) (gtest.cc:2667)
==267232==    by 0x1AA9B5: testing::Test::Run() [clone .part.0] (gtest.cc:2706)
==267232==    by 0x1AABF1: Run (gtest.cc:2697)
==267232==    by 0x1AABF1: testing::TestInfo::Run() [clone .part.0] (gtest.cc:2885)
==267232==    by 0x1AB299: Run (gtest.cc:2858)
==267232==    by 0x1AB299: testing::TestSuite::Run() [clone .part.0] (gtest.cc:3039)
==267232==    by 0x1ABA9B: Run (gtest.cc:3018)
==267232==    by 0x1ABA9B: testing::internal::UnitTestImpl::RunAllTests() (gtest.cc:5897)
==267232==    by 0x1B667E: HandleSehExceptionsInMethodIfSupported<testing::internal::UnitTestImpl, bool> (gtest.cc:2631)
==267232==    by 0x1B667E: bool testing::internal::HandleExceptionsInMethodIfSupported<testing::internal::UnitTestImpl, bool>(testing::internal::UnitTestImpl*, bool (testing::internal::UnitTestImpl::*)(), char const*) (gtest.cc:2667)
==267232==    by 0x1AACFE: testing::UnitTest::Run() (gtest.cc:5464)
==267232== 
==267232== Conditional jump or move depends on uninitialised value(s)
==267232==    at 0x137DE1: fa::Automaton::hasTransition(int, char, int) const [clone .part.0] (Automaton.cc:230)
==267232==    by 0x139E1E: hasTransition (Automaton.cc:221)
==267232==    by 0x139E1E: fa::Automaton::addTransition(int, char, int) [clone .part.0] (Automaton.cc:195)
==267232==    by 0x13D532: addTransition (Automaton.cc:977)
==267232==    by 0x13D532: fa::Automaton::createMinimalMoore(fa::Automaton const&) (Automaton.cc:977)
==267232==    by 0x1765C6: void (anonymous namespace)::testCreateMinimal_AlreadyMinimal1<fa::Automaton (*)(fa::Automaton const&)>(fa::Automaton (*)(fa::Automaton const&)) (testfa.cc:4132)
==267232==    by 0x1B622E: HandleSehExceptionsInMethodIfSupported<testing::Test, void> (gtest.cc:2631)
==267232==    by 0x1B622E: void testing::internal::HandleExceptionsInMethodIfSupported<testing::Test, void>(testing::Test*, void (testing::Test::*)(), char const*) (gtest.cc:2667)
==267232==    by 0x1AA9B5: testing::Test::Run() [clone .part.0] (gtest.cc:2706)
==267232==    by 0x1AABF1: Run (gtest.cc:2697)
==267232==    by 0x1AABF1: testing::TestInfo::Run() [clone .part.0] (gtest.cc:2885)
==267232==    by 0x1AB299: Run (gtest.cc:2858)
==267232==    by 0x1AB299: testing::TestSuite::Run() [clone .part.0] (gtest.cc:3039)
==267232==    by 0x1ABA9B: Run (gtest.cc:3018)
==267232==    by 0x1ABA9B: testing::internal::UnitTestImpl::RunAllTests() (gtest.cc:5897)
==267232==    by 0x1B667E: HandleSehExceptionsInMethodIfSupported<testing::internal::UnitTestImpl, bool> (gtest.cc:2631)
==267232==    by 0x1B667E: bool testing::internal::HandleExceptionsInMethodIfSupported<testing::internal::UnitTestImpl, bool>(testing::internal::UnitTestImpl*, bool (testing::internal::UnitTestImpl::*)(), char const*) (gtest.cc:2667)
==267232==    by 0x1AACFE: testing::UnitTest::Run() (gtest.cc:5464)
==267232==    by 0x12D35E: RUN_ALL_TESTS (gtest.h:2492)
==267232==    by 0x12D35E: main (testfa.cc:4822)
==267232== 
==267232== Conditional jump or move depends on uninitialised value(s)
==267232==    at 0x137D35: fa::Automaton::hasState(int) const (Automaton.cc:109)
==267232==    by 0x137DEC: fa::Automaton::hasTransition(int, char, int) const [clone .part.0] (Automaton.cc:230)
==267232==    by 0x139E1E: hasTransition (Automaton.cc:221)
==267232==    by 0x139E1E: fa::Automaton::addTransition(int, char, int) [clone .part.0] (Automaton.cc:195)
==267232==    by 0x13D532: addTransition (Automaton.cc:977)
==267232==    by 0x13D532: fa::Automaton::createMinimalMoore(fa::Automaton const&) (Automaton.cc:977)
==267232==    by 0x1765C6: void (anonymous namespace)::testCreateMinimal_AlreadyMinimal1<fa::Automaton (*)(fa::Automaton const&)>(fa::Automaton (*)(fa::Automaton const&)) (testfa.cc:4132)
==267232==    by 0x1B622E: HandleSehExceptionsInMethodIfSupported<testing::Test, void> (gtest.cc:2631)
==267232==    by 0x1B622E: void testing::internal::HandleExceptionsInMethodIfSupported<testing::Test, void>(testing::Test*, void (testing::Test::*)(), char const*) (gtest.cc:2667)
==267232==    by 0x1AA9B5: testing::Test::Run() [clone .part.0] (gtest.cc:2706)
==267232==    by 0x1AABF1: Run (gtest.cc:2697)
==267232==    by 0x1AABF1: testing::TestInfo::Run() [clone .part.0] (gtest.cc:2885)
==267232==    by 0x1AB299: Run (gtest.cc:2858)
==267232==    by 0x1AB299: testing::TestSuite::Run() [clone .part.0] (gtest.cc:3039)
==267232==    by 0x1ABA9B: Run (gtest.cc:3018)
==267232==    by 0x1ABA9B: testing::internal::UnitTestImpl::RunAllTests() (gtest.cc:5897)
==267232==    by 0x1B667E: HandleSehExceptionsInMethodIfSupported<testing::internal::UnitTestImpl, bool> (gtest.cc:2631)
==267232==    by 0x1B667E: bool testing::internal::HandleExceptionsInMethodIfSupported<testing::internal::UnitTestImpl, bool>(testing::internal::UnitTestImpl*, bool (testing::internal::UnitTestImpl::*)(), char const*) (gtest.cc:2667)
==267232==    by 0x1AACFE: testing::UnitTest::Run() (gtest.cc:5464)
==267232== 
==267232== Conditional jump or move depends on uninitialised value(s)
==267232==    at 0x137D63: _M_lower_bound (stl_tree.h:1951)
==267232==    by 0x137D63: find (stl_tree.h:2566)
==267232==    by 0x137D63: find (stl_map.h:1195)
==267232==    by 0x137D63: fa::Automaton::hasState(int) const (Automaton.cc:113)
==267232==    by 0x137DEC: fa::Automaton::hasTransition(int, char, int) const [clone .part.0] (Automaton.cc:230)
==267232==    by 0x139E1E: hasTransition (Automaton.cc:221)
==267232==    by 0x139E1E: fa::Automaton::addTransition(int, char, int) [clone .part.0] (Automaton.cc:195)
==267232==    by 0x13D532: addTransition (Automaton.cc:977)
==267232==    by 0x13D532: fa::Automaton::createMinimalMoore(fa::Automaton const&) (Automaton.cc:977)
==267232==    by 0x1765C6: void (anonymous namespace)::testCreateMinimal_AlreadyMinimal1<fa::Automaton (*)(fa::Automaton const&)>(fa::Automaton (*)(fa::Automaton const&)) (testfa.cc:4132)
==267232==    by 0x1B622E: HandleSehExceptionsInMethodIfSupported<testing::Test, void> (gtest.cc:2631)
==267232==    by 0x1B622E: void testing::internal::HandleExceptionsInMethodIfSupported<testing::Test, void>(testing::Test*, void (testing::Test::*)(), char const*) (gtest.cc:2667)
==267232==    by 0x1AA9B5: testing::Test::Run() [clone .part.0] (gtest.cc:2706)
==267232==    by 0x1AABF1: Run (gtest.cc:2697)
==267232==    by 0x1AABF1: testing::TestInfo::Run() [clone .part.0] (gtest.cc:2885)
==267232==    by 0x1AB299: Run (gtest.cc:2858)
==267232==    by 0x1AB299: testing::TestSuite::Run() [clone .part.0] (gtest.cc:3039)
==267232==    by 0x1ABA9B: Run (gtest.cc:3018)
==267232==    by 0x1ABA9B: testing::internal::UnitTestImpl::RunAllTests() (gtest.cc:5897)
==267232==    by 0x1B667E: HandleSehExceptionsInMethodIfSupported<testing::internal::UnitTestImpl, bool> (gtest.cc:2631)
==267232==    by 0x1B667E: bool testing::internal::HandleExceptionsInMethodIfSupported<testing::internal::UnitTestImpl, bool>(testing::internal::UnitTestImpl*, bool (testing::internal::UnitTestImpl::*)(), char const*) (gtest.cc:2667)
==267232==    by 0x1AACFE: testing::UnitTest::Run() (gtest.cc:5464)
==267232== 
==267232== Conditional jump or move depends on uninitialised value(s)
==267232==    at 0x137DF2: fa::Automaton::hasTransition(int, char, int) const [clone .part.0] (Automaton.cc:230)
==267232==    by 0x139E1E: hasTransition (Automaton.cc:221)
==267232==    by 0x139E1E: fa::Automaton::addTransition(int, char, int) [clone .part.0] (Automaton.cc:195)
==267232==    by 0x13D532: addTransition (Automaton.cc:977)
==267232==    by 0x13D532: fa::Automaton::createMinimalMoore(fa::Automaton const&) (Automaton.cc:977)
==267232==    by 0x1765C6: void (anonymous namespace)::testCreateMinimal_AlreadyMinimal1<fa::Automaton (*)(fa::Automaton const&)>(fa::Automaton (*)(fa::Automaton const&)) (testfa.cc:4132)
==267232==    by 0x1B622E: HandleSehExceptionsInMethodIfSupported<testing::Test, void> (gtest.cc:2631)
==267232==    by 0x1B622E: void testing::internal::HandleExceptionsInMethodIfSupported<testing::Test, void>(testing::Test*, void (testing::Test::*)(), char const*) (gtest.cc:2667)
==267232==    by 0x1AA9B5: testing::Test::Run() [clone .part.0] (gtest.cc:2706)
==267232==    by 0x1AABF1: Run (gtest.cc:2697)
==267232==    by 0x1AABF1: testing::TestInfo::Run() [clone .part.0] (gtest.cc:2885)
==267232==    by 0x1AB299: Run (gtest.cc:2858)
==267232==    by 0x1AB299: testing::TestSuite::Run() [clone .part.0] (gtest.cc:3039)
==267232==    by 0x1ABA9B: Run (gtest.cc:3018)
==267232==    by 0x1ABA9B: testing::internal::UnitTestImpl::RunAllTests() (gtest.cc:5897)
==267232==    by 0x1B667E: HandleSehExceptionsInMethodIfSupported<testing::internal::UnitTestImpl, bool> (gtest.cc:2631)
==267232==    by 0x1B667E: bool testing::internal::HandleExceptionsInMethodIfSupported<testing::internal::UnitTestImpl, bool>(testing::internal::UnitTestImpl*, bool (testing::internal::UnitTestImpl::*)(), char const*) (gtest.cc:2667)
==267232==    by 0x1AACFE: testing::UnitTest::Run() (gtest.cc:5464)
==267232==    by 0x12D35E: RUN_ALL_TESTS (gtest.h:2492)
==267232==    by 0x12D35E: main (testfa.cc:4822)
==267232== 
==267232== Conditional jump or move depends on uninitialised value(s)
==267232==    at 0x137E13: fa::Automaton::hasTransition(int, char, int) const [clone .part.0] (Automaton.cc:235)
==267232==    by 0x139E1E: hasTransition (Automaton.cc:221)
==267232==    by 0x139E1E: fa::Automaton::addTransition(int, char, int) [clone .part.0] (Automaton.cc:195)
==267232==    by 0x13D532: addTransition (Automaton.cc:977)
==267232==    by 0x13D532: fa::Automaton::createMinimalMoore(fa::Automaton const&) (Automaton.cc:977)
==267232==    by 0x1765C6: void (anonymous namespace)::testCreateMinimal_AlreadyMinimal1<fa::Automaton (*)(fa::Automaton const&)>(fa::Automaton (*)(fa::Automaton const&)) (testfa.cc:4132)
==267232==    by 0x1B622E: HandleSehExceptionsInMethodIfSupported<testing::Test, void> (gtest.cc:2631)
==267232==    by 0x1B622E: void testing::internal::HandleExceptionsInMethodIfSupported<testing::Test, void>(testing::Test*, void (testing::Test::*)(), char const*) (gtest.cc:2667)
==267232==    by 0x1AA9B5: testing::Test::Run() [clone .part.0] (gtest.cc:2706)
==267232==    by 0x1AABF1: Run (gtest.cc:2697)
==267232==    by 0x1AABF1: testing::TestInfo::Run() [clone .part.0] (gtest.cc:2885)
==267232==    by 0x1AB299: Run (gtest.cc:2858)
==267232==    by 0x1AB299: testing::TestSuite::Run() [clone .part.0] (gtest.cc:3039)
==267232==    by 0x1ABA9B: Run (gtest.cc:3018)
==267232==    by 0x1ABA9B: testing::internal::UnitTestImpl::RunAllTests() (gtest.cc:5897)
==267232==    by 0x1B667E: HandleSehExceptionsInMethodIfSupported<testing::internal::UnitTestImpl, bool> (gtest.cc:2631)
==267232==    by 0x1B667E: bool testing::internal::HandleExceptionsInMethodIfSupported<testing::internal::UnitTestImpl, bool>(testing::internal::UnitTestImpl*, bool (testing::internal::UnitTestImpl::*)(), char const*) (gtest.cc:2667)
==267232==    by 0x1AACFE: testing::UnitTest::Run() (gtest.cc:5464)
==267232==    by 0x12D35E: RUN_ALL_TESTS (gtest.h:2492)
==267232==    by 0x12D35E: main (testfa.cc:4822)
==267232== 
==267232== Conditional jump or move depends on uninitialised value(s)
==267232==    at 0x137E18: fa::Automaton::hasTransition(int, char, int) const [clone .part.0] (Automaton.cc:235)
==267232==    by 0x139E1E: hasTransition (Automaton.cc:221)
==267232==    by 0x139E1E: fa::Automaton::addTransition(int, char, int) [clone .part.0] (Automaton.cc:195)
==267232==    by 0x13D532: addTransition (Automaton.cc:977)
==267232==    by 0x13D532: fa::Automaton::createMinimalMoore(fa::Automaton const&) (Automaton.cc:977)
==267232==    by 0x1765C6: void (anonymous namespace)::testCreateMinimal_AlreadyMinimal1<fa::Automaton (*)(fa::Automaton const&)>(fa::Automaton (*)(fa::Automaton const&)) (testfa.cc:4132)
==267232==    by 0x1B622E: HandleSehExceptionsInMethodIfSupported<testing::Test, void> (gtest.cc:2631)
==267232==    by 0x1B622E: void testing::internal::HandleExceptionsInMethodIfSupported<testing::Test, void>(testing::Test*, void (testing::Test::*)(), char const*) (gtest.cc:2667)
==267232==    by 0x1AA9B5: testing::Test::Run() [clone .part.0] (gtest.cc:2706)
==267232==    by 0x1AABF1: Run (gtest.cc:2697)
==267232==    by 0x1AABF1: testing::TestInfo::Run() [clone .part.0] (gtest.cc:2885)
==267232==    by 0x1AB299: Run (gtest.cc:2858)
==267232==    by 0x1AB299: testing::TestSuite::Run() [clone .part.0] (gtest.cc:3039)
==267232==    by 0x1ABA9B: Run (gtest.cc:3018)
==267232==    by 0x1ABA9B: testing::internal::UnitTestImpl::RunAllTests() (gtest.cc:5897)
==267232==    by 0x1B667E: HandleSehExceptionsInMethodIfSupported<testing::internal::UnitTestImpl, bool> (gtest.cc:2631)
==267232==    by 0x1B667E: bool testing::internal::HandleExceptionsInMethodIfSupported<testing::internal::UnitTestImpl, bool>(testing::internal::UnitTestImpl*, bool (testing::internal::UnitTestImpl::*)(), char const*) (gtest.cc:2667)
==267232==    by 0x1AACFE: testing::UnitTest::Run() (gtest.cc:5464)
==267232==    by 0x12D35E: RUN_ALL_TESTS (gtest.h:2492)
==267232==    by 0x12D35E: main (testfa.cc:4822)
==267232== 
==267232== Conditional jump or move depends on uninitialised value(s)
==267232==    at 0x139E27: fa::Automaton::addTransition(int, char, int) [clone .part.0] (Automaton.cc:195)
==267232==    by 0x13D532: addTransition (Automaton.cc:977)
==267232==    by 0x13D532: fa::Automaton::createMinimalMoore(fa::Automaton const&) (Automaton.cc:977)
==267232==    by 0x1765C6: void (anonymous namespace)::testCreateMinimal_AlreadyMinimal1<fa::Automaton (*)(fa::Automaton const&)>(fa::Automaton (*)(fa::Automaton const&)) (testfa.cc:4132)
==267232==    by 0x1B622E: HandleSehExceptionsInMethodIfSupported<testing::Test, void> (gtest.cc:2631)
==267232==    by 0x1B622E: void testing::internal::HandleExceptionsInMethodIfSupported<testing::Test, void>(testing::Test*, void (testing::Test::*)(), char const*) (gtest.cc:2667)
==267232==    by 0x1AA9B5: testing::Test::Run() [clone .part.0] (gtest.cc:2706)
==267232==    by 0x1AABF1: Run (gtest.cc:2697)
==267232==    by 0x1AABF1: testing::TestInfo::Run() [clone .part.0] (gtest.cc:2885)
==267232==    by 0x1AB299: Run (gtest.cc:2858)
==267232==    by 0x1AB299: testing::TestSuite::Run() [clone .part.0] (gtest.cc:3039)
==267232==    by 0x1ABA9B: Run (gtest.cc:3018)
==267232==    by 0x1ABA9B: testing::internal::UnitTestImpl::RunAllTests() (gtest.cc:5897)
==267232==    by 0x1B667E: HandleSehExceptionsInMethodIfSupported<testing::internal::UnitTestImpl, bool> (gtest.cc:2631)
==267232==    by 0x1B667E: bool testing::internal::HandleExceptionsInMethodIfSupported<testing::internal::UnitTestImpl, bool>(testing::internal::UnitTestImpl*, bool (testing::internal::UnitTestImpl::*)(), char const*) (gtest.cc:2667)
==267232==    by 0x1AACFE: testing::UnitTest::Run() (gtest.cc:5464)
==267232==    by 0x12D35E: RUN_ALL_TESTS (gtest.h:2492)
==267232==    by 0x12D35E: main (testfa.cc:4822)
==267232== 
==267232== Conditional jump or move depends on uninitialised value(s)
==267232==    at 0x137D35: fa::Automaton::hasState(int) const (Automaton.cc:109)
==267232==    by 0x137EB7: fa::Automaton::isStateInitial(int) const (Automaton.cc:142)
==267232==    by 0x137F4B: fa::Automaton::isDeterministic() const [clone .part.0] (Automaton.cc:308)
==267232==    by 0x1765EB: void (anonymous namespace)::testCreateMinimal_AlreadyMinimal1<fa::Automaton (*)(fa::Automaton const&)>(fa::Automaton (*)(fa::Automaton const&)) (testfa.cc:4135)
==267232==    by 0x1B622E: HandleSehExceptionsInMethodIfSupported<testing::Test, void> (gtest.cc:2631)
==267232==    by 0x1B622E: void testing::internal::HandleExceptionsInMethodIfSupported<testing::Test, void>(testing::Test*, void (testing::Test::*)(), char const*) (gtest.cc:2667)
==267232==    by 0x1AA9B5: testing::Test::Run() [clone .part.0] (gtest.cc:2706)
==267232==    by 0x1AABF1: Run (gtest.cc:2697)
==267232==    by 0x1AABF1: testing::TestInfo::Run() [clone .part.0] (gtest.cc:2885)
==267232==    by 0x1AB299: Run (gtest.cc:2858)
==267232==    by 0x1AB299: testing::TestSuite::Run() [clone .part.0] (gtest.cc:3039)
==267232==    by 0x1ABA9B: Run (gtest.cc:3018)
==267232==    by 0x1ABA9B: testing::internal::UnitTestImpl::RunAllTests() (gtest.cc:5897)
==267232==    by 0x1B667E: HandleSehExceptionsInMethodIfSupported<testing::internal::UnitTestImpl, bool> (gtest.cc:2631)
==267232==    by 0x1B667E: bool testing::internal::HandleExceptionsInMethodIfSupported<testing::internal::UnitTestImpl, bool>(testing::internal::UnitTestImpl*, bool (testing::internal::UnitTestImpl::*)(), char const*) (gtest.cc:2667)
==267232==    by 0x1AACFE: testing::UnitTest::Run() (gtest.cc:5464)
==267232==    by 0x12D35E: RUN_ALL_TESTS (gtest.h:2492)
==267232==    by 0x12D35E: main (testfa.cc:4822)
==267232== 
==267232== Conditional jump or move depends on uninitialised value(s)
==267232==    at 0x137D63: _M_lower_bound (stl_tree.h:1951)
==267232==    by 0x137D63: find (stl_tree.h:2566)
==267232==    by 0x137D63: find (stl_map.h:1195)
==267232==    by 0x137D63: fa::Automaton::hasState(int) const (Automaton.cc:113)
==267232==    by 0x137EB7: fa::Automaton::isStateInitial(int) const (Automaton.cc:142)
==267232==    by 0x137F4B: fa::Automaton::isDeterministic() const [clone .part.0] (Automaton.cc:308)
==267232==    by 0x1765EB: void (anonymous namespace)::testCreateMinimal_AlreadyMinimal1<fa::Automaton (*)(fa::Automaton const&)>(fa::Automaton (*)(fa::Automaton const&)) (testfa.cc:4135)
==267232==    by 0x1B622E: HandleSehExceptionsInMethodIfSupported<testing::Test, void> (gtest.cc:2631)
==267232==    by 0x1B622E: void testing::internal::HandleExceptionsInMethodIfSupported<testing::Test, void>(testing::Test*, void (testing::Test::*)(), char const*) (gtest.cc:2667)
==267232==    by 0x1AA9B5: testing::Test::Run() [clone .part.0] (gtest.cc:2706)
==267232==    by 0x1AABF1: Run (gtest.cc:2697)
==267232==    by 0x1AABF1: testing::TestInfo::Run() [clone .part.0] (gtest.cc:2885)
==267232==    by 0x1AB299: Run (gtest.cc:2858)
==267232==    by 0x1AB299: testing::TestSuite::Run() [clone .part.0] (gtest.cc:3039)
==267232==    by 0x1ABA9B: Run (gtest.cc:3018)
==267232==    by 0x1ABA9B: testing::internal::UnitTestImpl::RunAllTests() (gtest.cc:5897)
==267232==    by 0x1B667E: HandleSehExceptionsInMethodIfSupported<testing::internal::UnitTestImpl, bool> (gtest.cc:2631)
==267232==    by 0x1B667E: bool testing::internal::HandleExceptionsInMethodIfSupported<testing::internal::UnitTestImpl, bool>(testing::internal::UnitTestImpl*, bool (testing::internal::UnitTestImpl::*)(), char const*) (gtest.cc:2667)
==267232==    by 0x1AACFE: testing::UnitTest::Run() (gtest.cc:5464)
==267232==    by 0x12D35E: RUN_ALL_TESTS (gtest.h:2492)
==267232==    by 0x12D35E: main (testfa.cc:4822)
==267232== 
==267232== Conditional jump or move depends on uninitialised value(s)
==267232==    at 0x137EBA: fa::Automaton::isStateInitial(int) const (Automaton.cc:142)
==267232==    by 0x137F4B: fa::Automaton::isDeterministic() const [clone .part.0] (Automaton.cc:308)
==267232==    by 0x1765EB: void (anonymous namespace)::testCreateMinimal_AlreadyMinimal1<fa::Automaton (*)(fa::Automaton const&)>(fa::Automaton (*)(fa::Automaton const&)) (testfa.cc:4135)
==267232==    by 0x1B622E: HandleSehExceptionsInMethodIfSupported<testing::Test, void> (gtest.cc:2631)
==267232==    by 0x1B622E: void testing::internal::HandleExceptionsInMethodIfSupported<testing::Test, void>(testing::Test*, void (testing::Test::*)(), char const*) (gtest.cc:2667)
==267232==    by 0x1AA9B5: testing::Test::Run() [clone .part.0] (gtest.cc:2706)
==267232==    by 0x1AABF1: Run (gtest.cc:2697)
==267232==    by 0x1AABF1: testing::TestInfo::Run() [clone .part.0] (gtest.cc:2885)
==267232==    by 0x1AB299: Run (gtest.cc:2858)
==267232==    by 0x1AB299: testing::TestSuite::Run() [clone .part.0] (gtest.cc:3039)
==267232==    by 0x1ABA9B: Run (gtest.cc:3018)
==267232==    by 0x1ABA9B: testing::internal::UnitTestImpl::RunAllTests() (gtest.cc:5897)
==267232==    by 0x1B667E: HandleSehExceptionsInMethodIfSupported<testing::internal::UnitTestImpl, bool> (gtest.cc:2631)
==267232==    by 0x1B667E: bool testing::internal::HandleExceptionsInMethodIfSupported<testing::internal::UnitTestImpl, bool>(testing::internal::UnitTestImpl*, bool (testing::internal::UnitTestImpl::*)(), char const*) (gtest.cc:2667)
==267232==    by 0x1AACFE: testing::UnitTest::Run() (gtest.cc:5464)
==267232==    by 0x12D35E: RUN_ALL_TESTS (gtest.h:2492)
==267232==    by 0x12D35E: main (testfa.cc:4822)
==267232== 
==267232== Conditional jump or move depends on uninitialised value(s)
==267232==    at 0x137EE3: _M_lower_bound (stl_tree.h:1951)
==267232==    by 0x137EE3: find (stl_tree.h:2566)
==267232==    by 0x137EE3: find (stl_map.h:1195)
==267232==    by 0x137EE3: fa::Automaton::isStateInitial(int) const (Automaton.cc:144)
==267232==    by 0x137F4B: fa::Automaton::isDeterministic() const [clone .part.0] (Automaton.cc:308)
==267232==    by 0x1765EB: void (anonymous namespace)::testCreateMinimal_AlreadyMinimal1<fa::Automaton (*)(fa::Automaton const&)>(fa::Automaton (*)(fa::Automaton const&)) (testfa.cc:4135)
==267232==    by 0x1B622E: HandleSehExceptionsInMethodIfSupported<testing::Test, void> (gtest.cc:2631)
==267232==    by 0x1B622E: void testing::internal::HandleExceptionsInMethodIfSupported<testing::Test, void>(testing::Test*, void (testing::Test::*)(), char const*) (gtest.cc:2667)
==267232==    by 0x1AA9B5: testing::Test::Run() [clone .part.0] (gtest.cc:2706)
==267232==    by 0x1AABF1: Run (gtest.cc:2697)
==267232==    by 0x1AABF1: testing::TestInfo::Run() [clone .part.0] (gtest.cc:2885)
==267232==    by 0x1AB299: Run (gtest.cc:2858)
==267232==    by 0x1AB299: testing::TestSuite::Run() [clone .part.0] (gtest.cc:3039)
==267232==    by 0x1ABA9B: Run (gtest.cc:3018)
==267232==    by 0x1ABA9B: testing::internal::UnitTestImpl::RunAllTests() (gtest.cc:5897)
==267232==    by 0x1B667E: HandleSehExceptionsInMethodIfSupported<testing::internal::UnitTestImpl, bool> (gtest.cc:2631)
==267232==    by 0x1B667E: bool testing::internal::HandleExceptionsInMethodIfSupported<testing::internal::UnitTestImpl, bool>(testing::internal::UnitTestImpl*, bool (testing::internal::UnitTestImpl::*)(), char const*) (gtest.cc:2667)
==267232==    by 0x1AACFE: testing::UnitTest::Run() (gtest.cc:5464)
==267232==    by 0x12D35E: RUN_ALL_TESTS (gtest.h:2492)
==267232==    by 0x12D35E: main (testfa.cc:4822)
==267232== 
==267232== Conditional jump or move depends on uninitialised value(s)
==267232==    at 0x137EFA: find (stl_tree.h:2568)
==267232==    by 0x137EFA: find (stl_map.h:1195)
==267232==    by 0x137EFA: fa::Automaton::isStateInitial(int) const (Automaton.cc:144)
==267232==    by 0x137F4B: fa::Automaton::isDeterministic() const [clone .part.0] (Automaton.cc:308)
==267232==    by 0x1765EB: void (anonymous namespace)::testCreateMinimal_AlreadyMinimal1<fa::Automaton (*)(fa::Automaton const&)>(fa::Automaton (*)(fa::Automaton const&)) (testfa.cc:4135)
==267232==    by 0x1B622E: HandleSehExceptionsInMethodIfSupported<testing::Test, void> (gtest.cc:2631)
==267232==    by 0x1B622E: void testing::internal::HandleExceptionsInMethodIfSupported<testing::Test, void>(testing::Test*, void (testing::Test::*)(), char const*) (gtest.cc:2667)
==267232==    by 0x1AA9B5: testing::Test::Run() [clone .part.0] (gtest.cc:2706)
==267232==    by 0x1AABF1: Run (gtest.cc:2697)
==267232==    by 0x1AABF1: testing::TestInfo::Run() [clone .part.0] (gtest.cc:2885)
==267232==    by 0x1AB299: Run (gtest.cc:2858)
==267232==    by 0x1AB299: testing::TestSuite::Run() [clone .part.0] (gtest.cc:3039)
==267232==    by 0x1ABA9B: Run (gtest.cc:3018)
==267232==    by 0x1ABA9B: testing::internal::UnitTestImpl::RunAllTests() (gtest.cc:5897)
==267232==    by 0x1B667E: HandleSehExceptionsInMethodIfSupported<testing::internal::UnitTestImpl, bool> (gtest.cc:2631)
==267232==    by 0x1B667E: bool testing::internal::HandleExceptionsInMethodIfSupported<testing::internal::UnitTestImpl, bool>(testing::internal::UnitTestImpl*, bool (testing::internal::UnitTestImpl::*)(), char const*) (gtest.cc:2667)
==267232==    by 0x1AACFE: testing::UnitTest::Run() (gtest.cc:5464)
==267232==    by 0x12D35E: RUN_ALL_TESTS (gtest.h:2492)
==267232==    by 0x12D35E: main (testfa.cc:4822)
==267232== 
==267232== Conditional jump or move depends on uninitialised value(s)
==267232==    at 0x137FA2: fa::Automaton::isDeterministic() const [clone .part.0] (Automaton.cc:324)
==267232==    by 0x1765EB: void (anonymous namespace)::testCreateMinimal_AlreadyMinimal1<fa::Automaton (*)(fa::Automaton const&)>(fa::Automaton (*)(fa::Automaton const&)) (testfa.cc:4135)
==267232==    by 0x1B622E: HandleSehExceptionsInMethodIfSupported<testing::Test, void> (gtest.cc:2631)
==267232==    by 0x1B622E: void testing::internal::HandleExceptionsInMethodIfSupported<testing::Test, void>(testing::Test*, void (testing::Test::*)(), char const*) (gtest.cc:2667)
==267232==    by 0x1AA9B5: testing::Test::Run() [clone .part.0] (gtest.cc:2706)
==267232==    by 0x1AABF1: Run (gtest.cc:2697)
==267232==    by 0x1AABF1: testing::TestInfo::Run() [clone .part.0] (gtest.cc:2885)
==267232==    by 0x1AB299: Run (gtest.cc:2858)
==267232==    by 0x1AB299: testing::TestSuite::Run() [clone .part.0] (gtest.cc:3039)
==267232==    by 0x1ABA9B: Run (gtest.cc:3018)
==267232==    by 0x1ABA9B: testing::internal::UnitTestImpl::RunAllTests() (gtest.cc:5897)
==267232==    by 0x1B667E: HandleSehExceptionsInMethodIfSupported<testing::internal::UnitTestImpl, bool> (gtest.cc:2631)
==267232==    by 0x1B667E: bool testing::internal::HandleExceptionsInMethodIfSupported<testing::internal::UnitTestImpl, bool>(testing::internal::UnitTestImpl*, bool (testing::internal::UnitTestImpl::*)(), char const*) (gtest.cc:2667)
==267232==    by 0x1AACFE: testing::UnitTest::Run() (gtest.cc:5464)
==267232==    by 0x12D35E: RUN_ALL_TESTS (gtest.h:2492)
==267232==    by 0x12D35E: main (testfa.cc:4822)
==267232== 
==267232== Conditional jump or move depends on uninitialised value(s)
==267232==    at 0x138482: isComplete (Automaton.cc:349)
==267232==    by 0x138482: fa::Automaton::isComplete() const (Automaton.cc:340)
==267232==    by 0x176608: void (anonymous namespace)::testCreateMinimal_AlreadyMinimal1<fa::Automaton (*)(fa::Automaton const&)>(fa::Automaton (*)(fa::Automaton const&)) (testfa.cc:4136)
==267232==    by 0x1B622E: HandleSehExceptionsInMethodIfSupported<testing::Test, void> (gtest.cc:2631)
==267232==    by 0x1B622E: void testing::internal::HandleExceptionsInMethodIfSupported<testing::Test, void>(testing::Test*, void (testing::Test::*)(), char const*) (gtest.cc:2667)
==267232==    by 0x1AA9B5: testing::Test::Run() [clone .part.0] (gtest.cc:2706)
==267232==    by 0x1AABF1: Run (gtest.cc:2697)
==267232==    by 0x1AABF1: testing::TestInfo::Run() [clone .part.0] (gtest.cc:2885)
==267232==    by 0x1AB299: Run (gtest.cc:2858)
==267232==    by 0x1AB299: testing::TestSuite::Run() [clone .part.0] (gtest.cc:3039)
==267232==    by 0x1ABA9B: Run (gtest.cc:3018)
==267232==    by 0x1ABA9B: testing::internal::UnitTestImpl::RunAllTests() (gtest.cc:5897)
==267232==    by 0x1B667E: HandleSehExceptionsInMethodIfSupported<testing::internal::UnitTestImpl, bool> (gtest.cc:2631)
==267232==    by 0x1B667E: bool testing::internal::HandleExceptionsInMethodIfSupported<testing::internal::UnitTestImpl, bool>(testing::internal::UnitTestImpl*, bool (testing::internal::UnitTestImpl::*)(), char const*) (gtest.cc:2667)
==267232==    by 0x1AACFE: testing::UnitTest::Run() (gtest.cc:5464)
==267232==    by 0x12D35E: RUN_ALL_TESTS (gtest.h:2492)
==267232==    by 0x12D35E: main (testfa.cc:4822)
==267232== 
/home/jube/Univ/theorie_des_langages/projet/corr/2022/sandbox/testfa.cc:4137: Failure
Expected equality of these values:
  minimal.countStates()
    Which is: 1
  6u
    Which is: 6
==267232== Conditional jump or move depends on uninitialised value(s)
==267232==    at 0x137D35: fa::Automaton::hasState(int) const (Automaton.cc:109)
==267232==    by 0x137EB7: fa::Automaton::isStateInitial(int) const (Automaton.cc:142)
==267232==    by 0x138E76: fa::Automaton::readString(std::__cxx11::basic_string<char, std::char_traits<char>, std::allocator<char> > const&) const (Automaton.cc:733)
==267232==    by 0x1390C9: fa::Automaton::match(std::__cxx11::basic_string<char, std::char_traits<char>, std::allocator<char> > const&) const (Automaton.cc:754)
==267232==    by 0x1565D1: (anonymous namespace)::checkEquivalentAutomaton(fa::Automaton const&, fa::Automaton const&, std::__cxx11::basic_string<char, std::char_traits<char>, std::allocator<char> > const&, std::mersenne_twister_engine<unsigned long, 32ul, 624ul, 397ul, 31ul, 2567483615ul, 11ul, 4294967295ul, 7ul, 2636928640ul, 15ul, 4022730752ul, 18ul, 1812433253ul>&) [clone .constprop.0] (testfa.cc:90)
==267232==    by 0x1766CF: void (anonymous namespace)::testCreateMinimal_AlreadyMinimal1<fa::Automaton (*)(fa::Automaton const&)>(fa::Automaton (*)(fa::Automaton const&)) (testfa.cc:4138)
==267232==    by 0x1B622E: HandleSehExceptionsInMethodIfSupported<testing::Test, void> (gtest.cc:2631)
==267232==    by 0x1B622E: void testing::internal::HandleExceptionsInMethodIfSupported<testing::Test, void>(testing::Test*, void (testing::Test::*)(), char const*) (gtest.cc:2667)
==267232==    by 0x1AA9B5: testing::Test::Run() [clone .part.0] (gtest.cc:2706)
==267232==    by 0x1AABF1: Run (gtest.cc:2697)
==267232==    by 0x1AABF1: testing::TestInfo::Run() [clone .part.0] (gtest.cc:2885)
==267232==    by 0x1AB299: Run (gtest.cc:2858)
==267232==    by 0x1AB299: testing::TestSuite::Run() [clone .part.0] (gtest.cc:3039)
==267232==    by 0x1ABA9B: Run (gtest.cc:3018)
==267232==    by 0x1ABA9B: testing::internal::UnitTestImpl::RunAllTests() (gtest.cc:5897)
==267232==    by 0x1B667E: HandleSehExceptionsInMethodIfSupported<testing::internal::UnitTestImpl, bool> (gtest.cc:2631)
==267232==    by 0x1B667E: bool testing::internal::HandleExceptionsInMethodIfSupported<testing::internal::UnitTestImpl, bool>(testing::internal::UnitTestImpl*, bool (testing::internal::UnitTestImpl::*)(), char const*) (gtest.cc:2667)
==267232== 
==267232== Conditional jump or move depends on uninitialised value(s)
==267232==    at 0x137D63: _M_lower_bound (stl_tree.h:1951)
==267232==    by 0x137D63: find (stl_tree.h:2566)
==267232==    by 0x137D63: find (stl_map.h:1195)
==267232==    by 0x137D63: fa::Automaton::hasState(int) const (Automaton.cc:113)
==267232==    by 0x137EB7: fa::Automaton::isStateInitial(int) const (Automaton.cc:142)
==267232==    by 0x138E76: fa::Automaton::readString(std::__cxx11::basic_string<char, std::char_traits<char>, std::allocator<char> > const&) const (Automaton.cc:733)
==267232==    by 0x1390C9: fa::Automaton::match(std::__cxx11::basic_string<char, std::char_traits<char>, std::allocator<char> > const&) const (Automaton.cc:754)
==267232==    by 0x1565D1: (anonymous namespace)::checkEquivalentAutomaton(fa::Automaton const&, fa::Automaton const&, std::__cxx11::basic_string<char, std::char_traits<char>, std::allocator<char> > const&, std::mersenne_twister_engine<unsigned long, 32ul, 624ul, 397ul, 31ul, 2567483615ul, 11ul, 4294967295ul, 7ul, 2636928640ul, 15ul, 4022730752ul, 18ul, 1812433253ul>&) [clone .constprop.0] (testfa.cc:90)
==267232==    by 0x1766CF: void (anonymous namespace)::testCreateMinimal_AlreadyMinimal1<fa::Automaton (*)(fa::Automaton const&)>(fa::Automaton (*)(fa::Automaton const&)) (testfa.cc:4138)
==267232==    by 0x1B622E: HandleSehExceptionsInMethodIfSupported<testing::Test, void> (gtest.cc:2631)
==267232==    by 0x1B622E: void testing::internal::HandleExceptionsInMethodIfSupported<testing::Test, void>(testing::Test*, void (testing::Test::*)(), char const*) (gtest.cc:2667)
==267232==    by 0x1AA9B5: testing::Test::Run() [clone .part.0] (gtest.cc:2706)
==267232==    by 0x1AABF1: Run (gtest.cc:2697)
==267232==    by 0x1AABF1: testing::TestInfo::Run() [clone .part.0] (gtest.cc:2885)
==267232==    by 0x1AB299: Run (gtest.cc:2858)
==267232==    by 0x1AB299: testing::TestSuite::Run() [clone .part.0] (gtest.cc:3039)
==267232==    by 0x1ABA9B: Run (gtest.cc:3018)
==267232==    by 0x1ABA9B: testing::internal::UnitTestImpl::RunAllTests() (gtest.cc:5897)
==267232==    by 0x1B667E: HandleSehExceptionsInMethodIfSupported<testing::internal::UnitTestImpl, bool> (gtest.cc:2631)
==267232==    by 0x1B667E: bool testing::internal::HandleExceptionsInMethodIfSupported<testing::internal::UnitTestImpl, bool>(testing::internal::UnitTestImpl*, bool (testing::internal::UnitTestImpl::*)(), char const*) (gtest.cc:2667)
==267232== 
==267232== Conditional jump or move depends on uninitialised value(s)
==267232==    at 0x137EBA: fa::Automaton::isStateInitial(int) const (Automaton.cc:142)
==267232==    by 0x138E76: fa::Automaton::readString(std::__cxx11::basic_string<char, std::char_traits<char>, std::allocator<char> > const&) const (Automaton.cc:733)
==267232==    by 0x1390C9: fa::Automaton::match(std::__cxx11::basic_string<char, std::char_traits<char>, std::allocator<char> > const&) const (Automaton.cc:754)
==267232==    by 0x1565D1: (anonymous namespace)::checkEquivalentAutomaton(fa::Automaton const&, fa::Automaton const&, std::__cxx11::basic_string<char, std::char_traits<char>, std::allocator<char> > const&, std::mersenne_twister_engine<unsigned long, 32ul, 624ul, 397ul, 31ul, 2567483615ul, 11ul, 4294967295ul, 7ul, 2636928640ul, 15ul, 4022730752ul, 18ul, 1812433253ul>&) [clone .constprop.0] (testfa.cc:90)
==267232==    by 0x1766CF: void (anonymous namespace)::testCreateMinimal_AlreadyMinimal1<fa::Automaton (*)(fa::Automaton const&)>(fa::Automaton (*)(fa::Automaton const&)) (testfa.cc:4138)
==267232==    by 0x1B622E: HandleSehExceptionsInMethodIfSupported<testing::Test, void> (gtest.cc:2631)
==267232==    by 0x1B622E: void testing::internal::HandleExceptionsInMethodIfSupported<testing::Test, void>(testing::Test*, void (testing::Test::*)(), char const*) (gtest.cc:2667)
==267232==    by 0x1AA9B5: testing::Test::Run() [clone .part.0] (gtest.cc:2706)
==267232==    by 0x1AABF1: Run (gtest.cc:2697)
==267232==    by 0x1AABF1: testing::TestInfo::Run() [clone .part.0] (gtest.cc:2885)
==267232==    by 0x1AB299: Run (gtest.cc:2858)
==267232==    by 0x1AB299: testing::TestSuite::Run() [clone .part.0] (gtest.cc:3039)
==267232==    by 0x1ABA9B: Run (gtest.cc:3018)
==267232==    by 0x1ABA9B: testing::internal::UnitTestImpl::RunAllTests() (gtest.cc:5897)
==267232==    by 0x1B667E: HandleSehExceptionsInMethodIfSupported<testing::internal::UnitTestImpl, bool> (gtest.cc:2631)
==267232==    by 0x1B667E: bool testing::internal::HandleExceptionsInMethodIfSupported<testing::internal::UnitTestImpl, bool>(testing::internal::UnitTestImpl*, bool (testing::internal::UnitTestImpl::*)(), char const*) (gtest.cc:2667)
==267232==    by 0x1AACFE: testing::UnitTest::Run() (gtest.cc:5464)
==267232== 
==267232== Conditional jump or move depends on uninitialised value(s)
==267232==    at 0x137EE3: _M_lower_bound (stl_tree.h:1951)
==267232==    by 0x137EE3: find (stl_tree.h:2566)
==267232==    by 0x137EE3: find (stl_map.h:1195)
==267232==    by 0x137EE3: fa::Automaton::isStateInitial(int) const (Automaton.cc:144)
==267232==    by 0x138E76: fa::Automaton::readString(std::__cxx11::basic_string<char, std::char_traits<char>, std::allocator<char> > const&) const (Automaton.cc:733)
==267232==    by 0x1390C9: fa::Automaton::match(std::__cxx11::basic_string<char, std::char_traits<char>, std::allocator<char> > const&) const (Automaton.cc:754)
==267232==    by 0x1565D1: (anonymous namespace)::checkEquivalentAutomaton(fa::Automaton const&, fa::Automaton const&, std::__cxx11::basic_string<char, std::char_traits<char>, std::allocator<char> > const&, std::mersenne_twister_engine<unsigned long, 32ul, 624ul, 397ul, 31ul, 2567483615ul, 11ul, 4294967295ul, 7ul, 2636928640ul, 15ul, 4022730752ul, 18ul, 1812433253ul>&) [clone .constprop.0] (testfa.cc:90)
==267232==    by 0x1766CF: void (anonymous namespace)::testCreateMinimal_AlreadyMinimal1<fa::Automaton (*)(fa::Automaton const&)>(fa::Automaton (*)(fa::Automaton const&)) (testfa.cc:4138)
==267232==    by 0x1B622E: HandleSehExceptionsInMethodIfSupported<testing::Test, void> (gtest.cc:2631)
==267232==    by 0x1B622E: void testing::internal::HandleExceptionsInMethodIfSupported<testing::Test, void>(testing::Test*, void (testing::Test::*)(), char const*) (gtest.cc:2667)
==267232==    by 0x1AA9B5: testing::Test::Run() [clone .part.0] (gtest.cc:2706)
==267232==    by 0x1AABF1: Run (gtest.cc:2697)
==267232==    by 0x1AABF1: testing::TestInfo::Run() [clone .part.0] (gtest.cc:2885)
==267232==    by 0x1AB299: Run (gtest.cc:2858)
==267232==    by 0x1AB299: testing::TestSuite::Run() [clone .part.0] (gtest.cc:3039)
==267232==    by 0x1ABA9B: Run (gtest.cc:3018)
==267232==    by 0x1ABA9B: testing::internal::UnitTestImpl::RunAllTests() (gtest.cc:5897)
==267232==    by 0x1B667E: HandleSehExceptionsInMethodIfSupported<testing::internal::UnitTestImpl, bool> (gtest.cc:2631)
==267232==    by 0x1B667E: bool testing::internal::HandleExceptionsInMethodIfSupported<testing::internal::UnitTestImpl, bool>(testing::internal::UnitTestImpl*, bool (testing::internal::UnitTestImpl::*)(), char const*) (gtest.cc:2667)
==267232==    by 0x1AACFE: testing::UnitTest::Run() (gtest.cc:5464)
==267232== 
==267232== Conditional jump or move depends on uninitialised value(s)
==267232==    at 0x137EFA: find (stl_tree.h:2568)
==267232==    by 0x137EFA: find (stl_map.h:1195)
==267232==    by 0x137EFA: fa::Automaton::isStateInitial(int) const (Automaton.cc:144)
==267232==    by 0x138E76: fa::Automaton::readString(std::__cxx11::basic_string<char, std::char_traits<char>, std::allocator<char> > const&) const (Automaton.cc:733)
==267232==    by 0x1390C9: fa::Automaton::match(std::__cxx11::basic_string<char, std::char_traits<char>, std::allocator<char> > const&) const (Automaton.cc:754)
==267232==    by 0x1565D1: (anonymous namespace)::checkEquivalentAutomaton(fa::Automaton const&, fa::Automaton const&, std::__cxx11::basic_string<char, std::char_traits<char>, std::allocator<char> > const&, std::mersenne_twister_engine<unsigned long, 32ul, 624ul, 397ul, 31ul, 2567483615ul, 11ul, 4294967295ul, 7ul, 2636928640ul, 15ul, 4022730752ul, 18ul, 1812433253ul>&) [clone .constprop.0] (testfa.cc:90)
==267232==    by 0x1766CF: void (anonymous namespace)::testCreateMinimal_AlreadyMinimal1<fa::Automaton (*)(fa::Automaton const&)>(fa::Automaton (*)(fa::Automaton const&)) (testfa.cc:4138)
==267232==    by 0x1B622E: HandleSehExceptionsInMethodIfSupported<testing::Test, void> (gtest.cc:2631)
==267232==    by 0x1B622E: void testing::internal::HandleExceptionsInMethodIfSupported<testing::Test, void>(testing::Test*, void (testing::Test::*)(), char const*) (gtest.cc:2667)
==267232==    by 0x1AA9B5: testing::Test::Run() [clone .part.0] (gtest.cc:2706)
==267232==    by 0x1AABF1: Run (gtest.cc:2697)
==267232==    by 0x1AABF1: testing::TestInfo::Run() [clone .part.0] (gtest.cc:2885)
==267232==    by 0x1AB299: Run (gtest.cc:2858)
==267232==    by 0x1AB299: testing::TestSuite::Run() [clone .part.0] (gtest.cc:3039)
==267232==    by 0x1ABA9B: Run (gtest.cc:3018)
==267232==    by 0x1ABA9B: testing::internal::UnitTestImpl::RunAllTests() (gtest.cc:5897)
==267232==    by 0x1B667E: HandleSehExceptionsInMethodIfSupported<testing::internal::UnitTestImpl, bool> (gtest.cc:2631)
==267232==    by 0x1B667E: bool testing::internal::HandleExceptionsInMethodIfSupported<testing::internal::UnitTestImpl, bool>(testing::internal::UnitTestImpl*, bool (testing::internal::UnitTestImpl::*)(), char const*) (gtest.cc:2667)
==267232==    by 0x1AACFE: testing::UnitTest::Run() (gtest.cc:5464)
==267232== 
==267232== Conditional jump or move depends on uninitialised value(s)
==267232==    at 0x137D35: fa::Automaton::hasState(int) const (Automaton.cc:109)
==267232==    by 0x138077: fa::Automaton::isStateFinal(int) const (Automaton.cc:169)
==267232==    by 0x1390FB: fa::Automaton::match(std::__cxx11::basic_string<char, std::char_traits<char>, std::allocator<char> > const&) const (Automaton.cc:757)
==267232==    by 0x1565D1: (anonymous namespace)::checkEquivalentAutomaton(fa::Automaton const&, fa::Automaton const&, std::__cxx11::basic_string<char, std::char_traits<char>, std::allocator<char> > const&, std::mersenne_twister_engine<unsigned long, 32ul, 624ul, 397ul, 31ul, 2567483615ul, 11ul, 4294967295ul, 7ul, 2636928640ul, 15ul, 4022730752ul, 18ul, 1812433253ul>&) [clone .constprop.0] (testfa.cc:90)
==267232==    by 0x1766CF: void (anonymous namespace)::testCreateMinimal_AlreadyMinimal1<fa::Automaton (*)(fa::Automaton const&)>(fa::Automaton (*)(fa::Automaton const&)) (testfa.cc:4138)
==267232==    by 0x1B622E: HandleSehExceptionsInMethodIfSupported<testing::Test, void> (gtest.cc:2631)
==267232==    by 0x1B622E: void testing::internal::HandleExceptionsInMethodIfSupported<testing::Test, void>(testing::Test*, void (testing::Test::*)(), char const*) (gtest.cc:2667)
==267232==    by 0x1AA9B5: testing::Test::Run() [clone .part.0] (gtest.cc:2706)
==267232==    by 0x1AABF1: Run (gtest.cc:2697)
==267232==    by 0x1AABF1: testing::TestInfo::Run() [clone .part.0] (gtest.cc:2885)
==267232==    by 0x1AB299: Run (gtest.cc:2858)
==267232==    by 0x1AB299: testing::TestSuite::Run() [clone .part.0] (gtest.cc:3039)
==267232==    by 0x1ABA9B: Run (gtest.cc:3018)
==267232==    by 0x1ABA9B: testing::internal::UnitTestImpl::RunAllTests() (gtest.cc:5897)
==267232==    by 0x1B667E: HandleSehExceptionsInMethodIfSupported<testing::internal::UnitTestImpl, bool> (gtest.cc:2631)
==267232==    by 0x1B667E: bool testing::internal::HandleExceptionsInMethodIfSupported<testing::internal::UnitTestImpl, bool>(testing::internal::UnitTestImpl*, bool (testing::internal::UnitTestImpl::*)(), char const*) (gtest.cc:2667)
==267232==    by 0x1AACFE: testing::UnitTest::Run() (gtest.cc:5464)
==267232== 
==267232== Conditional jump or move depends on uninitialised value(s)
==267232==    at 0x137D63: _M_lower_bound (stl_tree.h:1951)
==267232==    by 0x137D63: find (stl_tree.h:2566)
==267232==    by 0x137D63: find (stl_map.h:1195)
==267232==    by 0x137D63: fa::Automaton::hasState(int) const (Automaton.cc:113)
==267232==    by 0x138077: fa::Automaton::isStateFinal(int) const (Automaton.cc:169)
==267232==    by 0x1390FB: fa::Automaton::match(std::__cxx11::basic_string<char, std::char_traits<char>, std::allocator<char> > const&) const (Automaton.cc:757)
==267232==    by 0x1565D1: (anonymous namespace)::checkEquivalentAutomaton(fa::Automaton const&, fa::Automaton const&, std::__cxx11::basic_string<char, std::char_traits<char>, std::allocator<char> > const&, std::mersenne_twister_engine<unsigned long, 32ul, 624ul, 397ul, 31ul, 2567483615ul, 11ul, 4294967295ul, 7ul, 2636928640ul, 15ul, 4022730752ul, 18ul, 1812433253ul>&) [clone .constprop.0] (testfa.cc:90)
==267232==    by 0x1766CF: void (anonymous namespace)::testCreateMinimal_AlreadyMinimal1<fa::Automaton (*)(fa::Automaton const&)>(fa::Automaton (*)(fa::Automaton const&)) (testfa.cc:4138)
==267232==    by 0x1B622E: HandleSehExceptionsInMethodIfSupported<testing::Test, void> (gtest.cc:2631)
==267232==    by 0x1B622E: void testing::internal::HandleExceptionsInMethodIfSupported<testing::Test, void>(testing::Test*, void (testing::Test::*)(), char const*) (gtest.cc:2667)
==267232==    by 0x1AA9B5: testing::Test::Run() [clone .part.0] (gtest.cc:2706)
==267232==    by 0x1AABF1: Run (gtest.cc:2697)
==267232==    by 0x1AABF1: testing::TestInfo::Run() [clone .part.0] (gtest.cc:2885)
==267232==    by 0x1AB299: Run (gtest.cc:2858)
==267232==    by 0x1AB299: testing::TestSuite::Run() [clone .part.0] (gtest.cc:3039)
==267232==    by 0x1ABA9B: Run (gtest.cc:3018)
==267232==    by 0x1ABA9B: testing::internal::UnitTestImpl::RunAllTests() (gtest.cc:5897)
==267232==    by 0x1B667E: HandleSehExceptionsInMethodIfSupported<testing::internal::UnitTestImpl, bool> (gtest.cc:2631)
==267232==    by 0x1B667E: bool testing::internal::HandleExceptionsInMethodIfSupported<testing::internal::UnitTestImpl, bool>(testing::internal::UnitTestImpl*, bool (testing::internal::UnitTestImpl::*)(), char const*) (gtest.cc:2667)
==267232==    by 0x1AACFE: testing::UnitTest::Run() (gtest.cc:5464)
==267232== 
==267232== Conditional jump or move depends on uninitialised value(s)
==267232==    at 0x13807A: fa::Automaton::isStateFinal(int) const (Automaton.cc:169)
==267232==    by 0x1390FB: fa::Automaton::match(std::__cxx11::basic_string<char, std::char_traits<char>, std::allocator<char> > const&) const (Automaton.cc:757)
==267232==    by 0x1565D1: (anonymous namespace)::checkEquivalentAutomaton(fa::Automaton const&, fa::Automaton const&, std::__cxx11::basic_string<char, std::char_traits<char>, std::allocator<char> > const&, std::mersenne_twister_engine<unsigned long, 32ul, 624ul, 397ul, 31ul, 2567483615ul, 11ul, 4294967295ul, 7ul, 2636928640ul, 15ul, 4022730752ul, 18ul, 1812433253ul>&) [clone .constprop.0] (testfa.cc:90)
==267232==    by 0x1766CF: void (anonymous namespace)::testCreateMinimal_AlreadyMinimal1<fa::Automaton (*)(fa::Automaton const&)>(fa::Automaton (*)(fa::Automaton const&)) (testfa.cc:4138)
==267232==    by 0x1B622E: HandleSehExceptionsInMethodIfSupported<testing::Test, void> (gtest.cc:2631)
==267232==    by 0x1B622E: void testing::internal::HandleExceptionsInMethodIfSupported<testing::Test, void>(testing::Test*, void (testing::Test::*)(), char const*) (gtest.cc:2667)
==267232==    by 0x1AA9B5: testing::Test::Run() [clone .part.0] (gtest.cc:2706)
==267232==    by 0x1AABF1: Run (gtest.cc:2697)
==267232==    by 0x1AABF1: testing::TestInfo::Run() [clone .part.0] (gtest.cc:2885)
==267232==    by 0x1AB299: Run (gtest.cc:2858)
==267232==    by 0x1AB299: testing::TestSuite::Run() [clone .part.0] (gtest.cc:3039)
==267232==    by 0x1ABA9B: Run (gtest.cc:3018)
==267232==    by 0x1ABA9B: testing::internal::UnitTestImpl::RunAllTests() (gtest.cc:5897)
==267232==    by 0x1B667E: HandleSehExceptionsInMethodIfSupported<testing::internal::UnitTestImpl, bool> (gtest.cc:2631)
==267232==    by 0x1B667E: bool testing::internal::HandleExceptionsInMethodIfSupported<testing::internal::UnitTestImpl, bool>(testing::internal::UnitTestImpl*, bool (testing::internal::UnitTestImpl::*)(), char const*) (gtest.cc:2667)
==267232==    by 0x1AACFE: testing::UnitTest::Run() (gtest.cc:5464)
==267232==    by 0x12D35E: RUN_ALL_TESTS (gtest.h:2492)
==267232==    by 0x12D35E: main (testfa.cc:4822)
==267232== 
==267232== Conditional jump or move depends on uninitialised value(s)
==267232==    at 0x1380A3: _M_lower_bound (stl_tree.h:1951)
==267232==    by 0x1380A3: find (stl_tree.h:2566)
==267232==    by 0x1380A3: find (stl_map.h:1195)
==267232==    by 0x1380A3: fa::Automaton::isStateFinal(int) const (Automaton.cc:171)
==267232==    by 0x1390FB: fa::Automaton::match(std::__cxx11::basic_string<char, std::char_traits<char>, std::allocator<char> > const&) const (Automaton.cc:757)
==267232==    by 0x1565D1: (anonymous namespace)::checkEquivalentAutomaton(fa::Automaton const&, fa::Automaton const&, std::__cxx11::basic_string<char, std::char_traits<char>, std::allocator<char> > const&, std::mersenne_twister_engine<unsigned long, 32ul, 624ul, 397ul, 31ul, 2567483615ul, 11ul, 4294967295ul, 7ul, 2636928640ul, 15ul, 4022730752ul, 18ul, 1812433253ul>&) [clone .constprop.0] (testfa.cc:90)
==267232==    by 0x1766CF: void (anonymous namespace)::testCreateMinimal_AlreadyMinimal1<fa::Automaton (*)(fa::Automaton const&)>(fa::Automaton (*)(fa::Automaton const&)) (testfa.cc:4138)
==267232==    by 0x1B622E: HandleSehExceptionsInMethodIfSupported<testing::Test, void> (gtest.cc:2631)
==267232==    by 0x1B622E: void testing::internal::HandleExceptionsInMethodIfSupported<testing::Test, void>(testing::Test*, void (testing::Test::*)(), char const*) (gtest.cc:2667)
==267232==    by 0x1AA9B5: testing::Test::Run() [clone .part.0] (gtest.cc:2706)
==267232==    by 0x1AABF1: Run (gtest.cc:2697)
==267232==    by 0x1AABF1: testing::TestInfo::Run() [clone .part.0] (gtest.cc:2885)
==267232==    by 0x1AB299: Run (gtest.cc:2858)
==267232==    by 0x1AB299: testing::TestSuite::Run() [clone .part.0] (gtest.cc:3039)
==267232==    by 0x1ABA9B: Run (gtest.cc:3018)
==267232==    by 0x1ABA9B: testing::internal::UnitTestImpl::RunAllTests() (gtest.cc:5897)
==267232==    by 0x1B667E: HandleSehExceptionsInMethodIfSupported<testing::internal::UnitTestImpl, bool> (gtest.cc:2631)
==267232==    by 0x1B667E: bool testing::internal::HandleExceptionsInMethodIfSupported<testing::internal::UnitTestImpl, bool>(testing::internal::UnitTestImpl*, bool (testing::internal::UnitTestImpl::*)(), char const*) (gtest.cc:2667)
==267232==    by 0x1AACFE: testing::UnitTest::Run() (gtest.cc:5464)
==267232==    by 0x12D35E: RUN_ALL_TESTS (gtest.h:2492)
==267232==    by 0x12D35E: main (testfa.cc:4822)
==267232== 
==267232== Conditional jump or move depends on uninitialised value(s)
==267232==    at 0x1380BA: find (stl_tree.h:2568)
==267232==    by 0x1380BA: find (stl_map.h:1195)
==267232==    by 0x1380BA: fa::Automaton::isStateFinal(int) const (Automaton.cc:171)
==267232==    by 0x1390FB: fa::Automaton::match(std::__cxx11::basic_string<char, std::char_traits<char>, std::allocator<char> > const&) const (Automaton.cc:757)
==267232==    by 0x1565D1: (anonymous namespace)::checkEquivalentAutomaton(fa::Automaton const&, fa::Automaton const&, std::__cxx11::basic_string<char, std::char_traits<char>, std::allocator<char> > const&, std::mersenne_twister_engine<unsigned long, 32ul, 624ul, 397ul, 31ul, 2567483615ul, 11ul, 4294967295ul, 7ul, 2636928640ul, 15ul, 4022730752ul, 18ul, 1812433253ul>&) [clone .constprop.0] (testfa.cc:90)
==267232==    by 0x1766CF: void (anonymous namespace)::testCreateMinimal_AlreadyMinimal1<fa::Automaton (*)(fa::Automaton const&)>(fa::Automaton (*)(fa::Automaton const&)) (testfa.cc:4138)
==267232==    by 0x1B622E: HandleSehExceptionsInMethodIfSupported<testing::Test, void> (gtest.cc:2631)
==267232==    by 0x1B622E: void testing::internal::HandleExceptionsInMethodIfSupported<testing::Test, void>(testing::Test*, void (testing::Test::*)(), char const*) (gtest.cc:2667)
==267232==    by 0x1AA9B5: testing::Test::Run() [clone .part.0] (gtest.cc:2706)
==267232==    by 0x1AABF1: Run (gtest.cc:2697)
==267232==    by 0x1AABF1: testing::TestInfo::Run() [clone .part.0] (gtest.cc:2885)
==267232==    by 0x1AB299: Run (gtest.cc:2858)
==267232==    by 0x1AB299: testing::TestSuite::Run() [clone .part.0] (gtest.cc:3039)
==267232==    by 0x1ABA9B: Run (gtest.cc:3018)
==267232==    by 0x1ABA9B: testing::internal::UnitTestImpl::RunAllTests() (gtest.cc:5897)
==267232==    by 0x1B667E: HandleSehExceptionsInMethodIfSupported<testing::internal::UnitTestImpl, bool> (gtest.cc:2631)
==267232==    by 0x1B667E: bool testing::internal::HandleExceptionsInMethodIfSupported<testing::internal::UnitTestImpl, bool>(testing::internal::UnitTestImpl*, bool (testing::internal::UnitTestImpl::*)(), char const*) (gtest.cc:2667)
==267232==    by 0x1AACFE: testing::UnitTest::Run() (gtest.cc:5464)
==267232==    by 0x12D35E: RUN_ALL_TESTS (gtest.h:2492)
==267232==    by 0x12D35E: main (testfa.cc:4822)
==267232== 
/home/jube/Univ/theorie_des_langages/projet/corr/2022/sandbox/testfa.cc:91: Failure
Expected equality of these values:
  refResult
    Which is: false
  sutResult
    Which is: true
Failure with: ''
[  FAILED  ] AutomatonCreateMinimalMooreTest.AlreadyMinimal1 (27 ms)
[ RUN      ] AutomatonCreateMinimalMooreTest.AlreadyMinimal2
==267232== Conditional jump or move depends on uninitialised value(s)
==267232==    at 0x13D42E: fa::Automaton::createMinimalMoore(fa::Automaton const&) (Automaton.cc:951)
==267232==    by 0x175D46: void (anonymous namespace)::testCreateMinimal_AlreadyMinimal2<fa::Automaton (*)(fa::Automaton const&)>(fa::Automaton (*)(fa::Automaton const&)) (testfa.cc:4170)
==267232==    by 0x1B622E: HandleSehExceptionsInMethodIfSupported<testing::Test, void> (gtest.cc:2631)
==267232==    by 0x1B622E: void testing::internal::HandleExceptionsInMethodIfSupported<testing::Test, void>(testing::Test*, void (testing::Test::*)(), char const*) (gtest.cc:2667)
==267232==    by 0x1AA9B5: testing::Test::Run() [clone .part.0] (gtest.cc:2706)
==267232==    by 0x1AABF1: Run (gtest.cc:2697)
==267232==    by 0x1AABF1: testing::TestInfo::Run() [clone .part.0] (gtest.cc:2885)
==267232==    by 0x1AB299: Run (gtest.cc:2858)
==267232==    by 0x1AB299: testing::TestSuite::Run() [clone .part.0] (gtest.cc:3039)
==267232==    by 0x1ABA9B: Run (gtest.cc:3018)
==267232==    by 0x1ABA9B: testing::internal::UnitTestImpl::RunAllTests() (gtest.cc:5897)
==267232==    by 0x1B667E: HandleSehExceptionsInMethodIfSupported<testing::internal::UnitTestImpl, bool> (gtest.cc:2631)
==267232==    by 0x1B667E: bool testing::internal::HandleExceptionsInMethodIfSupported<testing::internal::UnitTestImpl, bool>(testing::internal::UnitTestImpl*, bool (testing::internal::UnitTestImpl::*)(), char const*) (gtest.cc:2667)
==267232==    by 0x1AACFE: testing::UnitTest::Run() (gtest.cc:5464)
==267232==    by 0x12D35E: RUN_ALL_TESTS (gtest.h:2492)
==267232==    by 0x12D35E: main (testfa.cc:4822)
==267232== 
==267232== Conditional jump or move depends on uninitialised value(s)
==267232==    at 0x13D3D8: fa::Automaton::createMinimalMoore(fa::Automaton const&) (Automaton.cc:935)
==267232==    by 0x175D46: void (anonymous namespace)::testCreateMinimal_AlreadyMinimal2<fa::Automaton (*)(fa::Automaton const&)>(fa::Automaton (*)(fa::Automaton const&)) (testfa.cc:4170)
==267232==    by 0x1B622E: HandleSehExceptionsInMethodIfSupported<testing::Test, void> (gtest.cc:2631)
==267232==    by 0x1B622E: void testing::internal::HandleExceptionsInMethodIfSupported<testing::Test, void>(testing::Test*, void (testing::Test::*)(), char const*) (gtest.cc:2667)
==267232==    by 0x1AA9B5: testing::Test::Run() [clone .part.0] (gtest.cc:2706)
==267232==    by 0x1AABF1: Run (gtest.cc:2697)
==267232==    by 0x1AABF1: testing::TestInfo::Run() [clone .part.0] (gtest.cc:2885)
==267232==    by 0x1AB299: Run (gtest.cc:2858)
==267232==    by 0x1AB299: testing::TestSuite::Run() [clone .part.0] (gtest.cc:3039)
==267232==    by 0x1ABA9B: Run (gtest.cc:3018)
==267232==    by 0x1ABA9B: testing::internal::UnitTestImpl::RunAllTests() (gtest.cc:5897)
==267232==    by 0x1B667E: HandleSehExceptionsInMethodIfSupported<testing::internal::UnitTestImpl, bool> (gtest.cc:2631)
==267232==    by 0x1B667E: bool testing::internal::HandleExceptionsInMethodIfSupported<testing::internal::UnitTestImpl, bool>(testing::internal::UnitTestImpl*, bool (testing::internal::UnitTestImpl::*)(), char const*) (gtest.cc:2667)
==267232==    by 0x1AACFE: testing::UnitTest::Run() (gtest.cc:5464)
==267232==    by 0x12D35E: RUN_ALL_TESTS (gtest.h:2492)
==267232==    by 0x12D35E: main (testfa.cc:4822)
==267232== 
==267232== Conditional jump or move depends on uninitialised value(s)
==267232==    at 0x483EEEE: bcmp (vg_replace_strmem.c:1111)
==267232==    by 0x13D604: __memcmp<int, int> (stl_algobase.h:105)
==267232==    by 0x13D604: equal<int> (stl_algobase.h:1122)
==267232==    by 0x13D604: __equal_aux1<int const*, int const*> (stl_algobase.h:1156)
==267232==    by 0x13D604: __equal_aux<__gnu_cxx::__normal_iterator<int const*, std::vector<int> >, __gnu_cxx::__normal_iterator<int const*, std::vector<int> > > (stl_algobase.h:1164)
==267232==    by 0x13D604: equal<__gnu_cxx::__normal_iterator<int const*, std::vector<int> >, __gnu_cxx::__normal_iterator<int const*, std::vector<int> > > (stl_algobase.h:1414)
==267232==    by 0x13D604: operator==<int, std::allocator<int> > (stl_vector.h:1894)
==267232==    by 0x13D604: fa::Automaton::createMinimalMoore(fa::Automaton const&) (Automaton.cc:935)
==267232==    by 0x175D46: void (anonymous namespace)::testCreateMinimal_AlreadyMinimal2<fa::Automaton (*)(fa::Automaton const&)>(fa::Automaton (*)(fa::Automaton const&)) (testfa.cc:4170)
==267232==    by 0x1B622E: HandleSehExceptionsInMethodIfSupported<testing::Test, void> (gtest.cc:2631)
==267232==    by 0x1B622E: void testing::internal::HandleExceptionsInMethodIfSupported<testing::Test, void>(testing::Test*, void (testing::Test::*)(), char const*) (gtest.cc:2667)
==267232==    by 0x1AA9B5: testing::Test::Run() [clone .part.0] (gtest.cc:2706)
==267232==    by 0x1AABF1: Run (gtest.cc:2697)
==267232==    by 0x1AABF1: testing::TestInfo::Run() [clone .part.0] (gtest.cc:2885)
==267232==    by 0x1AB299: Run (gtest.cc:2858)
==267232==    by 0x1AB299: testing::TestSuite::Run() [clone .part.0] (gtest.cc:3039)
==267232==    by 0x1ABA9B: Run (gtest.cc:3018)
==267232==    by 0x1ABA9B: testing::internal::UnitTestImpl::RunAllTests() (gtest.cc:5897)
==267232==    by 0x1B667E: HandleSehExceptionsInMethodIfSupported<testing::internal::UnitTestImpl, bool> (gtest.cc:2631)
==267232==    by 0x1B667E: bool testing::internal::HandleExceptionsInMethodIfSupported<testing::internal::UnitTestImpl, bool>(testing::internal::UnitTestImpl*, bool (testing::internal::UnitTestImpl::*)(), char const*) (gtest.cc:2667)
==267232==    by 0x1AACFE: testing::UnitTest::Run() (gtest.cc:5464)
==267232==    by 0x12D35E: RUN_ALL_TESTS (gtest.h:2492)
==267232==    by 0x12D35E: main (testfa.cc:4822)
==267232== 
==267232== Conditional jump or move depends on uninitialised value(s)
==267232==    at 0x13D47C: addState (Automaton.cc:74)
==267232==    by 0x13D47C: fa::Automaton::createMinimalMoore(fa::Automaton const&) (Automaton.cc:961)
==267232==    by 0x175D46: void (anonymous namespace)::testCreateMinimal_AlreadyMinimal2<fa::Automaton (*)(fa::Automaton const&)>(fa::Automaton (*)(fa::Automaton const&)) (testfa.cc:4170)
==267232==    by 0x1B622E: HandleSehExceptionsInMethodIfSupported<testing::Test, void> (gtest.cc:2631)
==267232==    by 0x1B622E: void testing::internal::HandleExceptionsInMethodIfSupported<testing::Test, void>(testing::Test*, void (testing::Test::*)(), char const*) (gtest.cc:2667)
==267232==    by 0x1AA9B5: testing::Test::Run() [clone .part.0] (gtest.cc:2706)
==267232==    by 0x1AABF1: Run (gtest.cc:2697)
==267232==    by 0x1AABF1: testing::TestInfo::Run() [clone .part.0] (gtest.cc:2885)
==267232==    by 0x1AB299: Run (gtest.cc:2858)
==267232==    by 0x1AB299: testing::TestSuite::Run() [clone .part.0] (gtest.cc:3039)
==267232==    by 0x1ABA9B: Run (gtest.cc:3018)
==267232==    by 0x1ABA9B: testing::internal::UnitTestImpl::RunAllTests() (gtest.cc:5897)
==267232==    by 0x1B667E: HandleSehExceptionsInMethodIfSupported<testing::internal::UnitTestImpl, bool> (gtest.cc:2631)
==267232==    by 0x1B667E: bool testing::internal::HandleExceptionsInMethodIfSupported<testing::internal::UnitTestImpl, bool>(testing::internal::UnitTestImpl*, bool (testing::internal::UnitTestImpl::*)(), char const*) (gtest.cc:2667)
==267232==    by 0x1AACFE: testing::UnitTest::Run() (gtest.cc:5464)
==267232==    by 0x12D35E: RUN_ALL_TESTS (gtest.h:2492)
==267232==    by 0x12D35E: main (testfa.cc:4822)
==267232== 
==267232== Conditional jump or move depends on uninitialised value(s)
==267232==    at 0x137D35: fa::Automaton::hasState(int) const (Automaton.cc:109)
==267232==    by 0x137E57: fa::Automaton::setStateInitial(int) (Automaton.cc:129)
==267232==    by 0x13D4BD: fa::Automaton::createMinimalMoore(fa::Automaton const&) (Automaton.cc:964)
==267232==    by 0x175D46: void (anonymous namespace)::testCreateMinimal_AlreadyMinimal2<fa::Automaton (*)(fa::Automaton const&)>(fa::Automaton (*)(fa::Automaton const&)) (testfa.cc:4170)
==267232==    by 0x1B622E: HandleSehExceptionsInMethodIfSupported<testing::Test, void> (gtest.cc:2631)
==267232==    by 0x1B622E: void testing::internal::HandleExceptionsInMethodIfSupported<testing::Test, void>(testing::Test*, void (testing::Test::*)(), char const*) (gtest.cc:2667)
==267232==    by 0x1AA9B5: testing::Test::Run() [clone .part.0] (gtest.cc:2706)
==267232==    by 0x1AABF1: Run (gtest.cc:2697)
==267232==    by 0x1AABF1: testing::TestInfo::Run() [clone .part.0] (gtest.cc:2885)
==267232==    by 0x1AB299: Run (gtest.cc:2858)
==267232==    by 0x1AB299: testing::TestSuite::Run() [clone .part.0] (gtest.cc:3039)
==267232==    by 0x1ABA9B: Run (gtest.cc:3018)
==267232==    by 0x1ABA9B: testing::internal::UnitTestImpl::RunAllTests() (gtest.cc:5897)
==267232==    by 0x1B667E: HandleSehExceptionsInMethodIfSupported<testing::internal::UnitTestImpl, bool> (gtest.cc:2631)
==267232==    by 0x1B667E: bool testing::internal::HandleExceptionsInMethodIfSupported<testing::internal::UnitTestImpl, bool>(testing::internal::UnitTestImpl*, bool (testing::internal::UnitTestImpl::*)(), char const*) (gtest.cc:2667)
==267232==    by 0x1AACFE: testing::UnitTest::Run() (gtest.cc:5464)
==267232==    by 0x12D35E: RUN_ALL_TESTS (gtest.h:2492)
==267232==    by 0x12D35E: main (testfa.cc:4822)
==267232== 
==267232== Conditional jump or move depends on uninitialised value(s)
==267232==    at 0x137D63: _M_lower_bound (stl_tree.h:1951)
==267232==    by 0x137D63: find (stl_tree.h:2566)
==267232==    by 0x137D63: find (stl_map.h:1195)
==267232==    by 0x137D63: fa::Automaton::hasState(int) const (Automaton.cc:113)
==267232==    by 0x137E57: fa::Automaton::setStateInitial(int) (Automaton.cc:129)
==267232==    by 0x13D4BD: fa::Automaton::createMinimalMoore(fa::Automaton const&) (Automaton.cc:964)
==267232==    by 0x175D46: void (anonymous namespace)::testCreateMinimal_AlreadyMinimal2<fa::Automaton (*)(fa::Automaton const&)>(fa::Automaton (*)(fa::Automaton const&)) (testfa.cc:4170)
==267232==    by 0x1B622E: HandleSehExceptionsInMethodIfSupported<testing::Test, void> (gtest.cc:2631)
==267232==    by 0x1B622E: void testing::internal::HandleExceptionsInMethodIfSupported<testing::Test, void>(testing::Test*, void (testing::Test::*)(), char const*) (gtest.cc:2667)
==267232==    by 0x1AA9B5: testing::Test::Run() [clone .part.0] (gtest.cc:2706)
==267232==    by 0x1AABF1: Run (gtest.cc:2697)
==267232==    by 0x1AABF1: testing::TestInfo::Run() [clone .part.0] (gtest.cc:2885)
==267232==    by 0x1AB299: Run (gtest.cc:2858)
==267232==    by 0x1AB299: testing::TestSuite::Run() [clone .part.0] (gtest.cc:3039)
==267232==    by 0x1ABA9B: Run (gtest.cc:3018)
==267232==    by 0x1ABA9B: testing::internal::UnitTestImpl::RunAllTests() (gtest.cc:5897)
==267232==    by 0x1B667E: HandleSehExceptionsInMethodIfSupported<testing::internal::UnitTestImpl, bool> (gtest.cc:2631)
==267232==    by 0x1B667E: bool testing::internal::HandleExceptionsInMethodIfSupported<testing::internal::UnitTestImpl, bool>(testing::internal::UnitTestImpl*, bool (testing::internal::UnitTestImpl::*)(), char const*) (gtest.cc:2667)
==267232==    by 0x1AACFE: testing::UnitTest::Run() (gtest.cc:5464)
==267232==    by 0x12D35E: RUN_ALL_TESTS (gtest.h:2492)
==267232==    by 0x12D35E: main (testfa.cc:4822)
==267232== 
==267232== Conditional jump or move depends on uninitialised value(s)
==267232==    at 0x137E5A: fa::Automaton::setStateInitial(int) (Automaton.cc:129)
==267232==    by 0x13D4BD: fa::Automaton::createMinimalMoore(fa::Automaton const&) (Automaton.cc:964)
==267232==    by 0x175D46: void (anonymous namespace)::testCreateMinimal_AlreadyMinimal2<fa::Automaton (*)(fa::Automaton const&)>(fa::Automaton (*)(fa::Automaton const&)) (testfa.cc:4170)
==267232==    by 0x1B622E: HandleSehExceptionsInMethodIfSupported<testing::Test, void> (gtest.cc:2631)
==267232==    by 0x1B622E: void testing::internal::HandleExceptionsInMethodIfSupported<testing::Test, void>(testing::Test*, void (testing::Test::*)(), char const*) (gtest.cc:2667)
==267232==    by 0x1AA9B5: testing::Test::Run() [clone .part.0] (gtest.cc:2706)
==267232==    by 0x1AABF1: Run (gtest.cc:2697)
==267232==    by 0x1AABF1: testing::TestInfo::Run() [clone .part.0] (gtest.cc:2885)
==267232==    by 0x1AB299: Run (gtest.cc:2858)
==267232==    by 0x1AB299: testing::TestSuite::Run() [clone .part.0] (gtest.cc:3039)
==267232==    by 0x1ABA9B: Run (gtest.cc:3018)
==267232==    by 0x1ABA9B: testing::internal::UnitTestImpl::RunAllTests() (gtest.cc:5897)
==267232==    by 0x1B667E: HandleSehExceptionsInMethodIfSupported<testing::internal::UnitTestImpl, bool> (gtest.cc:2631)
==267232==    by 0x1B667E: bool testing::internal::HandleExceptionsInMethodIfSupported<testing::internal::UnitTestImpl, bool>(testing::internal::UnitTestImpl*, bool (testing::internal::UnitTestImpl::*)(), char const*) (gtest.cc:2667)
==267232==    by 0x1AACFE: testing::UnitTest::Run() (gtest.cc:5464)
==267232==    by 0x12D35E: RUN_ALL_TESTS (gtest.h:2492)
==267232==    by 0x12D35E: main (testfa.cc:4822)
==267232== 
==267232== Conditional jump or move depends on uninitialised value(s)
==267232==    at 0x137E83: _M_lower_bound (stl_tree.h:1935)
==267232==    by 0x137E83: find (stl_tree.h:2553)
==267232==    by 0x137E83: find (stl_map.h:1170)
==267232==    by 0x137E83: fa::Automaton::setStateInitial(int) (Automaton.cc:131)
==267232==    by 0x13D4BD: fa::Automaton::createMinimalMoore(fa::Automaton const&) (Automaton.cc:964)
==267232==    by 0x175D46: void (anonymous namespace)::testCreateMinimal_AlreadyMinimal2<fa::Automaton (*)(fa::Automaton const&)>(fa::Automaton (*)(fa::Automaton const&)) (testfa.cc:4170)
==267232==    by 0x1B622E: HandleSehExceptionsInMethodIfSupported<testing::Test, void> (gtest.cc:2631)
==267232==    by 0x1B622E: void testing::internal::HandleExceptionsInMethodIfSupported<testing::Test, void>(testing::Test*, void (testing::Test::*)(), char const*) (gtest.cc:2667)
==267232==    by 0x1AA9B5: testing::Test::Run() [clone .part.0] (gtest.cc:2706)
==267232==    by 0x1AABF1: Run (gtest.cc:2697)
==267232==    by 0x1AABF1: testing::TestInfo::Run() [clone .part.0] (gtest.cc:2885)
==267232==    by 0x1AB299: Run (gtest.cc:2858)
==267232==    by 0x1AB299: testing::TestSuite::Run() [clone .part.0] (gtest.cc:3039)
==267232==    by 0x1ABA9B: Run (gtest.cc:3018)
==267232==    by 0x1ABA9B: testing::internal::UnitTestImpl::RunAllTests() (gtest.cc:5897)
==267232==    by 0x1B667E: HandleSehExceptionsInMethodIfSupported<testing::internal::UnitTestImpl, bool> (gtest.cc:2631)
==267232==    by 0x1B667E: bool testing::internal::HandleExceptionsInMethodIfSupported<testing::internal::UnitTestImpl, bool>(testing::internal::UnitTestImpl*, bool (testing::internal::UnitTestImpl::*)(), char const*) (gtest.cc:2667)
==267232==    by 0x1AACFE: testing::UnitTest::Run() (gtest.cc:5464)
==267232==    by 0x12D35E: RUN_ALL_TESTS (gtest.h:2492)
==267232==    by 0x12D35E: main (testfa.cc:4822)
==267232== 
==267232== Conditional jump or move depends on uninitialised value(s)
==267232==    at 0x137E98: find (stl_tree.h:2555)
==267232==    by 0x137E98: find (stl_map.h:1170)
==267232==    by 0x137E98: fa::Automaton::setStateInitial(int) (Automaton.cc:131)
==267232==    by 0x13D4BD: fa::Automaton::createMinimalMoore(fa::Automaton const&) (Automaton.cc:964)
==267232==    by 0x175D46: void (anonymous namespace)::testCreateMinimal_AlreadyMinimal2<fa::Automaton (*)(fa::Automaton const&)>(fa::Automaton (*)(fa::Automaton const&)) (testfa.cc:4170)
==267232==    by 0x1B622E: HandleSehExceptionsInMethodIfSupported<testing::Test, void> (gtest.cc:2631)
==267232==    by 0x1B622E: void testing::internal::HandleExceptionsInMethodIfSupported<testing::Test, void>(testing::Test*, void (testing::Test::*)(), char const*) (gtest.cc:2667)
==267232==    by 0x1AA9B5: testing::Test::Run() [clone .part.0] (gtest.cc:2706)
==267232==    by 0x1AABF1: Run (gtest.cc:2697)
==267232==    by 0x1AABF1: testing::TestInfo::Run() [clone .part.0] (gtest.cc:2885)
==267232==    by 0x1AB299: Run (gtest.cc:2858)
==267232==    by 0x1AB299: testing::TestSuite::Run() [clone .part.0] (gtest.cc:3039)
==267232==    by 0x1ABA9B: Run (gtest.cc:3018)
==267232==    by 0x1ABA9B: testing::internal::UnitTestImpl::RunAllTests() (gtest.cc:5897)
==267232==    by 0x1B667E: HandleSehExceptionsInMethodIfSupported<testing::internal::UnitTestImpl, bool> (gtest.cc:2631)
==267232==    by 0x1B667E: bool testing::internal::HandleExceptionsInMethodIfSupported<testing::internal::UnitTestImpl, bool>(testing::internal::UnitTestImpl*, bool (testing::internal::UnitTestImpl::*)(), char const*) (gtest.cc:2667)
==267232==    by 0x1AACFE: testing::UnitTest::Run() (gtest.cc:5464)
==267232==    by 0x12D35E: RUN_ALL_TESTS (gtest.h:2492)
==267232==    by 0x12D35E: main (testfa.cc:4822)
==267232== 
==267232== Conditional jump or move depends on uninitialised value(s)
==267232==    at 0x13DDDB: _M_get_insert_unique_pos (stl_tree.h:2098)
==267232==    by 0x13DDDB: std::pair<std::_Rb_tree_iterator<std::pair<int const, fa::states> >, bool> std::_Rb_tree<int, std::pair<int const, fa::states>, std::_Select1st<std::pair<int const, fa::states> >, std::less<int>, std::allocator<std::pair<int const, fa::states> > >::_M_emplace_unique<std::pair<int, fa::states> >(std::pair<int, fa::states>&&) (stl_tree.h:2419)
==267232==    by 0x13D49D: insert<std::pair<int, fa::states> > (stl_map.h:817)
==267232==    by 0x13D49D: addState (Automaton.cc:80)
==267232==    by 0x13D49D: addState (Automaton.cc:73)
==267232==    by 0x13D49D: fa::Automaton::createMinimalMoore(fa::Automaton const&) (Automaton.cc:961)
==267232==    by 0x175D46: void (anonymous namespace)::testCreateMinimal_AlreadyMinimal2<fa::Automaton (*)(fa::Automaton const&)>(fa::Automaton (*)(fa::Automaton const&)) (testfa.cc:4170)
==267232==    by 0x1B622E: HandleSehExceptionsInMethodIfSupported<testing::Test, void> (gtest.cc:2631)
==267232==    by 0x1B622E: void testing::internal::HandleExceptionsInMethodIfSupported<testing::Test, void>(testing::Test*, void (testing::Test::*)(), char const*) (gtest.cc:2667)
==267232==    by 0x1AA9B5: testing::Test::Run() [clone .part.0] (gtest.cc:2706)
==267232==    by 0x1AABF1: Run (gtest.cc:2697)
==267232==    by 0x1AABF1: testing::TestInfo::Run() [clone .part.0] (gtest.cc:2885)
==267232==    by 0x1AB299: Run (gtest.cc:2858)
==267232==    by 0x1AB299: testing::TestSuite::Run() [clone .part.0] (gtest.cc:3039)
==267232==    by 0x1ABA9B: Run (gtest.cc:3018)
==267232==    by 0x1ABA9B: testing::internal::UnitTestImpl::RunAllTests() (gtest.cc:5897)
==267232==    by 0x1B667E: HandleSehExceptionsInMethodIfSupported<testing::internal::UnitTestImpl, bool> (gtest.cc:2631)
==267232==    by 0x1B667E: bool testing::internal::HandleExceptionsInMethodIfSupported<testing::internal::UnitTestImpl, bool>(testing::internal::UnitTestImpl*, bool (testing::internal::UnitTestImpl::*)(), char const*) (gtest.cc:2667)
==267232==    by 0x1AACFE: testing::UnitTest::Run() (gtest.cc:5464)
==267232==    by 0x12D35E: RUN_ALL_TESTS (gtest.h:2492)
==267232==    by 0x12D35E: main (testfa.cc:4822)
==267232== 
==267232== Conditional jump or move depends on uninitialised value(s)
==267232==    at 0x13DDDF: _M_get_insert_unique_pos (stl_tree.h:2105)
==267232==    by 0x13DDDF: std::pair<std::_Rb_tree_iterator<std::pair<int const, fa::states> >, bool> std::_Rb_tree<int, std::pair<int const, fa::states>, std::_Select1st<std::pair<int const, fa::states> >, std::less<int>, std::allocator<std::pair<int const, fa::states> > >::_M_emplace_unique<std::pair<int, fa::states> >(std::pair<int, fa::states>&&) (stl_tree.h:2419)
==267232==    by 0x13D49D: insert<std::pair<int, fa::states> > (stl_map.h:817)
==267232==    by 0x13D49D: addState (Automaton.cc:80)
==267232==    by 0x13D49D: addState (Automaton.cc:73)
==267232==    by 0x13D49D: fa::Automaton::createMinimalMoore(fa::Automaton const&) (Automaton.cc:961)
==267232==    by 0x175D46: void (anonymous namespace)::testCreateMinimal_AlreadyMinimal2<fa::Automaton (*)(fa::Automaton const&)>(fa::Automaton (*)(fa::Automaton const&)) (testfa.cc:4170)
==267232==    by 0x1B622E: HandleSehExceptionsInMethodIfSupported<testing::Test, void> (gtest.cc:2631)
==267232==    by 0x1B622E: void testing::internal::HandleExceptionsInMethodIfSupported<testing::Test, void>(testing::Test*, void (testing::Test::*)(), char const*) (gtest.cc:2667)
==267232==    by 0x1AA9B5: testing::Test::Run() [clone .part.0] (gtest.cc:2706)
==267232==    by 0x1AABF1: Run (gtest.cc:2697)
==267232==    by 0x1AABF1: testing::TestInfo::Run() [clone .part.0] (gtest.cc:2885)
==267232==    by 0x1AB299: Run (gtest.cc:2858)
==267232==    by 0x1AB299: testing::TestSuite::Run() [clone .part.0] (gtest.cc:3039)
==267232==    by 0x1ABA9B: Run (gtest.cc:3018)
==267232==    by 0x1ABA9B: testing::internal::UnitTestImpl::RunAllTests() (gtest.cc:5897)
==267232==    by 0x1B667E: HandleSehExceptionsInMethodIfSupported<testing::internal::UnitTestImpl, bool> (gtest.cc:2631)
==267232==    by 0x1B667E: bool testing::internal::HandleExceptionsInMethodIfSupported<testing::internal::UnitTestImpl, bool>(testing::internal::UnitTestImpl*, bool (testing::internal::UnitTestImpl::*)(), char const*) (gtest.cc:2667)
==267232==    by 0x1AACFE: testing::UnitTest::Run() (gtest.cc:5464)
==267232==    by 0x12D35E: RUN_ALL_TESTS (gtest.h:2492)
==267232==    by 0x12D35E: main (testfa.cc:4822)
==267232== 
==267232== Conditional jump or move depends on uninitialised value(s)
==267232==    at 0x13DDE3: _M_get_insert_unique_pos (stl_tree.h:2112)
==267232==    by 0x13DDE3: std::pair<std::_Rb_tree_iterator<std::pair<int const, fa::states> >, bool> std::_Rb_tree<int, std::pair<int const, fa::states>, std::_Select1st<std::pair<int const, fa::states> >, std::less<int>, std::allocator<std::pair<int const, fa::states> > >::_M_emplace_unique<std::pair<int, fa::states> >(std::pair<int, fa::states>&&) (stl_tree.h:2419)
==267232==    by 0x13D49D: insert<std::pair<int, fa::states> > (stl_map.h:817)
==267232==    by 0x13D49D: addState (Automaton.cc:80)
==267232==    by 0x13D49D: addState (Automaton.cc:73)
==267232==    by 0x13D49D: fa::Automaton::createMinimalMoore(fa::Automaton const&) (Automaton.cc:961)
==267232==    by 0x175D46: void (anonymous namespace)::testCreateMinimal_AlreadyMinimal2<fa::Automaton (*)(fa::Automaton const&)>(fa::Automaton (*)(fa::Automaton const&)) (testfa.cc:4170)
==267232==    by 0x1B622E: HandleSehExceptionsInMethodIfSupported<testing::Test, void> (gtest.cc:2631)
==267232==    by 0x1B622E: void testing::internal::HandleExceptionsInMethodIfSupported<testing::Test, void>(testing::Test*, void (testing::Test::*)(), char const*) (gtest.cc:2667)
==267232==    by 0x1AA9B5: testing::Test::Run() [clone .part.0] (gtest.cc:2706)
==267232==    by 0x1AABF1: Run (gtest.cc:2697)
==267232==    by 0x1AABF1: testing::TestInfo::Run() [clone .part.0] (gtest.cc:2885)
==267232==    by 0x1AB299: Run (gtest.cc:2858)
==267232==    by 0x1AB299: testing::TestSuite::Run() [clone .part.0] (gtest.cc:3039)
==267232==    by 0x1ABA9B: Run (gtest.cc:3018)
==267232==    by 0x1ABA9B: testing::internal::UnitTestImpl::RunAllTests() (gtest.cc:5897)
==267232==    by 0x1B667E: HandleSehExceptionsInMethodIfSupported<testing::internal::UnitTestImpl, bool> (gtest.cc:2631)
==267232==    by 0x1B667E: bool testing::internal::HandleExceptionsInMethodIfSupported<testing::internal::UnitTestImpl, bool>(testing::internal::UnitTestImpl*, bool (testing::internal::UnitTestImpl::*)(), char const*) (gtest.cc:2667)
==267232==    by 0x1AACFE: testing::UnitTest::Run() (gtest.cc:5464)
==267232==    by 0x12D35E: RUN_ALL_TESTS (gtest.h:2492)
==267232==    by 0x12D35E: main (testfa.cc:4822)
==267232== 
==267232== Conditional jump or move depends on uninitialised value(s)
==267232==    at 0x137D35: fa::Automaton::hasState(int) const (Automaton.cc:109)
==267232==    by 0x138017: fa::Automaton::setStateFinal(int) (Automaton.cc:156)
==267232==    by 0x13D4DD: fa::Automaton::createMinimalMoore(fa::Automaton const&) (Automaton.cc:968)
==267232==    by 0x175D46: void (anonymous namespace)::testCreateMinimal_AlreadyMinimal2<fa::Automaton (*)(fa::Automaton const&)>(fa::Automaton (*)(fa::Automaton const&)) (testfa.cc:4170)
==267232==    by 0x1B622E: HandleSehExceptionsInMethodIfSupported<testing::Test, void> (gtest.cc:2631)
==267232==    by 0x1B622E: void testing::internal::HandleExceptionsInMethodIfSupported<testing::Test, void>(testing::Test*, void (testing::Test::*)(), char const*) (gtest.cc:2667)
==267232==    by 0x1AA9B5: testing::Test::Run() [clone .part.0] (gtest.cc:2706)
==267232==    by 0x1AABF1: Run (gtest.cc:2697)
==267232==    by 0x1AABF1: testing::TestInfo::Run() [clone .part.0] (gtest.cc:2885)
==267232==    by 0x1AB299: Run (gtest.cc:2858)
==267232==    by 0x1AB299: testing::TestSuite::Run() [clone .part.0] (gtest.cc:3039)
==267232==    by 0x1ABA9B: Run (gtest.cc:3018)
==267232==    by 0x1ABA9B: testing::internal::UnitTestImpl::RunAllTests() (gtest.cc:5897)
==267232==    by 0x1B667E: HandleSehExceptionsInMethodIfSupported<testing::internal::UnitTestImpl, bool> (gtest.cc:2631)
==267232==    by 0x1B667E: bool testing::internal::HandleExceptionsInMethodIfSupported<testing::internal::UnitTestImpl, bool>(testing::internal::UnitTestImpl*, bool (testing::internal::UnitTestImpl::*)(), char const*) (gtest.cc:2667)
==267232==    by 0x1AACFE: testing::UnitTest::Run() (gtest.cc:5464)
==267232==    by 0x12D35E: RUN_ALL_TESTS (gtest.h:2492)
==267232==    by 0x12D35E: main (testfa.cc:4822)
==267232== 
==267232== Conditional jump or move depends on uninitialised value(s)
==267232==    at 0x137D63: _M_lower_bound (stl_tree.h:1951)
==267232==    by 0x137D63: find (stl_tree.h:2566)
==267232==    by 0x137D63: find (stl_map.h:1195)
==267232==    by 0x137D63: fa::Automaton::hasState(int) const (Automaton.cc:113)
==267232==    by 0x138017: fa::Automaton::setStateFinal(int) (Automaton.cc:156)
==267232==    by 0x13D4DD: fa::Automaton::createMinimalMoore(fa::Automaton const&) (Automaton.cc:968)
==267232==    by 0x175D46: void (anonymous namespace)::testCreateMinimal_AlreadyMinimal2<fa::Automaton (*)(fa::Automaton const&)>(fa::Automaton (*)(fa::Automaton const&)) (testfa.cc:4170)
==267232==    by 0x1B622E: HandleSehExceptionsInMethodIfSupported<testing::Test, void> (gtest.cc:2631)
==267232==    by 0x1B622E: void testing::internal::HandleExceptionsInMethodIfSupported<testing::Test, void>(testing::Test*, void (testing::Test::*)(), char const*) (gtest.cc:2667)
==267232==    by 0x1AA9B5: testing::Test::Run() [clone .part.0] (gtest.cc:2706)
==267232==    by 0x1AABF1: Run (gtest.cc:2697)
==267232==    by 0x1AABF1: testing::TestInfo::Run() [clone .part.0] (gtest.cc:2885)
==267232==    by 0x1AB299: Run (gtest.cc:2858)
==267232==    by 0x1AB299: testing::TestSuite::Run() [clone .part.0] (gtest.cc:3039)
==267232==    by 0x1ABA9B: Run (gtest.cc:3018)
==267232==    by 0x1ABA9B: testing::internal::UnitTestImpl::RunAllTests() (gtest.cc:5897)
==267232==    by 0x1B667E: HandleSehExceptionsInMethodIfSupported<testing::internal::UnitTestImpl, bool> (gtest.cc:2631)
==267232==    by 0x1B667E: bool testing::internal::HandleExceptionsInMethodIfSupported<testing::internal::UnitTestImpl, bool>(testing::internal::UnitTestImpl*, bool (testing::internal::UnitTestImpl::*)(), char const*) (gtest.cc:2667)
==267232==    by 0x1AACFE: testing::UnitTest::Run() (gtest.cc:5464)
==267232==    by 0x12D35E: RUN_ALL_TESTS (gtest.h:2492)
==267232==    by 0x12D35E: main (testfa.cc:4822)
==267232== 
==267232== Conditional jump or move depends on uninitialised value(s)
==267232==    at 0x13801A: fa::Automaton::setStateFinal(int) (Automaton.cc:156)
==267232==    by 0x13D4DD: fa::Automaton::createMinimalMoore(fa::Automaton const&) (Automaton.cc:968)
==267232==    by 0x175D46: void (anonymous namespace)::testCreateMinimal_AlreadyMinimal2<fa::Automaton (*)(fa::Automaton const&)>(fa::Automaton (*)(fa::Automaton const&)) (testfa.cc:4170)
==267232==    by 0x1B622E: HandleSehExceptionsInMethodIfSupported<testing::Test, void> (gtest.cc:2631)
==267232==    by 0x1B622E: void testing::internal::HandleExceptionsInMethodIfSupported<testing::Test, void>(testing::Test*, void (testing::Test::*)(), char const*) (gtest.cc:2667)
==267232==    by 0x1AA9B5: testing::Test::Run() [clone .part.0] (gtest.cc:2706)
==267232==    by 0x1AABF1: Run (gtest.cc:2697)
==267232==    by 0x1AABF1: testing::TestInfo::Run() [clone .part.0] (gtest.cc:2885)
==267232==    by 0x1AB299: Run (gtest.cc:2858)
==267232==    by 0x1AB299: testing::TestSuite::Run() [clone .part.0] (gtest.cc:3039)
==267232==    by 0x1ABA9B: Run (gtest.cc:3018)
==267232==    by 0x1ABA9B: testing::internal::UnitTestImpl::RunAllTests() (gtest.cc:5897)
==267232==    by 0x1B667E: HandleSehExceptionsInMethodIfSupported<testing::internal::UnitTestImpl, bool> (gtest.cc:2631)
==267232==    by 0x1B667E: bool testing::internal::HandleExceptionsInMethodIfSupported<testing::internal::UnitTestImpl, bool>(testing::internal::UnitTestImpl*, bool (testing::internal::UnitTestImpl::*)(), char const*) (gtest.cc:2667)
==267232==    by 0x1AACFE: testing::UnitTest::Run() (gtest.cc:5464)
==267232==    by 0x12D35E: RUN_ALL_TESTS (gtest.h:2492)
==267232==    by 0x12D35E: main (testfa.cc:4822)
==267232== 
==267232== Conditional jump or move depends on uninitialised value(s)
==267232==    at 0x138043: _M_lower_bound (stl_tree.h:1935)
==267232==    by 0x138043: find (stl_tree.h:2553)
==267232==    by 0x138043: find (stl_map.h:1170)
==267232==    by 0x138043: fa::Automaton::setStateFinal(int) (Automaton.cc:158)
==267232==    by 0x13D4DD: fa::Automaton::createMinimalMoore(fa::Automaton const&) (Automaton.cc:968)
==267232==    by 0x175D46: void (anonymous namespace)::testCreateMinimal_AlreadyMinimal2<fa::Automaton (*)(fa::Automaton const&)>(fa::Automaton (*)(fa::Automaton const&)) (testfa.cc:4170)
==267232==    by 0x1B622E: HandleSehExceptionsInMethodIfSupported<testing::Test, void> (gtest.cc:2631)
==267232==    by 0x1B622E: void testing::internal::HandleExceptionsInMethodIfSupported<testing::Test, void>(testing::Test*, void (testing::Test::*)(), char const*) (gtest.cc:2667)
==267232==    by 0x1AA9B5: testing::Test::Run() [clone .part.0] (gtest.cc:2706)
==267232==    by 0x1AABF1: Run (gtest.cc:2697)
==267232==    by 0x1AABF1: testing::TestInfo::Run() [clone .part.0] (gtest.cc:2885)
==267232==    by 0x1AB299: Run (gtest.cc:2858)
==267232==    by 0x1AB299: testing::TestSuite::Run() [clone .part.0] (gtest.cc:3039)
==267232==    by 0x1ABA9B: Run (gtest.cc:3018)
==267232==    by 0x1ABA9B: testing::internal::UnitTestImpl::RunAllTests() (gtest.cc:5897)
==267232==    by 0x1B667E: HandleSehExceptionsInMethodIfSupported<testing::internal::UnitTestImpl, bool> (gtest.cc:2631)
==267232==    by 0x1B667E: bool testing::internal::HandleExceptionsInMethodIfSupported<testing::internal::UnitTestImpl, bool>(testing::internal::UnitTestImpl*, bool (testing::internal::UnitTestImpl::*)(), char const*) (gtest.cc:2667)
==267232==    by 0x1AACFE: testing::UnitTest::Run() (gtest.cc:5464)
==267232==    by 0x12D35E: RUN_ALL_TESTS (gtest.h:2492)
==267232==    by 0x12D35E: main (testfa.cc:4822)
==267232== 
==267232== Conditional jump or move depends on uninitialised value(s)
==267232==    at 0x138058: find (stl_tree.h:2555)
==267232==    by 0x138058: find (stl_map.h:1170)
==267232==    by 0x138058: fa::Automaton::setStateFinal(int) (Automaton.cc:158)
==267232==    by 0x13D4DD: fa::Automaton::createMinimalMoore(fa::Automaton const&) (Automaton.cc:968)
==267232==    by 0x175D46: void (anonymous namespace)::testCreateMinimal_AlreadyMinimal2<fa::Automaton (*)(fa::Automaton const&)>(fa::Automaton (*)(fa::Automaton const&)) (testfa.cc:4170)
==267232==    by 0x1B622E: HandleSehExceptionsInMethodIfSupported<testing::Test, void> (gtest.cc:2631)
==267232==    by 0x1B622E: void testing::internal::HandleExceptionsInMethodIfSupported<testing::Test, void>(testing::Test*, void (testing::Test::*)(), char const*) (gtest.cc:2667)
==267232==    by 0x1AA9B5: testing::Test::Run() [clone .part.0] (gtest.cc:2706)
==267232==    by 0x1AABF1: Run (gtest.cc:2697)
==267232==    by 0x1AABF1: testing::TestInfo::Run() [clone .part.0] (gtest.cc:2885)
==267232==    by 0x1AB299: Run (gtest.cc:2858)
==267232==    by 0x1AB299: testing::TestSuite::Run() [clone .part.0] (gtest.cc:3039)
==267232==    by 0x1ABA9B: Run (gtest.cc:3018)
==267232==    by 0x1ABA9B: testing::internal::UnitTestImpl::RunAllTests() (gtest.cc:5897)
==267232==    by 0x1B667E: HandleSehExceptionsInMethodIfSupported<testing::internal::UnitTestImpl, bool> (gtest.cc:2631)
==267232==    by 0x1B667E: bool testing::internal::HandleExceptionsInMethodIfSupported<testing::internal::UnitTestImpl, bool>(testing::internal::UnitTestImpl*, bool (testing::internal::UnitTestImpl::*)(), char const*) (gtest.cc:2667)
==267232==    by 0x1AACFE: testing::UnitTest::Run() (gtest.cc:5464)
==267232==    by 0x12D35E: RUN_ALL_TESTS (gtest.h:2492)
==267232==    by 0x12D35E: main (testfa.cc:4822)
==267232== 
==267232== Conditional jump or move depends on uninitialised value(s)
==267232==    at 0x13D521: addTransition (Automaton.cc:183)
==267232==    by 0x13D521: fa::Automaton::createMinimalMoore(fa::Automaton const&) (Automaton.cc:977)
==267232==    by 0x175D46: void (anonymous namespace)::testCreateMinimal_AlreadyMinimal2<fa::Automaton (*)(fa::Automaton const&)>(fa::Automaton (*)(fa::Automaton const&)) (testfa.cc:4170)
==267232==    by 0x1B622E: HandleSehExceptionsInMethodIfSupported<testing::Test, void> (gtest.cc:2631)
==267232==    by 0x1B622E: void testing::internal::HandleExceptionsInMethodIfSupported<testing::Test, void>(testing::Test*, void (testing::Test::*)(), char const*) (gtest.cc:2667)
==267232==    by 0x1AA9B5: testing::Test::Run() [clone .part.0] (gtest.cc:2706)
==267232==    by 0x1AABF1: Run (gtest.cc:2697)
==267232==    by 0x1AABF1: testing::TestInfo::Run() [clone .part.0] (gtest.cc:2885)
==267232==    by 0x1AB299: Run (gtest.cc:2858)
==267232==    by 0x1AB299: testing::TestSuite::Run() [clone .part.0] (gtest.cc:3039)
==267232==    by 0x1ABA9B: Run (gtest.cc:3018)
==267232==    by 0x1ABA9B: testing::internal::UnitTestImpl::RunAllTests() (gtest.cc:5897)
==267232==    by 0x1B667E: HandleSehExceptionsInMethodIfSupported<testing::internal::UnitTestImpl, bool> (gtest.cc:2631)
==267232==    by 0x1B667E: bool testing::internal::HandleExceptionsInMethodIfSupported<testing::internal::UnitTestImpl, bool>(testing::internal::UnitTestImpl*, bool (testing::internal::UnitTestImpl::*)(), char const*) (gtest.cc:2667)
==267232==    by 0x1AACFE: testing::UnitTest::Run() (gtest.cc:5464)
==267232==    by 0x12D35E: RUN_ALL_TESTS (gtest.h:2492)
==267232==    by 0x12D35E: main (testfa.cc:4822)
==267232== 
==267232== Conditional jump or move depends on uninitialised value(s)
==267232==    at 0x137D35: fa::Automaton::hasState(int) const (Automaton.cc:109)
==267232==    by 0x139DDA: fa::Automaton::addTransition(int, char, int) [clone .part.0] (Automaton.cc:192)
==267232==    by 0x13D532: addTransition (Automaton.cc:977)
==267232==    by 0x13D532: fa::Automaton::createMinimalMoore(fa::Automaton const&) (Automaton.cc:977)
==267232==    by 0x175D46: void (anonymous namespace)::testCreateMinimal_AlreadyMinimal2<fa::Automaton (*)(fa::Automaton const&)>(fa::Automaton (*)(fa::Automaton const&)) (testfa.cc:4170)
==267232==    by 0x1B622E: HandleSehExceptionsInMethodIfSupported<testing::Test, void> (gtest.cc:2631)
==267232==    by 0x1B622E: void testing::internal::HandleExceptionsInMethodIfSupported<testing::Test, void>(testing::Test*, void (testing::Test::*)(), char const*) (gtest.cc:2667)
==267232==    by 0x1AA9B5: testing::Test::Run() [clone .part.0] (gtest.cc:2706)
==267232==    by 0x1AABF1: Run (gtest.cc:2697)
==267232==    by 0x1AABF1: testing::TestInfo::Run() [clone .part.0] (gtest.cc:2885)
==267232==    by 0x1AB299: Run (gtest.cc:2858)
==267232==    by 0x1AB299: testing::TestSuite::Run() [clone .part.0] (gtest.cc:3039)
==267232==    by 0x1ABA9B: Run (gtest.cc:3018)
==267232==    by 0x1ABA9B: testing::internal::UnitTestImpl::RunAllTests() (gtest.cc:5897)
==267232==    by 0x1B667E: HandleSehExceptionsInMethodIfSupported<testing::internal::UnitTestImpl, bool> (gtest.cc:2631)
==267232==    by 0x1B667E: bool testing::internal::HandleExceptionsInMethodIfSupported<testing::internal::UnitTestImpl, bool>(testing::internal::UnitTestImpl*, bool (testing::internal::UnitTestImpl::*)(), char const*) (gtest.cc:2667)
==267232==    by 0x1AACFE: testing::UnitTest::Run() (gtest.cc:5464)
==267232==    by 0x12D35E: RUN_ALL_TESTS (gtest.h:2492)
==267232==    by 0x12D35E: main (testfa.cc:4822)
==267232== 
==267232== Conditional jump or move depends on uninitialised value(s)
==267232==    at 0x137D63: _M_lower_bound (stl_tree.h:1951)
==267232==    by 0x137D63: find (stl_tree.h:2566)
==267232==    by 0x137D63: find (stl_map.h:1195)
==267232==    by 0x137D63: fa::Automaton::hasState(int) const (Automaton.cc:113)
==267232==    by 0x139DDA: fa::Automaton::addTransition(int, char, int) [clone .part.0] (Automaton.cc:192)
==267232==    by 0x13D532: addTransition (Automaton.cc:977)
==267232==    by 0x13D532: fa::Automaton::createMinimalMoore(fa::Automaton const&) (Automaton.cc:977)
==267232==    by 0x175D46: void (anonymous namespace)::testCreateMinimal_AlreadyMinimal2<fa::Automaton (*)(fa::Automaton const&)>(fa::Automaton (*)(fa::Automaton const&)) (testfa.cc:4170)
==267232==    by 0x1B622E: HandleSehExceptionsInMethodIfSupported<testing::Test, void> (gtest.cc:2631)
==267232==    by 0x1B622E: void testing::internal::HandleExceptionsInMethodIfSupported<testing::Test, void>(testing::Test*, void (testing::Test::*)(), char const*) (gtest.cc:2667)
==267232==    by 0x1AA9B5: testing::Test::Run() [clone .part.0] (gtest.cc:2706)
==267232==    by 0x1AABF1: Run (gtest.cc:2697)
==267232==    by 0x1AABF1: testing::TestInfo::Run() [clone .part.0] (gtest.cc:2885)
==267232==    by 0x1AB299: Run (gtest.cc:2858)
==267232==    by 0x1AB299: testing::TestSuite::Run() [clone .part.0] (gtest.cc:3039)
==267232==    by 0x1ABA9B: Run (gtest.cc:3018)
==267232==    by 0x1ABA9B: testing::internal::UnitTestImpl::RunAllTests() (gtest.cc:5897)
==267232==    by 0x1B667E: HandleSehExceptionsInMethodIfSupported<testing::internal::UnitTestImpl, bool> (gtest.cc:2631)
==267232==    by 0x1B667E: bool testing::internal::HandleExceptionsInMethodIfSupported<testing::internal::UnitTestImpl, bool>(testing::internal::UnitTestImpl*, bool (testing::internal::UnitTestImpl::*)(), char const*) (gtest.cc:2667)
==267232==    by 0x1AACFE: testing::UnitTest::Run() (gtest.cc:5464)
==267232==    by 0x12D35E: RUN_ALL_TESTS (gtest.h:2492)
==267232==    by 0x12D35E: main (testfa.cc:4822)
==267232== 
==267232== Conditional jump or move depends on uninitialised value(s)
==267232==    at 0x139DE0: fa::Automaton::addTransition(int, char, int) [clone .part.0] (Automaton.cc:192)
==267232==    by 0x13D532: addTransition (Automaton.cc:977)
==267232==    by 0x13D532: fa::Automaton::createMinimalMoore(fa::Automaton const&) (Automaton.cc:977)
==267232==    by 0x175D46: void (anonymous namespace)::testCreateMinimal_AlreadyMinimal2<fa::Automaton (*)(fa::Automaton const&)>(fa::Automaton (*)(fa::Automaton const&)) (testfa.cc:4170)
==267232==    by 0x1B622E: HandleSehExceptionsInMethodIfSupported<testing::Test, void> (gtest.cc:2631)
==267232==    by 0x1B622E: void testing::internal::HandleExceptionsInMethodIfSupported<testing::Test, void>(testing::Test*, void (testing::Test::*)(), char const*) (gtest.cc:2667)
==267232==    by 0x1AA9B5: testing::Test::Run() [clone .part.0] (gtest.cc:2706)
==267232==    by 0x1AABF1: Run (gtest.cc:2697)
==267232==    by 0x1AABF1: testing::TestInfo::Run() [clone .part.0] (gtest.cc:2885)
==267232==    by 0x1AB299: Run (gtest.cc:2858)
==267232==    by 0x1AB299: testing::TestSuite::Run() [clone .part.0] (gtest.cc:3039)
==267232==    by 0x1ABA9B: Run (gtest.cc:3018)
==267232==    by 0x1ABA9B: testing::internal::UnitTestImpl::RunAllTests() (gtest.cc:5897)
==267232==    by 0x1B667E: HandleSehExceptionsInMethodIfSupported<testing::internal::UnitTestImpl, bool> (gtest.cc:2631)
==267232==    by 0x1B667E: bool testing::internal::HandleExceptionsInMethodIfSupported<testing::internal::UnitTestImpl, bool>(testing::internal::UnitTestImpl*, bool (testing::internal::UnitTestImpl::*)(), char const*) (gtest.cc:2667)
==267232==    by 0x1AACFE: testing::UnitTest::Run() (gtest.cc:5464)
==267232==    by 0x12D35E: RUN_ALL_TESTS (gtest.h:2492)
==267232==    by 0x12D35E: main (testfa.cc:4822)
==267232== 
==267232== Conditional jump or move depends on uninitialised value(s)
==267232==    at 0x137D35: fa::Automaton::hasState(int) const (Automaton.cc:109)
==267232==    by 0x139DEF: fa::Automaton::addTransition(int, char, int) [clone .part.0] (Automaton.cc:192)
==267232==    by 0x13D532: addTransition (Automaton.cc:977)
==267232==    by 0x13D532: fa::Automaton::createMinimalMoore(fa::Automaton const&) (Automaton.cc:977)
==267232==    by 0x175D46: void (anonymous namespace)::testCreateMinimal_AlreadyMinimal2<fa::Automaton (*)(fa::Automaton const&)>(fa::Automaton (*)(fa::Automaton const&)) (testfa.cc:4170)
==267232==    by 0x1B622E: HandleSehExceptionsInMethodIfSupported<testing::Test, void> (gtest.cc:2631)
==267232==    by 0x1B622E: void testing::internal::HandleExceptionsInMethodIfSupported<testing::Test, void>(testing::Test*, void (testing::Test::*)(), char const*) (gtest.cc:2667)
==267232==    by 0x1AA9B5: testing::Test::Run() [clone .part.0] (gtest.cc:2706)
==267232==    by 0x1AABF1: Run (gtest.cc:2697)
==267232==    by 0x1AABF1: testing::TestInfo::Run() [clone .part.0] (gtest.cc:2885)
==267232==    by 0x1AB299: Run (gtest.cc:2858)
==267232==    by 0x1AB299: testing::TestSuite::Run() [clone .part.0] (gtest.cc:3039)
==267232==    by 0x1ABA9B: Run (gtest.cc:3018)
==267232==    by 0x1ABA9B: testing::internal::UnitTestImpl::RunAllTests() (gtest.cc:5897)
==267232==    by 0x1B667E: HandleSehExceptionsInMethodIfSupported<testing::internal::UnitTestImpl, bool> (gtest.cc:2631)
==267232==    by 0x1B667E: bool testing::internal::HandleExceptionsInMethodIfSupported<testing::internal::UnitTestImpl, bool>(testing::internal::UnitTestImpl*, bool (testing::internal::UnitTestImpl::*)(), char const*) (gtest.cc:2667)
==267232==    by 0x1AACFE: testing::UnitTest::Run() (gtest.cc:5464)
==267232==    by 0x12D35E: RUN_ALL_TESTS (gtest.h:2492)
==267232==    by 0x12D35E: main (testfa.cc:4822)
==267232== 
==267232== Conditional jump or move depends on uninitialised value(s)
==267232==    at 0x137D63: _M_lower_bound (stl_tree.h:1951)
==267232==    by 0x137D63: find (stl_tree.h:2566)
==267232==    by 0x137D63: find (stl_map.h:1195)
==267232==    by 0x137D63: fa::Automaton::hasState(int) const (Automaton.cc:113)
==267232==    by 0x139DEF: fa::Automaton::addTransition(int, char, int) [clone .part.0] (Automaton.cc:192)
==267232==    by 0x13D532: addTransition (Automaton.cc:977)
==267232==    by 0x13D532: fa::Automaton::createMinimalMoore(fa::Automaton const&) (Automaton.cc:977)
==267232==    by 0x175D46: void (anonymous namespace)::testCreateMinimal_AlreadyMinimal2<fa::Automaton (*)(fa::Automaton const&)>(fa::Automaton (*)(fa::Automaton const&)) (testfa.cc:4170)
==267232==    by 0x1B622E: HandleSehExceptionsInMethodIfSupported<testing::Test, void> (gtest.cc:2631)
==267232==    by 0x1B622E: void testing::internal::HandleExceptionsInMethodIfSupported<testing::Test, void>(testing::Test*, void (testing::Test::*)(), char const*) (gtest.cc:2667)
==267232==    by 0x1AA9B5: testing::Test::Run() [clone .part.0] (gtest.cc:2706)
==267232==    by 0x1AABF1: Run (gtest.cc:2697)
==267232==    by 0x1AABF1: testing::TestInfo::Run() [clone .part.0] (gtest.cc:2885)
==267232==    by 0x1AB299: Run (gtest.cc:2858)
==267232==    by 0x1AB299: testing::TestSuite::Run() [clone .part.0] (gtest.cc:3039)
==267232==    by 0x1ABA9B: Run (gtest.cc:3018)
==267232==    by 0x1ABA9B: testing::internal::UnitTestImpl::RunAllTests() (gtest.cc:5897)
==267232==    by 0x1B667E: HandleSehExceptionsInMethodIfSupported<testing::internal::UnitTestImpl, bool> (gtest.cc:2631)
==267232==    by 0x1B667E: bool testing::internal::HandleExceptionsInMethodIfSupported<testing::internal::UnitTestImpl, bool>(testing::internal::UnitTestImpl*, bool (testing::internal::UnitTestImpl::*)(), char const*) (gtest.cc:2667)
==267232==    by 0x1AACFE: testing::UnitTest::Run() (gtest.cc:5464)
==267232==    by 0x12D35E: RUN_ALL_TESTS (gtest.h:2492)
==267232==    by 0x12D35E: main (testfa.cc:4822)
==267232== 
==267232== Conditional jump or move depends on uninitialised value(s)
==267232==    at 0x139DF5: fa::Automaton::addTransition(int, char, int) [clone .part.0] (Automaton.cc:192)
==267232==    by 0x13D532: addTransition (Automaton.cc:977)
==267232==    by 0x13D532: fa::Automaton::createMinimalMoore(fa::Automaton const&) (Automaton.cc:977)
==267232==    by 0x175D46: void (anonymous namespace)::testCreateMinimal_AlreadyMinimal2<fa::Automaton (*)(fa::Automaton const&)>(fa::Automaton (*)(fa::Automaton const&)) (testfa.cc:4170)
==267232==    by 0x1B622E: HandleSehExceptionsInMethodIfSupported<testing::Test, void> (gtest.cc:2631)
==267232==    by 0x1B622E: void testing::internal::HandleExceptionsInMethodIfSupported<testing::Test, void>(testing::Test*, void (testing::Test::*)(), char const*) (gtest.cc:2667)
==267232==    by 0x1AA9B5: testing::Test::Run() [clone .part.0] (gtest.cc:2706)
==267232==    by 0x1AABF1: Run (gtest.cc:2697)
==267232==    by 0x1AABF1: testing::TestInfo::Run() [clone .part.0] (gtest.cc:2885)
==267232==    by 0x1AB299: Run (gtest.cc:2858)
==267232==    by 0x1AB299: testing::TestSuite::Run() [clone .part.0] (gtest.cc:3039)
==267232==    by 0x1ABA9B: Run (gtest.cc:3018)
==267232==    by 0x1ABA9B: testing::internal::UnitTestImpl::RunAllTests() (gtest.cc:5897)
==267232==    by 0x1B667E: HandleSehExceptionsInMethodIfSupported<testing::internal::UnitTestImpl, bool> (gtest.cc:2631)
==267232==    by 0x1B667E: bool testing::internal::HandleExceptionsInMethodIfSupported<testing::internal::UnitTestImpl, bool>(testing::internal::UnitTestImpl*, bool (testing::internal::UnitTestImpl::*)(), char const*) (gtest.cc:2667)
==267232==    by 0x1AACFE: testing::UnitTest::Run() (gtest.cc:5464)
==267232==    by 0x12D35E: RUN_ALL_TESTS (gtest.h:2492)
==267232==    by 0x12D35E: main (testfa.cc:4822)
==267232== 
==267232== Conditional jump or move depends on uninitialised value(s)
==267232==    at 0x139E07: hasTransition (Automaton.cc:221)
==267232==    by 0x139E07: fa::Automaton::addTransition(int, char, int) [clone .part.0] (Automaton.cc:195)
==267232==    by 0x13D532: addTransition (Automaton.cc:977)
==267232==    by 0x13D532: fa::Automaton::createMinimalMoore(fa::Automaton const&) (Automaton.cc:977)
==267232==    by 0x175D46: void (anonymous namespace)::testCreateMinimal_AlreadyMinimal2<fa::Automaton (*)(fa::Automaton const&)>(fa::Automaton (*)(fa::Automaton const&)) (testfa.cc:4170)
==267232==    by 0x1B622E: HandleSehExceptionsInMethodIfSupported<testing::Test, void> (gtest.cc:2631)
==267232==    by 0x1B622E: void testing::internal::HandleExceptionsInMethodIfSupported<testing::Test, void>(testing::Test*, void (testing::Test::*)(), char const*) (gtest.cc:2667)
==267232==    by 0x1AA9B5: testing::Test::Run() [clone .part.0] (gtest.cc:2706)
==267232==    by 0x1AABF1: Run (gtest.cc:2697)
==267232==    by 0x1AABF1: testing::TestInfo::Run() [clone .part.0] (gtest.cc:2885)
==267232==    by 0x1AB299: Run (gtest.cc:2858)
==267232==    by 0x1AB299: testing::TestSuite::Run() [clone .part.0] (gtest.cc:3039)
==267232==    by 0x1ABA9B: Run (gtest.cc:3018)
==267232==    by 0x1ABA9B: testing::internal::UnitTestImpl::RunAllTests() (gtest.cc:5897)
==267232==    by 0x1B667E: HandleSehExceptionsInMethodIfSupported<testing::internal::UnitTestImpl, bool> (gtest.cc:2631)
==267232==    by 0x1B667E: bool testing::internal::HandleExceptionsInMethodIfSupported<testing::internal::UnitTestImpl, bool>(testing::internal::UnitTestImpl*, bool (testing::internal::UnitTestImpl::*)(), char const*) (gtest.cc:2667)
==267232==    by 0x1AACFE: testing::UnitTest::Run() (gtest.cc:5464)
==267232==    by 0x12D35E: RUN_ALL_TESTS (gtest.h:2492)
==267232==    by 0x12D35E: main (testfa.cc:4822)
==267232== 
==267232== Conditional jump or move depends on uninitialised value(s)
==267232==    at 0x137DE1: fa::Automaton::hasTransition(int, char, int) const [clone .part.0] (Automaton.cc:230)
==267232==    by 0x139E1E: hasTransition (Automaton.cc:221)
==267232==    by 0x139E1E: fa::Automaton::addTransition(int, char, int) [clone .part.0] (Automaton.cc:195)
==267232==    by 0x13D532: addTransition (Automaton.cc:977)
==267232==    by 0x13D532: fa::Automaton::createMinimalMoore(fa::Automaton const&) (Automaton.cc:977)
==267232==    by 0x175D46: void (anonymous namespace)::testCreateMinimal_AlreadyMinimal2<fa::Automaton (*)(fa::Automaton const&)>(fa::Automaton (*)(fa::Automaton const&)) (testfa.cc:4170)
==267232==    by 0x1B622E: HandleSehExceptionsInMethodIfSupported<testing::Test, void> (gtest.cc:2631)
==267232==    by 0x1B622E: void testing::internal::HandleExceptionsInMethodIfSupported<testing::Test, void>(testing::Test*, void (testing::Test::*)(), char const*) (gtest.cc:2667)
==267232==    by 0x1AA9B5: testing::Test::Run() [clone .part.0] (gtest.cc:2706)
==267232==    by 0x1AABF1: Run (gtest.cc:2697)
==267232==    by 0x1AABF1: testing::TestInfo::Run() [clone .part.0] (gtest.cc:2885)
==267232==    by 0x1AB299: Run (gtest.cc:2858)
==267232==    by 0x1AB299: testing::TestSuite::Run() [clone .part.0] (gtest.cc:3039)
==267232==    by 0x1ABA9B: Run (gtest.cc:3018)
==267232==    by 0x1ABA9B: testing::internal::UnitTestImpl::RunAllTests() (gtest.cc:5897)
==267232==    by 0x1B667E: HandleSehExceptionsInMethodIfSupported<testing::internal::UnitTestImpl, bool> (gtest.cc:2631)
==267232==    by 0x1B667E: bool testing::internal::HandleExceptionsInMethodIfSupported<testing::internal::UnitTestImpl, bool>(testing::internal::UnitTestImpl*, bool (testing::internal::UnitTestImpl::*)(), char const*) (gtest.cc:2667)
==267232==    by 0x1AACFE: testing::UnitTest::Run() (gtest.cc:5464)
==267232==    by 0x12D35E: RUN_ALL_TESTS (gtest.h:2492)
==267232==    by 0x12D35E: main (testfa.cc:4822)
==267232== 
==267232== Conditional jump or move depends on uninitialised value(s)
==267232==    at 0x137DF2: fa::Automaton::hasTransition(int, char, int) const [clone .part.0] (Automaton.cc:230)
==267232==    by 0x139E1E: hasTransition (Automaton.cc:221)
==267232==    by 0x139E1E: fa::Automaton::addTransition(int, char, int) [clone .part.0] (Automaton.cc:195)
==267232==    by 0x13D532: addTransition (Automaton.cc:977)
==267232==    by 0x13D532: fa::Automaton::createMinimalMoore(fa::Automaton const&) (Automaton.cc:977)
==267232==    by 0x175D46: void (anonymous namespace)::testCreateMinimal_AlreadyMinimal2<fa::Automaton (*)(fa::Automaton const&)>(fa::Automaton (*)(fa::Automaton const&)) (testfa.cc:4170)
==267232==    by 0x1B622E: HandleSehExceptionsInMethodIfSupported<testing::Test, void> (gtest.cc:2631)
==267232==    by 0x1B622E: void testing::internal::HandleExceptionsInMethodIfSupported<testing::Test, void>(testing::Test*, void (testing::Test::*)(), char const*) (gtest.cc:2667)
==267232==    by 0x1AA9B5: testing::Test::Run() [clone .part.0] (gtest.cc:2706)
==267232==    by 0x1AABF1: Run (gtest.cc:2697)
==267232==    by 0x1AABF1: testing::TestInfo::Run() [clone .part.0] (gtest.cc:2885)
==267232==    by 0x1AB299: Run (gtest.cc:2858)
==267232==    by 0x1AB299: testing::TestSuite::Run() [clone .part.0] (gtest.cc:3039)
==267232==    by 0x1ABA9B: Run (gtest.cc:3018)
==267232==    by 0x1ABA9B: testing::internal::UnitTestImpl::RunAllTests() (gtest.cc:5897)
==267232==    by 0x1B667E: HandleSehExceptionsInMethodIfSupported<testing::internal::UnitTestImpl, bool> (gtest.cc:2631)
==267232==    by 0x1B667E: bool testing::internal::HandleExceptionsInMethodIfSupported<testing::internal::UnitTestImpl, bool>(testing::internal::UnitTestImpl*, bool (testing::internal::UnitTestImpl::*)(), char const*) (gtest.cc:2667)
==267232==    by 0x1AACFE: testing::UnitTest::Run() (gtest.cc:5464)
==267232==    by 0x12D35E: RUN_ALL_TESTS (gtest.h:2492)
==267232==    by 0x12D35E: main (testfa.cc:4822)
==267232== 
==267232== Conditional jump or move depends on uninitialised value(s)
==267232==    at 0x137E13: fa::Automaton::hasTransition(int, char, int) const [clone .part.0] (Automaton.cc:235)
==267232==    by 0x139E1E: hasTransition (Automaton.cc:221)
==267232==    by 0x139E1E: fa::Automaton::addTransition(int, char, int) [clone .part.0] (Automaton.cc:195)
==267232==    by 0x13D532: addTransition (Automaton.cc:977)
==267232==    by 0x13D532: fa::Automaton::createMinimalMoore(fa::Automaton const&) (Automaton.cc:977)
==267232==    by 0x175D46: void (anonymous namespace)::testCreateMinimal_AlreadyMinimal2<fa::Automaton (*)(fa::Automaton const&)>(fa::Automaton (*)(fa::Automaton const&)) (testfa.cc:4170)
==267232==    by 0x1B622E: HandleSehExceptionsInMethodIfSupported<testing::Test, void> (gtest.cc:2631)
==267232==    by 0x1B622E: void testing::internal::HandleExceptionsInMethodIfSupported<testing::Test, void>(testing::Test*, void (testing::Test::*)(), char const*) (gtest.cc:2667)
==267232==    by 0x1AA9B5: testing::Test::Run() [clone .part.0] (gtest.cc:2706)
==267232==    by 0x1AABF1: Run (gtest.cc:2697)
==267232==    by 0x1AABF1: testing::TestInfo::Run() [clone .part.0] (gtest.cc:2885)
==267232==    by 0x1AB299: Run (gtest.cc:2858)
==267232==    by 0x1AB299: testing::TestSuite::Run() [clone .part.0] (gtest.cc:3039)
==267232==    by 0x1ABA9B: Run (gtest.cc:3018)
==267232==    by 0x1ABA9B: testing::internal::UnitTestImpl::RunAllTests() (gtest.cc:5897)
==267232==    by 0x1B667E: HandleSehExceptionsInMethodIfSupported<testing::internal::UnitTestImpl, bool> (gtest.cc:2631)
==267232==    by 0x1B667E: bool testing::internal::HandleExceptionsInMethodIfSupported<testing::internal::UnitTestImpl, bool>(testing::internal::UnitTestImpl*, bool (testing::internal::UnitTestImpl::*)(), char const*) (gtest.cc:2667)
==267232==    by 0x1AACFE: testing::UnitTest::Run() (gtest.cc:5464)
==267232==    by 0x12D35E: RUN_ALL_TESTS (gtest.h:2492)
==267232==    by 0x12D35E: main (testfa.cc:4822)
==267232== 
==267232== Conditional jump or move depends on uninitialised value(s)
==267232==    at 0x137E18: fa::Automaton::hasTransition(int, char, int) const [clone .part.0] (Automaton.cc:235)
==267232==    by 0x139E1E: hasTransition (Automaton.cc:221)
==267232==    by 0x139E1E: fa::Automaton::addTransition(int, char, int) [clone .part.0] (Automaton.cc:195)
==267232==    by 0x13D532: addTransition (Automaton.cc:977)
==267232==    by 0x13D532: fa::Automaton::createMinimalMoore(fa::Automaton const&) (Automaton.cc:977)
==267232==    by 0x175D46: void (anonymous namespace)::testCreateMinimal_AlreadyMinimal2<fa::Automaton (*)(fa::Automaton const&)>(fa::Automaton (*)(fa::Automaton const&)) (testfa.cc:4170)
==267232==    by 0x1B622E: HandleSehExceptionsInMethodIfSupported<testing::Test, void> (gtest.cc:2631)
==267232==    by 0x1B622E: void testing::internal::HandleExceptionsInMethodIfSupported<testing::Test, void>(testing::Test*, void (testing::Test::*)(), char const*) (gtest.cc:2667)
==267232==    by 0x1AA9B5: testing::Test::Run() [clone .part.0] (gtest.cc:2706)
==267232==    by 0x1AABF1: Run (gtest.cc:2697)
==267232==    by 0x1AABF1: testing::TestInfo::Run() [clone .part.0] (gtest.cc:2885)
==267232==    by 0x1AB299: Run (gtest.cc:2858)
==267232==    by 0x1AB299: testing::TestSuite::Run() [clone .part.0] (gtest.cc:3039)
==267232==    by 0x1ABA9B: Run (gtest.cc:3018)
==267232==    by 0x1ABA9B: testing::internal::UnitTestImpl::RunAllTests() (gtest.cc:5897)
==267232==    by 0x1B667E: HandleSehExceptionsInMethodIfSupported<testing::internal::UnitTestImpl, bool> (gtest.cc:2631)
==267232==    by 0x1B667E: bool testing::internal::HandleExceptionsInMethodIfSupported<testing::internal::UnitTestImpl, bool>(testing::internal::UnitTestImpl*, bool (testing::internal::UnitTestImpl::*)(), char const*) (gtest.cc:2667)
==267232==    by 0x1AACFE: testing::UnitTest::Run() (gtest.cc:5464)
==267232==    by 0x12D35E: RUN_ALL_TESTS (gtest.h:2492)
==267232==    by 0x12D35E: main (testfa.cc:4822)
==267232== 
==267232== Conditional jump or move depends on uninitialised value(s)
==267232==    at 0x139E27: fa::Automaton::addTransition(int, char, int) [clone .part.0] (Automaton.cc:195)
==267232==    by 0x13D532: addTransition (Automaton.cc:977)
==267232==    by 0x13D532: fa::Automaton::createMinimalMoore(fa::Automaton const&) (Automaton.cc:977)
==267232==    by 0x175D46: void (anonymous namespace)::testCreateMinimal_AlreadyMinimal2<fa::Automaton (*)(fa::Automaton const&)>(fa::Automaton (*)(fa::Automaton const&)) (testfa.cc:4170)
==267232==    by 0x1B622E: HandleSehExceptionsInMethodIfSupported<testing::Test, void> (gtest.cc:2631)
==267232==    by 0x1B622E: void testing::internal::HandleExceptionsInMethodIfSupported<testing::Test, void>(testing::Test*, void (testing::Test::*)(), char const*) (gtest.cc:2667)
==267232==    by 0x1AA9B5: testing::Test::Run() [clone .part.0] (gtest.cc:2706)
==267232==    by 0x1AABF1: Run (gtest.cc:2697)
==267232==    by 0x1AABF1: testing::TestInfo::Run() [clone .part.0] (gtest.cc:2885)
==267232==    by 0x1AB299: Run (gtest.cc:2858)
==267232==    by 0x1AB299: testing::TestSuite::Run() [clone .part.0] (gtest.cc:3039)
==267232==    by 0x1ABA9B: Run (gtest.cc:3018)
==267232==    by 0x1ABA9B: testing::internal::UnitTestImpl::RunAllTests() (gtest.cc:5897)
==267232==    by 0x1B667E: HandleSehExceptionsInMethodIfSupported<testing::internal::UnitTestImpl, bool> (gtest.cc:2631)
==267232==    by 0x1B667E: bool testing::internal::HandleExceptionsInMethodIfSupported<testing::internal::UnitTestImpl, bool>(testing::internal::UnitTestImpl*, bool (testing::internal::UnitTestImpl::*)(), char const*) (gtest.cc:2667)
==267232==    by 0x1AACFE: testing::UnitTest::Run() (gtest.cc:5464)
==267232==    by 0x12D35E: RUN_ALL_TESTS (gtest.h:2492)
==267232==    by 0x12D35E: main (testfa.cc:4822)
==267232== 
==267232== Conditional jump or move depends on uninitialised value(s)
==267232==    at 0x137D35: fa::Automaton::hasState(int) const (Automaton.cc:109)
==267232==    by 0x137EB7: fa::Automaton::isStateInitial(int) const (Automaton.cc:142)
==267232==    by 0x137F4B: fa::Automaton::isDeterministic() const [clone .part.0] (Automaton.cc:308)
==267232==    by 0x175D6B: void (anonymous namespace)::testCreateMinimal_AlreadyMinimal2<fa::Automaton (*)(fa::Automaton const&)>(fa::Automaton (*)(fa::Automaton const&)) (testfa.cc:4173)
==267232==    by 0x1B622E: HandleSehExceptionsInMethodIfSupported<testing::Test, void> (gtest.cc:2631)
==267232==    by 0x1B622E: void testing::internal::HandleExceptionsInMethodIfSupported<testing::Test, void>(testing::Test*, void (testing::Test::*)(), char const*) (gtest.cc:2667)
==267232==    by 0x1AA9B5: testing::Test::Run() [clone .part.0] (gtest.cc:2706)
==267232==    by 0x1AABF1: Run (gtest.cc:2697)
==267232==    by 0x1AABF1: testing::TestInfo::Run() [clone .part.0] (gtest.cc:2885)
==267232==    by 0x1AB299: Run (gtest.cc:2858)
==267232==    by 0x1AB299: testing::TestSuite::Run() [clone .part.0] (gtest.cc:3039)
==267232==    by 0x1ABA9B: Run (gtest.cc:3018)
==267232==    by 0x1ABA9B: testing::internal::UnitTestImpl::RunAllTests() (gtest.cc:5897)
==267232==    by 0x1B667E: HandleSehExceptionsInMethodIfSupported<testing::internal::UnitTestImpl, bool> (gtest.cc:2631)
==267232==    by 0x1B667E: bool testing::internal::HandleExceptionsInMethodIfSupported<testing::internal::UnitTestImpl, bool>(testing::internal::UnitTestImpl*, bool (testing::internal::UnitTestImpl::*)(), char const*) (gtest.cc:2667)
==267232==    by 0x1AACFE: testing::UnitTest::Run() (gtest.cc:5464)
==267232==    by 0x12D35E: RUN_ALL_TESTS (gtest.h:2492)
==267232==    by 0x12D35E: main (testfa.cc:4822)
==267232== 
==267232== Conditional jump or move depends on uninitialised value(s)
==267232==    at 0x137D63: _M_lower_bound (stl_tree.h:1951)
==267232==    by 0x137D63: find (stl_tree.h:2566)
==267232==    by 0x137D63: find (stl_map.h:1195)
==267232==    by 0x137D63: fa::Automaton::hasState(int) const (Automaton.cc:113)
==267232==    by 0x137EB7: fa::Automaton::isStateInitial(int) const (Automaton.cc:142)
==267232==    by 0x137F4B: fa::Automaton::isDeterministic() const [clone .part.0] (Automaton.cc:308)
==267232==    by 0x175D6B: void (anonymous namespace)::testCreateMinimal_AlreadyMinimal2<fa::Automaton (*)(fa::Automaton const&)>(fa::Automaton (*)(fa::Automaton const&)) (testfa.cc:4173)
==267232==    by 0x1B622E: HandleSehExceptionsInMethodIfSupported<testing::Test, void> (gtest.cc:2631)
==267232==    by 0x1B622E: void testing::internal::HandleExceptionsInMethodIfSupported<testing::Test, void>(testing::Test*, void (testing::Test::*)(), char const*) (gtest.cc:2667)
==267232==    by 0x1AA9B5: testing::Test::Run() [clone .part.0] (gtest.cc:2706)
==267232==    by 0x1AABF1: Run (gtest.cc:2697)
==267232==    by 0x1AABF1: testing::TestInfo::Run() [clone .part.0] (gtest.cc:2885)
==267232==    by 0x1AB299: Run (gtest.cc:2858)
==267232==    by 0x1AB299: testing::TestSuite::Run() [clone .part.0] (gtest.cc:3039)
==267232==    by 0x1ABA9B: Run (gtest.cc:3018)
==267232==    by 0x1ABA9B: testing::internal::UnitTestImpl::RunAllTests() (gtest.cc:5897)
==267232==    by 0x1B667E: HandleSehExceptionsInMethodIfSupported<testing::internal::UnitTestImpl, bool> (gtest.cc:2631)
==267232==    by 0x1B667E: bool testing::internal::HandleExceptionsInMethodIfSupported<testing::internal::UnitTestImpl, bool>(testing::internal::UnitTestImpl*, bool (testing::internal::UnitTestImpl::*)(), char const*) (gtest.cc:2667)
==267232==    by 0x1AACFE: testing::UnitTest::Run() (gtest.cc:5464)
==267232==    by 0x12D35E: RUN_ALL_TESTS (gtest.h:2492)
==267232==    by 0x12D35E: main (testfa.cc:4822)
==267232== 
==267232== Conditional jump or move depends on uninitialised value(s)
==267232==    at 0x137EBA: fa::Automaton::isStateInitial(int) const (Automaton.cc:142)
==267232==    by 0x137F4B: fa::Automaton::isDeterministic() const [clone .part.0] (Automaton.cc:308)
==267232==    by 0x175D6B: void (anonymous namespace)::testCreateMinimal_AlreadyMinimal2<fa::Automaton (*)(fa::Automaton const&)>(fa::Automaton (*)(fa::Automaton const&)) (testfa.cc:4173)
==267232==    by 0x1B622E: HandleSehExceptionsInMethodIfSupported<testing::Test, void> (gtest.cc:2631)
==267232==    by 0x1B622E: void testing::internal::HandleExceptionsInMethodIfSupported<testing::Test, void>(testing::Test*, void (testing::Test::*)(), char const*) (gtest.cc:2667)
==267232==    by 0x1AA9B5: testing::Test::Run() [clone .part.0] (gtest.cc:2706)
==267232==    by 0x1AABF1: Run (gtest.cc:2697)
==267232==    by 0x1AABF1: testing::TestInfo::Run() [clone .part.0] (gtest.cc:2885)
==267232==    by 0x1AB299: Run (gtest.cc:2858)
==267232==    by 0x1AB299: testing::TestSuite::Run() [clone .part.0] (gtest.cc:3039)
==267232==    by 0x1ABA9B: Run (gtest.cc:3018)
==267232==    by 0x1ABA9B: testing::internal::UnitTestImpl::RunAllTests() (gtest.cc:5897)
==267232==    by 0x1B667E: HandleSehExceptionsInMethodIfSupported<testing::internal::UnitTestImpl, bool> (gtest.cc:2631)
==267232==    by 0x1B667E: bool testing::internal::HandleExceptionsInMethodIfSupported<testing::internal::UnitTestImpl, bool>(testing::internal::UnitTestImpl*, bool (testing::internal::UnitTestImpl::*)(), char const*) (gtest.cc:2667)
==267232==    by 0x1AACFE: testing::UnitTest::Run() (gtest.cc:5464)
==267232==    by 0x12D35E: RUN_ALL_TESTS (gtest.h:2492)
==267232==    by 0x12D35E: main (testfa.cc:4822)
==267232== 
==267232== Conditional jump or move depends on uninitialised value(s)
==267232==    at 0x137EE3: _M_lower_bound (stl_tree.h:1951)
==267232==    by 0x137EE3: find (stl_tree.h:2566)
==267232==    by 0x137EE3: find (stl_map.h:1195)
==267232==    by 0x137EE3: fa::Automaton::isStateInitial(int) const (Automaton.cc:144)
==267232==    by 0x137F4B: fa::Automaton::isDeterministic() const [clone .part.0] (Automaton.cc:308)
==267232==    by 0x175D6B: void (anonymous namespace)::testCreateMinimal_AlreadyMinimal2<fa::Automaton (*)(fa::Automaton const&)>(fa::Automaton (*)(fa::Automaton const&)) (testfa.cc:4173)
==267232==    by 0x1B622E: HandleSehExceptionsInMethodIfSupported<testing::Test, void> (gtest.cc:2631)
==267232==    by 0x1B622E: void testing::internal::HandleExceptionsInMethodIfSupported<testing::Test, void>(testing::Test*, void (testing::Test::*)(), char const*) (gtest.cc:2667)
==267232==    by 0x1AA9B5: testing::Test::Run() [clone .part.0] (gtest.cc:2706)
==267232==    by 0x1AABF1: Run (gtest.cc:2697)
==267232==    by 0x1AABF1: testing::TestInfo::Run() [clone .part.0] (gtest.cc:2885)
==267232==    by 0x1AB299: Run (gtest.cc:2858)
==267232==    by 0x1AB299: testing::TestSuite::Run() [clone .part.0] (gtest.cc:3039)
==267232==    by 0x1ABA9B: Run (gtest.cc:3018)
==267232==    by 0x1ABA9B: testing::internal::UnitTestImpl::RunAllTests() (gtest.cc:5897)
==267232==    by 0x1B667E: HandleSehExceptionsInMethodIfSupported<testing::internal::UnitTestImpl, bool> (gtest.cc:2631)
==267232==    by 0x1B667E: bool testing::internal::HandleExceptionsInMethodIfSupported<testing::internal::UnitTestImpl, bool>(testing::internal::UnitTestImpl*, bool (testing::internal::UnitTestImpl::*)(), char const*) (gtest.cc:2667)
==267232==    by 0x1AACFE: testing::UnitTest::Run() (gtest.cc:5464)
==267232==    by 0x12D35E: RUN_ALL_TESTS (gtest.h:2492)
==267232==    by 0x12D35E: main (testfa.cc:4822)
==267232== 
==267232== Conditional jump or move depends on uninitialised value(s)
==267232==    at 0x137EFA: find (stl_tree.h:2568)
==267232==    by 0x137EFA: find (stl_map.h:1195)
==267232==    by 0x137EFA: fa::Automaton::isStateInitial(int) const (Automaton.cc:144)
==267232==    by 0x137F4B: fa::Automaton::isDeterministic() const [clone .part.0] (Automaton.cc:308)
==267232==    by 0x175D6B: void (anonymous namespace)::testCreateMinimal_AlreadyMinimal2<fa::Automaton (*)(fa::Automaton const&)>(fa::Automaton (*)(fa::Automaton const&)) (testfa.cc:4173)
==267232==    by 0x1B622E: HandleSehExceptionsInMethodIfSupported<testing::Test, void> (gtest.cc:2631)
==267232==    by 0x1B622E: void testing::internal::HandleExceptionsInMethodIfSupported<testing::Test, void>(testing::Test*, void (testing::Test::*)(), char const*) (gtest.cc:2667)
==267232==    by 0x1AA9B5: testing::Test::Run() [clone .part.0] (gtest.cc:2706)
==267232==    by 0x1AABF1: Run (gtest.cc:2697)
==267232==    by 0x1AABF1: testing::TestInfo::Run() [clone .part.0] (gtest.cc:2885)
==267232==    by 0x1AB299: Run (gtest.cc:2858)
==267232==    by 0x1AB299: testing::TestSuite::Run() [clone .part.0] (gtest.cc:3039)
==267232==    by 0x1ABA9B: Run (gtest.cc:3018)
==267232==    by 0x1ABA9B: testing::internal::UnitTestImpl::RunAllTests() (gtest.cc:5897)
==267232==    by 0x1B667E: HandleSehExceptionsInMethodIfSupported<testing::internal::UnitTestImpl, bool> (gtest.cc:2631)
==267232==    by 0x1B667E: bool testing::internal::HandleExceptionsInMethodIfSupported<testing::internal::UnitTestImpl, bool>(testing::internal::UnitTestImpl*, bool (testing::internal::UnitTestImpl::*)(), char const*) (gtest.cc:2667)
==267232==    by 0x1AACFE: testing::UnitTest::Run() (gtest.cc:5464)
==267232==    by 0x12D35E: RUN_ALL_TESTS (gtest.h:2492)
==267232==    by 0x12D35E: main (testfa.cc:4822)
==267232== 
==267232== Conditional jump or move depends on uninitialised value(s)
==267232==    at 0x137FA2: fa::Automaton::isDeterministic() const [clone .part.0] (Automaton.cc:324)
==267232==    by 0x175D6B: void (anonymous namespace)::testCreateMinimal_AlreadyMinimal2<fa::Automaton (*)(fa::Automaton const&)>(fa::Automaton (*)(fa::Automaton const&)) (testfa.cc:4173)
==267232==    by 0x1B622E: HandleSehExceptionsInMethodIfSupported<testing::Test, void> (gtest.cc:2631)
==267232==    by 0x1B622E: void testing::internal::HandleExceptionsInMethodIfSupported<testing::Test, void>(testing::Test*, void (testing::Test::*)(), char const*) (gtest.cc:2667)
==267232==    by 0x1AA9B5: testing::Test::Run() [clone .part.0] (gtest.cc:2706)
==267232==    by 0x1AABF1: Run (gtest.cc:2697)
==267232==    by 0x1AABF1: testing::TestInfo::Run() [clone .part.0] (gtest.cc:2885)
==267232==    by 0x1AB299: Run (gtest.cc:2858)
==267232==    by 0x1AB299: testing::TestSuite::Run() [clone .part.0] (gtest.cc:3039)
==267232==    by 0x1ABA9B: Run (gtest.cc:3018)
==267232==    by 0x1ABA9B: testing::internal::UnitTestImpl::RunAllTests() (gtest.cc:5897)
==267232==    by 0x1B667E: HandleSehExceptionsInMethodIfSupported<testing::internal::UnitTestImpl, bool> (gtest.cc:2631)
==267232==    by 0x1B667E: bool testing::internal::HandleExceptionsInMethodIfSupported<testing::internal::UnitTestImpl, bool>(testing::internal::UnitTestImpl*, bool (testing::internal::UnitTestImpl::*)(), char const*) (gtest.cc:2667)
==267232==    by 0x1AACFE: testing::UnitTest::Run() (gtest.cc:5464)
==267232==    by 0x12D35E: RUN_ALL_TESTS (gtest.h:2492)
==267232==    by 0x12D35E: main (testfa.cc:4822)
==267232== 
==267232== Conditional jump or move depends on uninitialised value(s)
==267232==    at 0x138482: isComplete (Automaton.cc:349)
==267232==    by 0x138482: fa::Automaton::isComplete() const (Automaton.cc:340)
==267232==    by 0x175D88: void (anonymous namespace)::testCreateMinimal_AlreadyMinimal2<fa::Automaton (*)(fa::Automaton const&)>(fa::Automaton (*)(fa::Automaton const&)) (testfa.cc:4174)
==267232==    by 0x1B622E: HandleSehExceptionsInMethodIfSupported<testing::Test, void> (gtest.cc:2631)
==267232==    by 0x1B622E: void testing::internal::HandleExceptionsInMethodIfSupported<testing::Test, void>(testing::Test*, void (testing::Test::*)(), char const*) (gtest.cc:2667)
==267232==    by 0x1AA9B5: testing::Test::Run() [clone .part.0] (gtest.cc:2706)
==267232==    by 0x1AABF1: Run (gtest.cc:2697)
==267232==    by 0x1AABF1: testing::TestInfo::Run() [clone .part.0] (gtest.cc:2885)
==267232==    by 0x1AB299: Run (gtest.cc:2858)
==267232==    by 0x1AB299: testing::TestSuite::Run() [clone .part.0] (gtest.cc:3039)
==267232==    by 0x1ABA9B: Run (gtest.cc:3018)
==267232==    by 0x1ABA9B: testing::internal::UnitTestImpl::RunAllTests() (gtest.cc:5897)
==267232==    by 0x1B667E: HandleSehExceptionsInMethodIfSupported<testing::internal::UnitTestImpl, bool> (gtest.cc:2631)
==267232==    by 0x1B667E: bool testing::internal::HandleExceptionsInMethodIfSupported<testing::internal::UnitTestImpl, bool>(testing::internal::UnitTestImpl*, bool (testing::internal::UnitTestImpl::*)(), char const*) (gtest.cc:2667)
==267232==    by 0x1AACFE: testing::UnitTest::Run() (gtest.cc:5464)
==267232==    by 0x12D35E: RUN_ALL_TESTS (gtest.h:2492)
==267232==    by 0x12D35E: main (testfa.cc:4822)
==267232== 
/home/jube/Univ/theorie_des_langages/projet/corr/2022/sandbox/testfa.cc:4175: Failure
Expected equality of these values:
  minimal.countStates()
    Which is: 1
  6u
    Which is: 6
==267232== Conditional jump or move depends on uninitialised value(s)
==267232==    at 0x13807A: fa::Automaton::isStateFinal(int) const (Automaton.cc:169)
==267232==    by 0x1390FB: fa::Automaton::match(std::__cxx11::basic_string<char, std::char_traits<char>, std::allocator<char> > const&) const (Automaton.cc:757)
==267232==    by 0x1565D1: (anonymous namespace)::checkEquivalentAutomaton(fa::Automaton const&, fa::Automaton const&, std::__cxx11::basic_string<char, std::char_traits<char>, std::allocator<char> > const&, std::mersenne_twister_engine<unsigned long, 32ul, 624ul, 397ul, 31ul, 2567483615ul, 11ul, 4294967295ul, 7ul, 2636928640ul, 15ul, 4022730752ul, 18ul, 1812433253ul>&) [clone .constprop.0] (testfa.cc:90)
==267232==    by 0x175E4F: void (anonymous namespace)::testCreateMinimal_AlreadyMinimal2<fa::Automaton (*)(fa::Automaton const&)>(fa::Automaton (*)(fa::Automaton const&)) (testfa.cc:4176)
==267232==    by 0x1B622E: HandleSehExceptionsInMethodIfSupported<testing::Test, void> (gtest.cc:2631)
==267232==    by 0x1B622E: void testing::internal::HandleExceptionsInMethodIfSupported<testing::Test, void>(testing::Test*, void (testing::Test::*)(), char const*) (gtest.cc:2667)
==267232==    by 0x1AA9B5: testing::Test::Run() [clone .part.0] (gtest.cc:2706)
==267232==    by 0x1AABF1: Run (gtest.cc:2697)
==267232==    by 0x1AABF1: testing::TestInfo::Run() [clone .part.0] (gtest.cc:2885)
==267232==    by 0x1AB299: Run (gtest.cc:2858)
==267232==    by 0x1AB299: testing::TestSuite::Run() [clone .part.0] (gtest.cc:3039)
==267232==    by 0x1ABA9B: Run (gtest.cc:3018)
==267232==    by 0x1ABA9B: testing::internal::UnitTestImpl::RunAllTests() (gtest.cc:5897)
==267232==    by 0x1B667E: HandleSehExceptionsInMethodIfSupported<testing::internal::UnitTestImpl, bool> (gtest.cc:2631)
==267232==    by 0x1B667E: bool testing::internal::HandleExceptionsInMethodIfSupported<testing::internal::UnitTestImpl, bool>(testing::internal::UnitTestImpl*, bool (testing::internal::UnitTestImpl::*)(), char const*) (gtest.cc:2667)
==267232==    by 0x1AACFE: testing::UnitTest::Run() (gtest.cc:5464)
==267232==    by 0x12D35E: RUN_ALL_TESTS (gtest.h:2492)
==267232==    by 0x12D35E: main (testfa.cc:4822)
==267232== 
==267232== Conditional jump or move depends on uninitialised value(s)
==267232==    at 0x1380A3: _M_lower_bound (stl_tree.h:1951)
==267232==    by 0x1380A3: find (stl_tree.h:2566)
==267232==    by 0x1380A3: find (stl_map.h:1195)
==267232==    by 0x1380A3: fa::Automaton::isStateFinal(int) const (Automaton.cc:171)
==267232==    by 0x1390FB: fa::Automaton::match(std::__cxx11::basic_string<char, std::char_traits<char>, std::allocator<char> > const&) const (Automaton.cc:757)
==267232==    by 0x1565D1: (anonymous namespace)::checkEquivalentAutomaton(fa::Automaton const&, fa::Automaton const&, std::__cxx11::basic_string<char, std::char_traits<char>, std::allocator<char> > const&, std::mersenne_twister_engine<unsigned long, 32ul, 624ul, 397ul, 31ul, 2567483615ul, 11ul, 4294967295ul, 7ul, 2636928640ul, 15ul, 4022730752ul, 18ul, 1812433253ul>&) [clone .constprop.0] (testfa.cc:90)
==267232==    by 0x175E4F: void (anonymous namespace)::testCreateMinimal_AlreadyMinimal2<fa::Automaton (*)(fa::Automaton const&)>(fa::Automaton (*)(fa::Automaton const&)) (testfa.cc:4176)
==267232==    by 0x1B622E: HandleSehExceptionsInMethodIfSupported<testing::Test, void> (gtest.cc:2631)
==267232==    by 0x1B622E: void testing::internal::HandleExceptionsInMethodIfSupported<testing::Test, void>(testing::Test*, void (testing::Test::*)(), char const*) (gtest.cc:2667)
==267232==    by 0x1AA9B5: testing::Test::Run() [clone .part.0] (gtest.cc:2706)
==267232==    by 0x1AABF1: Run (gtest.cc:2697)
==267232==    by 0x1AABF1: testing::TestInfo::Run() [clone .part.0] (gtest.cc:2885)
==267232==    by 0x1AB299: Run (gtest.cc:2858)
==267232==    by 0x1AB299: testing::TestSuite::Run() [clone .part.0] (gtest.cc:3039)
==267232==    by 0x1ABA9B: Run (gtest.cc:3018)
==267232==    by 0x1ABA9B: testing::internal::UnitTestImpl::RunAllTests() (gtest.cc:5897)
==267232==    by 0x1B667E: HandleSehExceptionsInMethodIfSupported<testing::internal::UnitTestImpl, bool> (gtest.cc:2631)
==267232==    by 0x1B667E: bool testing::internal::HandleExceptionsInMethodIfSupported<testing::internal::UnitTestImpl, bool>(testing::internal::UnitTestImpl*, bool (testing::internal::UnitTestImpl::*)(), char const*) (gtest.cc:2667)
==267232==    by 0x1AACFE: testing::UnitTest::Run() (gtest.cc:5464)
==267232==    by 0x12D35E: RUN_ALL_TESTS (gtest.h:2492)
==267232==    by 0x12D35E: main (testfa.cc:4822)
==267232== 
==267232== Conditional jump or move depends on uninitialised value(s)
==267232==    at 0x1380BA: find (stl_tree.h:2568)
==267232==    by 0x1380BA: find (stl_map.h:1195)
==267232==    by 0x1380BA: fa::Automaton::isStateFinal(int) const (Automaton.cc:171)
==267232==    by 0x1390FB: fa::Automaton::match(std::__cxx11::basic_string<char, std::char_traits<char>, std::allocator<char> > const&) const (Automaton.cc:757)
==267232==    by 0x1565D1: (anonymous namespace)::checkEquivalentAutomaton(fa::Automaton const&, fa::Automaton const&, std::__cxx11::basic_string<char, std::char_traits<char>, std::allocator<char> > const&, std::mersenne_twister_engine<unsigned long, 32ul, 624ul, 397ul, 31ul, 2567483615ul, 11ul, 4294967295ul, 7ul, 2636928640ul, 15ul, 4022730752ul, 18ul, 1812433253ul>&) [clone .constprop.0] (testfa.cc:90)
==267232==    by 0x175E4F: void (anonymous namespace)::testCreateMinimal_AlreadyMinimal2<fa::Automaton (*)(fa::Automaton const&)>(fa::Automaton (*)(fa::Automaton const&)) (testfa.cc:4176)
==267232==    by 0x1B622E: HandleSehExceptionsInMethodIfSupported<testing::Test, void> (gtest.cc:2631)
==267232==    by 0x1B622E: void testing::internal::HandleExceptionsInMethodIfSupported<testing::Test, void>(testing::Test*, void (testing::Test::*)(), char const*) (gtest.cc:2667)
==267232==    by 0x1AA9B5: testing::Test::Run() [clone .part.0] (gtest.cc:2706)
==267232==    by 0x1AABF1: Run (gtest.cc:2697)
==267232==    by 0x1AABF1: testing::TestInfo::Run() [clone .part.0] (gtest.cc:2885)
==267232==    by 0x1AB299: Run (gtest.cc:2858)
==267232==    by 0x1AB299: testing::TestSuite::Run() [clone .part.0] (gtest.cc:3039)
==267232==    by 0x1ABA9B: Run (gtest.cc:3018)
==267232==    by 0x1ABA9B: testing::internal::UnitTestImpl::RunAllTests() (gtest.cc:5897)
==267232==    by 0x1B667E: HandleSehExceptionsInMethodIfSupported<testing::internal::UnitTestImpl, bool> (gtest.cc:2631)
==267232==    by 0x1B667E: bool testing::internal::HandleExceptionsInMethodIfSupported<testing::internal::UnitTestImpl, bool>(testing::internal::UnitTestImpl*, bool (testing::internal::UnitTestImpl::*)(), char const*) (gtest.cc:2667)
==267232==    by 0x1AACFE: testing::UnitTest::Run() (gtest.cc:5464)
==267232==    by 0x12D35E: RUN_ALL_TESTS (gtest.h:2492)
==267232==    by 0x12D35E: main (testfa.cc:4822)
==267232== 
/home/jube/Univ/theorie_des_langages/projet/corr/2022/sandbox/testfa.cc:91: Failure
Expected equality of these values:
  refResult
    Which is: false
  sutResult
    Which is: true
Failure with: ''
[  FAILED  ] AutomatonCreateMinimalMooreTest.AlreadyMinimal2 (5 ms)
[ RUN      ] AutomatonCreateMinimalMooreTest.NotMinimal1
==267232== Conditional jump or move depends on uninitialised value(s)
==267232==    at 0x13D42E: fa::Automaton::createMinimalMoore(fa::Automaton const&) (Automaton.cc:951)
==267232==    by 0x1667D4: void (anonymous namespace)::testCreateMinimal_NotMinimal1<fa::Automaton (*)(fa::Automaton const&)>(fa::Automaton (*)(fa::Automaton const&)) (testfa.cc:4210)
==267232==    by 0x1B622E: HandleSehExceptionsInMethodIfSupported<testing::Test, void> (gtest.cc:2631)
==267232==    by 0x1B622E: void testing::internal::HandleExceptionsInMethodIfSupported<testing::Test, void>(testing::Test*, void (testing::Test::*)(), char const*) (gtest.cc:2667)
==267232==    by 0x1AA9B5: testing::Test::Run() [clone .part.0] (gtest.cc:2706)
==267232==    by 0x1AABF1: Run (gtest.cc:2697)
==267232==    by 0x1AABF1: testing::TestInfo::Run() [clone .part.0] (gtest.cc:2885)
==267232==    by 0x1AB299: Run (gtest.cc:2858)
==267232==    by 0x1AB299: testing::TestSuite::Run() [clone .part.0] (gtest.cc:3039)
==267232==    by 0x1ABA9B: Run (gtest.cc:3018)
==267232==    by 0x1ABA9B: testing::internal::UnitTestImpl::RunAllTests() (gtest.cc:5897)
==267232==    by 0x1B667E: HandleSehExceptionsInMethodIfSupported<testing::internal::UnitTestImpl, bool> (gtest.cc:2631)
==267232==    by 0x1B667E: bool testing::internal::HandleExceptionsInMethodIfSupported<testing::internal::UnitTestImpl, bool>(testing::internal::UnitTestImpl*, bool (testing::internal::UnitTestImpl::*)(), char const*) (gtest.cc:2667)
==267232==    by 0x1AACFE: testing::UnitTest::Run() (gtest.cc:5464)
==267232==    by 0x12D35E: RUN_ALL_TESTS (gtest.h:2492)
==267232==    by 0x12D35E: main (testfa.cc:4822)
==267232== 
==267232== Conditional jump or move depends on uninitialised value(s)
==267232==    at 0x13D3D8: fa::Automaton::createMinimalMoore(fa::Automaton const&) (Automaton.cc:935)
==267232==    by 0x1667D4: void (anonymous namespace)::testCreateMinimal_NotMinimal1<fa::Automaton (*)(fa::Automaton const&)>(fa::Automaton (*)(fa::Automaton const&)) (testfa.cc:4210)
==267232==    by 0x1B622E: HandleSehExceptionsInMethodIfSupported<testing::Test, void> (gtest.cc:2631)
==267232==    by 0x1B622E: void testing::internal::HandleExceptionsInMethodIfSupported<testing::Test, void>(testing::Test*, void (testing::Test::*)(), char const*) (gtest.cc:2667)
==267232==    by 0x1AA9B5: testing::Test::Run() [clone .part.0] (gtest.cc:2706)
==267232==    by 0x1AABF1: Run (gtest.cc:2697)
==267232==    by 0x1AABF1: testing::TestInfo::Run() [clone .part.0] (gtest.cc:2885)
==267232==    by 0x1AB299: Run (gtest.cc:2858)
==267232==    by 0x1AB299: testing::TestSuite::Run() [clone .part.0] (gtest.cc:3039)
==267232==    by 0x1ABA9B: Run (gtest.cc:3018)
==267232==    by 0x1ABA9B: testing::internal::UnitTestImpl::RunAllTests() (gtest.cc:5897)
==267232==    by 0x1B667E: HandleSehExceptionsInMethodIfSupported<testing::internal::UnitTestImpl, bool> (gtest.cc:2631)
==26